<?xml version="1.0" encoding="UTF-8"?>
  <testsuite tests="125" failures="4" time="3539.589190668">
      <testcase name="[sig-storage] PersistentVolumes-local [Feature:LocalPersistentVolumes] [Serial] [Volume type: gce-localssd-scsi-fs] when pod using local volume with non-existant path should not be able to mount" classname="Kubernetes e2e suite" time="0">
          <skipped></skipped>
      </testcase>
      <testcase name="[sig-cluster-lifecycle] Reboot [Disruptive] [Feature:Reboot] each node by switching off the network interface and ensure they function upon switch on" classname="Kubernetes e2e suite" time="0">
          <skipped></skipped>
      </testcase>
      <testcase name="[sig-cli] Kubectl Port forwarding [k8s.io] With a server listening on localhost [k8s.io] that expects NO client request should support a client that connects, sends DATA, and disconnects" classname="Kubernetes e2e suite" time="0">
          <skipped></skipped>
      </testcase>
      <testcase name="[sig-network] NetworkPolicy NetworkPolicy between server and client should enforce policy based on Ports [Feature:NetworkPolicy]" classname="Kubernetes e2e suite" time="0">
          <skipped></skipped>
      </testcase>
      <testcase name="[sig-network] Services should be able to create an internal type load balancer [Slow] [DisabledForLargeClusters]" classname="Kubernetes e2e suite" time="0">
          <skipped></skipped>
      </testcase>
      <testcase name="[sig-api-machinery] Servers with support for Table transformation should return chunks of table results for list calls" classname="Kubernetes e2e suite" time="0">
          <skipped></skipped>
      </testcase>
      <testcase name="[sig-storage] Secrets should be consumable from pods in volume with defaultMode set  [Conformance]" classname="Kubernetes e2e suite" time="12.496772617"></testcase>
      <testcase name="[sig-api-machinery] Garbage collector should orphan RS created by deployment when deleteOptions.OrphanDependents is true" classname="Kubernetes e2e suite" time="0">
          <skipped></skipped>
      </testcase>
      <testcase name="[sig-storage] Volumes vsphere [Feature:Volumes] should be mountable" classname="Kubernetes e2e suite" time="0">
          <skipped></skipped>
      </testcase>
      <testcase name="[k8s.io] Pods should be submitted and removed  [Conformance]" classname="Kubernetes e2e suite" time="61.300730537"></testcase>
      <testcase name="[sig-apps] Job should run a job to completion when tasks sometimes fail and are locally restarted" classname="Kubernetes e2e suite" time="0">
          <skipped></skipped>
      </testcase>
      <testcase name="[sig-storage] Downward API volume should provide podname as non-root with fsgroup and defaultMode [Feature:FSGroup]" classname="Kubernetes e2e suite" time="0">
          <skipped></skipped>
      </testcase>
      <testcase name="[sig-autoscaling] Cluster size autoscaling [Slow] should scale down when expendable pod is running [Feature:ClusterSizeAutoscalingScaleDown]" classname="Kubernetes e2e suite" time="0">
          <skipped></skipped>
      </testcase>
      <testcase name="[sig-apps] DaemonRestart [Disruptive] Controller Manager should not create/delete replicas across restart" classname="Kubernetes e2e suite" time="0">
          <skipped></skipped>
      </testcase>
      <testcase name="[sig-storage] PersistentVolumes NFS with Single PV - PVC pairs create a PVC and non-pre-bound PV: test write access" classname="Kubernetes e2e suite" time="0">
          <skipped></skipped>
      </testcase>
      <testcase name="[k8s.io] [Feature:Example] [k8s.io] Redis should create and stop redis servers" classname="Kubernetes e2e suite" time="0">
          <skipped></skipped>
      </testcase>
      <testcase name="[sig-apps] Network Partition [Disruptive] [Slow] [k8s.io] [StatefulSet] should not reschedule stateful pods if there is a network partition [Slow] [Disruptive]" classname="Kubernetes e2e suite" time="0">
          <skipped></skipped>
      </testcase>
      <testcase name="[sig-api-machinery] Servers with support for API chunking should return chunks of results for list calls" classname="Kubernetes e2e suite" time="0">
          <skipped></skipped>
      </testcase>
      <testcase name="[sig-apps] ReplicationController should surface a failure condition on a common issue like exceeded quota" classname="Kubernetes e2e suite" time="0">
          <skipped></skipped>
      </testcase>
      <testcase name="[sig-storage] Storage Policy Based Volume Provisioning [Feature:vsphere] verify VSAN storage capability with valid diskStripes and objectSpaceReservation values is honored for dynamically provisioned pvc using storageclass" classname="Kubernetes e2e suite" time="0">
          <skipped></skipped>
      </testcase>
      <testcase name="[sig-apps] DisruptionController evictions: too few pods, replicaSet, percentage =&gt; should not allow an eviction" classname="Kubernetes e2e suite" time="0">
          <skipped></skipped>
      </testcase>
      <testcase name="[sig-cluster-lifecycle] [Feature:BootstrapTokens] should resign the bootstrap tokens when the clusterInfo ConfigMap updated [Serial][Disruptive]" classname="Kubernetes e2e suite" time="0">
          <skipped></skipped>
      </testcase>
      <testcase name="[sig-storage] Dynamic Provisioning DynamicProvisioner should provision storage with non-default reclaim policy Retain" classname="Kubernetes e2e suite" time="0">
          <skipped></skipped>
      </testcase>
      <testcase name="[sig-apps] CronJob should not schedule new jobs when ForbidConcurrent [Slow]" classname="Kubernetes e2e suite" time="0">
          <skipped></skipped>
      </testcase>
      <testcase name="[sig-storage] PersistentVolumes[Disruptive][Flaky] when kubelet restarts Should test that a file written to the mount before kubelet restart is readable after restart." classname="Kubernetes e2e suite" time="0">
          <skipped></skipped>
      </testcase>
      <testcase name="[sig-scalability] Load capacity [Feature:ManualPerformance] should be able to handle 30 pods per node { Random} with 0 secrets, 0 configmaps and 0 daemons" classname="Kubernetes e2e suite" time="0">
          <skipped></skipped>
      </testcase>
      <testcase name="[sig-autoscaling] Cluster size autoscaling [Slow] shouldn&#39;t scale up if cores limit too low, should scale up after limit is changed [Feature:ClusterSizeAutoscalingScaleWithNAP]" classname="Kubernetes e2e suite" time="0">
          <skipped></skipped>
      </testcase>
      <testcase name="[sig-storage] EmptyDir volumes should support (root,0666,tmpfs) [Conformance]" classname="Kubernetes e2e suite" time="6.367261093"></testcase>
      <testcase name="[sig-network] Loadbalancing: L7 [Slow] Nginx should conform to Ingress spec" classname="Kubernetes e2e suite" time="0">
          <skipped></skipped>
      </testcase>
      <testcase name="[sig-cli] Kubectl Port forwarding [k8s.io] With a server listening on localhost [k8s.io] that expects a client request should support a client that connects, sends DATA, and disconnects" classname="Kubernetes e2e suite" time="0">
          <skipped></skipped>
      </testcase>
      <testcase name="[sig-network] Services should be able to change the type from ExternalName to NodePort" classname="Kubernetes e2e suite" time="0">
          <skipped></skipped>
      </testcase>
      <testcase name="[sig-storage] Storage Policy Based Volume Provisioning [Feature:vsphere] verify VSAN storage capability with invalid diskStripes value is not honored for dynamically provisioned pvc using storageclass" classname="Kubernetes e2e suite" time="0">
          <skipped></skipped>
      </testcase>
      <testcase name="[sig-api-machinery] Secrets should be consumable from pods in env vars  [Conformance]" classname="Kubernetes e2e suite" time="12.310238996"></testcase>
      <testcase name="[sig-storage] Downward API volume should provide node allocatable (cpu) as default cpu limit if the limit is not set  [Conformance]" classname="Kubernetes e2e suite" time="6.286018721"></testcase>
      <testcase name="[sig-storage] PersistentVolumes [Feature:ReclaimPolicy] [sig-storage] persistentvolumereclaim:vsphere should not detach and unmount PV when associated pvc with delete as reclaimPolicy is deleted when it is in use by the pod" classname="Kubernetes e2e suite" time="0">
          <skipped></skipped>
      </testcase>
      <testcase name="[sig-cli] Kubectl Port forwarding [k8s.io] With a server listening on 0.0.0.0 [k8s.io] that expects NO client request should support a client that connects, sends DATA, and disconnects" classname="Kubernetes e2e suite" time="0">
          <skipped></skipped>
      </testcase>
      <testcase name="[sig-scheduling] SchedulerPredicates [Serial] validates that there is no conflict between pods with same hostPort but different hostIP and protocol" classname="Kubernetes e2e suite" time="0">
          <skipped></skipped>
      </testcase>
      <testcase name="[sig-network] Services should use same NodePort with same port but different protocols" classname="Kubernetes e2e suite" time="0">
          <skipped></skipped>
      </testcase>
      <testcase name="[k8s.io] Sysctls should support unsafe sysctls which are actually whitelisted" classname="Kubernetes e2e suite" time="0">
          <skipped></skipped>
      </testcase>
      <testcase name="[sig-storage] Volume plugin streaming [Slow] Ceph-RBD [Feature:Volumes] should write files of various sizes, verify size, validate content" classname="Kubernetes e2e suite" time="0">
          <skipped></skipped>
      </testcase>
      <testcase name="[sig-autoscaling] Cluster size autoscaling [Slow] should increase cluster size if pending pods are small [Feature:ClusterSizeAutoscalingScaleUp]" classname="Kubernetes e2e suite" time="0">
          <skipped></skipped>
      </testcase>
      <testcase name="[sig-storage] Storage Policy Based Volume Provisioning [Feature:vsphere] verify VSAN storage capability with valid diskStripes and objectSpaceReservation values and a VSAN datastore is honored for dynamically provisioned pvc using storageclass" classname="Kubernetes e2e suite" time="0">
          <skipped></skipped>
      </testcase>
      <testcase name="[sig-api-machinery] ConfigMap should be consumable via the environment  [Conformance]" classname="Kubernetes e2e suite" time="6.366847794"></testcase>
      <testcase name="[sig-storage] Volume Placement test back to back pod creation and deletion with different volume sources on the same worker node" classname="Kubernetes e2e suite" time="0">
          <skipped></skipped>
      </testcase>
      <testcase name="[sig-network] Services should be able to change the type from ExternalName to ClusterIP" classname="Kubernetes e2e suite" time="0">
          <skipped></skipped>
      </testcase>
      <testcase name="[sig-network] NetworkPolicy NetworkPolicy between server and client should support allow-all policy [Feature:NetworkPolicy]" classname="Kubernetes e2e suite" time="0">
          <skipped></skipped>
      </testcase>
      <testcase name="[k8s.io] [Feature:Example] [k8s.io] Hazelcast should create and scale hazelcast" classname="Kubernetes e2e suite" time="0">
          <skipped></skipped>
      </testcase>
      <testcase name="[sig-instrumentation] Monitoring should verify monitoring pods and all cluster nodes are available on influxdb using heapster." classname="Kubernetes e2e suite" time="0">
          <skipped></skipped>
      </testcase>
      <testcase name="[sig-storage] Dynamic Provisioning DynamicProvisioner should not provision a volume in an unmanaged GCE zone. [Slow]" classname="Kubernetes e2e suite" time="0">
          <skipped></skipped>
      </testcase>
      <testcase name="[sig-apps] Network Partition [Disruptive] [Slow] [k8s.io] [Job] should create new pods when node is partitioned" classname="Kubernetes e2e suite" time="0">
          <skipped></skipped>
      </testcase>
      <testcase name="[sig-storage] Volume plugin streaming [Slow] iSCSI [Feature:Volumes] should write files of various sizes, verify size, validate content" classname="Kubernetes e2e suite" time="0">
          <skipped></skipped>
      </testcase>
      <testcase name="[sig-apps] Deployment deployment should support rollover" classname="Kubernetes e2e suite" time="0">
          <skipped></skipped>
      </testcase>
      <testcase name="[sig-storage] [Serial] Volume metrics should create prometheus metrics for volume provisioning and attach/detach" classname="Kubernetes e2e suite" time="0">
          <skipped></skipped>
      </testcase>
      <testcase name="[sig-cluster-lifecycle] Node Auto Repairs [Slow] [Disruptive] should repair node [Feature:NodeAutoRepairs]" classname="Kubernetes e2e suite" time="0">
          <skipped></skipped>
      </testcase>
      <testcase name="[sig-api-machinery] Initializers [Feature:Initializers] will be set to nil if a patch removes the last pending initializer" classname="Kubernetes e2e suite" time="0">
          <skipped></skipped>
      </testcase>
      <testcase name="[sig-storage] Storage Policy Based Volume Provisioning [Feature:vsphere] verify VSAN storage capability with invalid capability name objectSpaceReserve is not honored for dynamically provisioned pvc using storageclass" classname="Kubernetes e2e suite" time="0">
          <skipped></skipped>
      </testcase>
      <testcase name="[sig-api-machinery] Namespaces [Serial] should always delete fast (ALL of 100 namespaces in 150 seconds) [Feature:ComprehensiveNamespaceDraining]" classname="Kubernetes e2e suite" time="0">
          <skipped></skipped>
      </testcase>
      <testcase name="[sig-storage] Volume FStype [Feature:vsphere] verify fstype - ext3 formatted volume" classname="Kubernetes e2e suite" time="0">
          <skipped></skipped>
      </testcase>
      <testcase name="[k8s.io] Probing container should *not* be restarted with a /healthz http liveness probe  [Conformance]" classname="Kubernetes e2e suite" time="128.519840627"></testcase>
      <testcase name="[sig-storage] Dynamic Provisioning DynamicProvisioner Default should create and delete default persistent volumes [Slow]" classname="Kubernetes e2e suite" time="0">
          <skipped></skipped>
      </testcase>
      <testcase name="[sig-storage] Projected should be consumable from pods in volume with defaultMode set [Conformance]" classname="Kubernetes e2e suite" time="6.292426755"></testcase>
      <testcase name="[sig-network] DNS should provide DNS for pods for Hostname and Subdomain" classname="Kubernetes e2e suite" time="0">
          <skipped></skipped>
      </testcase>
      <testcase name="[sig-autoscaling] Cluster size autoscaling [Slow] Should be able to scale a node group up from 0[Feature:ClusterSizeAutoscalingScaleUp]" classname="Kubernetes e2e suite" time="0">
          <skipped></skipped>
      </testcase>
      <testcase name="[sig-scheduling] SchedulerPredicates [Serial] validates that NodeAffinity is respected if not matching" classname="Kubernetes e2e suite" time="0">
          <skipped></skipped>
      </testcase>
      <testcase name="[sig-apps] Daemon set [Serial] should run and stop complex daemon" classname="Kubernetes e2e suite" time="0">
          <skipped></skipped>
      </testcase>
      <testcase name="[sig-scalability] Empty [Feature:Empty] starts a pod" classname="Kubernetes e2e suite" time="0">
          <skipped></skipped>
      </testcase>
      <testcase name="[sig-apps] Network Partition [Disruptive] [Slow] [k8s.io] Pods should be evicted from unready Node [Feature:TaintEviction] All pods on the unreachable node should be marked as NotReady upon the node turn NotReady AND all pods should be evicted after eviction timeout passes" classname="Kubernetes e2e suite" time="0">
          <skipped></skipped>
      </testcase>
      <testcase name="[sig-storage] Projected should be consumable from pods in volume with mappings [Conformance]" classname="Kubernetes e2e suite" time="6.32535812"></testcase>
      <testcase name="[sig-api-machinery] Namespaces [Serial] should ensure that all services are removed when a namespace is deleted." classname="Kubernetes e2e suite" time="0">
          <skipped></skipped>
      </testcase>
      <testcase name="[sig-scheduling] ResourceQuota should create a ResourceQuota and capture the life of a replica set." classname="Kubernetes e2e suite" time="0">
          <skipped></skipped>
      </testcase>
      <testcase name="[sig-apps] StatefulSet [k8s.io] Basic StatefulSet functionality [StatefulSetBasic] should have a working scale subresource" classname="Kubernetes e2e suite" time="0">
          <skipped></skipped>
      </testcase>
      <testcase name="[sig-autoscaling] DNS horizontal autoscaling kube-dns-autoscaler should scale kube-dns pods in both nonfaulty and faulty scenarios" classname="Kubernetes e2e suite" time="0">
          <skipped></skipped>
      </testcase>
      <testcase name="[sig-storage] EmptyDir wrapper volumes should not conflict" classname="Kubernetes e2e suite" time="0">
          <skipped></skipped>
      </testcase>
      <testcase name="[k8s.io] Docker Containers should be able to override the image&#39;s default arguments (docker cmd)  [Conformance]" classname="Kubernetes e2e suite" time="12.306621734"></testcase>
      <testcase name="[k8s.io] [sig-node] Security Context [Feature:SecurityContext] should support pod.Spec.SecurityContext.SupplementalGroups" classname="Kubernetes e2e suite" time="0">
          <skipped></skipped>
      </testcase>
      <testcase name="[sig-storage] Projected should be consumable from pods in volume as non-root with defaultMode and fsGroup set [Feature:FSGroup]" classname="Kubernetes e2e suite" time="0">
          <skipped></skipped>
      </testcase>
      <testcase name="[sig-storage] EmptyDir volumes should support (root,0644,default) [Conformance]" classname="Kubernetes e2e suite" time="6.304481024"></testcase>
      <testcase name="[sig-api-machinery] Garbage collector should orphan pods created by rc if deleteOptions.OrphanDependents is nil" classname="Kubernetes e2e suite" time="0">
          <skipped></skipped>
      </testcase>
      <testcase name="[sig-storage] PersistentVolumes-local [Feature:LocalPersistentVolumes] [Serial] when StatefulSet has pod anti-affinity should use volumes spread across nodes" classname="Kubernetes e2e suite" time="0">
          <skipped></skipped>
      </testcase>
      <testcase name="[sig-storage] Volumes Ceph RBD [Feature:Volumes] should be mountable" classname="Kubernetes e2e suite" time="0">
          <skipped></skipped>
      </testcase>
      <testcase name="[sig-autoscaling] Cluster size autoscaling [Slow] should increase cluster size if pods are pending due to pod anti-affinity [Feature:ClusterSizeAutoscalingScaleUp]" classname="Kubernetes e2e suite" time="0">
          <skipped></skipped>
      </testcase>
      <testcase name="[k8s.io] [sig-node] Pod garbage collector [Feature:PodGarbageCollector] [Slow] should handle the creation of 1000 pods" classname="Kubernetes e2e suite" time="0">
          <skipped></skipped>
      </testcase>
      <testcase name="[sig-storage] Projected optional updates should be reflected in volume [Conformance]" classname="Kubernetes e2e suite" time="90.758106547"></testcase>
      <testcase name="[sig-storage] HostPath should support existing single file subPath" classname="Kubernetes e2e suite" time="0">
          <skipped></skipped>
      </testcase>
      <testcase name="[sig-storage] Storage Policy Based Volume Provisioning [Feature:vsphere] verify an existing and compatible SPBM policy is honored for dynamically provisioned pvc using storageclass" classname="Kubernetes e2e suite" time="0">
          <skipped></skipped>
      </testcase>
      <testcase name="[sig-cli] Kubectl client [k8s.io] Simple pod should support inline execution and attach" classname="Kubernetes e2e suite" time="0">
          <skipped></skipped>
      </testcase>
      <testcase name="[sig-scalability] Load capacity [Feature:Performance] should be able to handle 30 pods per node { ReplicationController} with 0 secrets, 0 configmaps and 0 daemons" classname="Kubernetes e2e suite" time="0">
          <skipped></skipped>
      </testcase>
      <testcase name="[sig-storage] Volume FStype [Feature:vsphere] verify fstype - default value should be ext4" classname="Kubernetes e2e suite" time="0">
          <skipped></skipped>
      </testcase>
      <testcase name="[sig-network] Services should work after restarting apiserver [Disruptive]" classname="Kubernetes e2e suite" time="0">
          <skipped></skipped>
      </testcase>
      <testcase name="[sig-network] Networking Granular Checks: Services [Slow] should function for pod-Service: http" classname="Kubernetes e2e suite" time="0">
          <skipped></skipped>
      </testcase>
      <testcase name="[sig-cli] Kubectl client [k8s.io] Kubectl describe should check if kubectl describe prints relevant information for rc and pods  [Conformance]" classname="Kubernetes e2e suite" time="0">
          <skipped></skipped>
      </testcase>
      <testcase name="[sig-network] Networking Granular Checks: Services [Slow] should function for client IP based session affinity: http" classname="Kubernetes e2e suite" time="0">
          <skipped></skipped>
      </testcase>
      <testcase name="[sig-apps] CronJob should remove from active list jobs that have been deleted" classname="Kubernetes e2e suite" time="0">
          <skipped></skipped>
      </testcase>
      <testcase name="[sig-storage] EmptyDir volumes should support (non-root,0777,tmpfs) [Conformance]" classname="Kubernetes e2e suite" time="12.312721273"></testcase>
      <testcase name="[sig-network] Loadbalancing: L7 GCE [Slow] [Feature:NEG] should conform to Ingress spec" classname="Kubernetes e2e suite" time="0">
          <skipped></skipped>
      </testcase>
      <testcase name="[k8s.io] [sig-node] kubelet [k8s.io] [sig-node] Clean up pods on node kubelet should be able to delete 10 pods per node in 1m0s." classname="Kubernetes e2e suite" time="0">
          <skipped></skipped>
      </testcase>
      <testcase name="[sig-cli] Kubectl Port forwarding [k8s.io] With a server listening on localhost [k8s.io] that expects a client request should support a client that connects, sends NO DATA, and disconnects" classname="Kubernetes e2e suite" time="0">
          <skipped></skipped>
      </testcase>
      <testcase name="[sig-storage] Volume Provisioning on Datastore [Feature:vsphere] verify dynamically provisioned pv using storageclass fails on an invalid datastore" classname="Kubernetes e2e suite" time="0">
          <skipped></skipped>
      </testcase>
      <testcase name="[sig-storage] Projected should be consumable in multiple volumes in the same pod [Conformance]" classname="Kubernetes e2e suite" time="6.371094014"></testcase>
      <testcase name="[sig-storage] Pod Disks schedule pods each with a PD, delete pod and verify detach [Slow] for RW PD with pod delete grace period of &#34;default (30s)&#34;" classname="Kubernetes e2e suite" time="0">
          <skipped></skipped>
      </testcase>
      <testcase name="[sig-storage] Storage Policy Based Volume Provisioning [Feature:vsphere] verify an if a SPBM policy and VSAN capabilities cannot be honored for dynamically provisioned pvc using storageclass" classname="Kubernetes e2e suite" time="0">
          <skipped></skipped>
      </testcase>
      <testcase name="[sig-scheduling] LimitRange should create a LimitRange with defaults and ensure pod has those defaults applied." classname="Kubernetes e2e suite" time="0">
          <skipped></skipped>
      </testcase>
      <testcase name="[sig-apps] StatefulSet [k8s.io] Basic StatefulSet functionality [StatefulSetBasic] should provide basic identity" classname="Kubernetes e2e suite" time="0">
          <skipped></skipped>
      </testcase>
      <testcase name="[sig-storage] Projected should be able to mount in a volume regardless of a different secret existing with same name in different namespace" classname="Kubernetes e2e suite" time="0">
          <skipped></skipped>
      </testcase>
      <testcase name="[sig-apps] StatefulSet [k8s.io] Basic StatefulSet functionality [StatefulSetBasic] Scaling should happen in predictable order and halt if any stateful pod is unhealthy" classname="Kubernetes e2e suite" time="0">
          <skipped></skipped>
      </testcase>
      <testcase name="[sig-scalability] Density [Feature:ManualPerformance] should allow starting 50 pods per node using { ReplicationController} with 0 secrets, 0 configmaps and 0 daemons" classname="Kubernetes e2e suite" time="0">
          <skipped></skipped>
      </testcase>
      <testcase name="[sig-storage] EmptyDir volumes should support (non-root,0666,tmpfs) [Conformance]" classname="Kubernetes e2e suite" time="6.326107153"></testcase>
      <testcase name="[sig-storage] Dynamic Provisioning DynamicProvisioner Default should be disabled by removing the default annotation[Slow] [Serial] [Disruptive]" classname="Kubernetes e2e suite" time="0">
          <skipped></skipped>
      </testcase>
      <testcase name="[sig-network] DNS should provide DNS for ExternalName services" classname="Kubernetes e2e suite" time="0">
          <skipped></skipped>
      </testcase>
      <testcase name="[sig-cli] Kubectl client [k8s.io] Kubectl apply should apply a new configuration to an existing RC" classname="Kubernetes e2e suite" time="0">
          <skipped></skipped>
      </testcase>
      <testcase name="[sig-cluster-lifecycle] Reboot [Disruptive] [Feature:Reboot] each node by ordering clean reboot and ensure they function upon restart" classname="Kubernetes e2e suite" time="0">
          <skipped></skipped>
      </testcase>
      <testcase name="[sig-scheduling] ResourceQuota should create a ResourceQuota and capture the life of a pod." classname="Kubernetes e2e suite" time="0">
          <skipped></skipped>
      </testcase>
      <testcase name="[sig-autoscaling] Cluster size autoscaling [Slow] should scale up when non expendable pod is created [Feature:ClusterSizeAutoscalingScaleUp]" classname="Kubernetes e2e suite" time="0">
          <skipped></skipped>
      </testcase>
      <testcase name="[sig-apps] DisruptionController evictions: maxUnavailable allow single eviction, percentage =&gt; should allow an eviction" classname="Kubernetes e2e suite" time="0">
          <skipped></skipped>
      </testcase>
      <testcase name="[sig-api-machinery] Servers with support for Table transformation should return generic metadata details across all namespaces for nodes" classname="Kubernetes e2e suite" time="0">
          <skipped></skipped>
      </testcase>
      <testcase name="[k8s.io] [sig-node] kubelet [k8s.io] [sig-node] host cleanup with volume mounts [sig-storage][HostCleanup][Flaky] Host cleanup after disrupting NFS volume [NFS] after stopping the nfs-server and deleting the (sleeping) client pod, the NFS mount and the pod&#39;s UID directory should be removed." classname="Kubernetes e2e suite" time="0">
          <skipped></skipped>
      </testcase>
      <testcase name="[sig-api-machinery] Etcd failure [Disruptive] should recover from SIGKILL" classname="Kubernetes e2e suite" time="0">
          <skipped></skipped>
      </testcase>
      <testcase name="[sig-storage] Downward API volume should provide container&#39;s memory request  [Conformance]" classname="Kubernetes e2e suite" time="6.340019768"></testcase>
      <testcase name="[sig-apps] Deployment RollingUpdateDeployment should delete old pods and create new ones" classname="Kubernetes e2e suite" time="0">
          <skipped></skipped>
      </testcase>
      <testcase name="[k8s.io] Variable Expansion should allow composing env vars into new env vars  [Conformance]" classname="Kubernetes e2e suite" time="6.3440111120000005"></testcase>
      <testcase name="[sig-network] Services should preserve source pod IP for traffic thru service cluster IP" classname="Kubernetes e2e suite" time="0">
          <skipped></skipped>
      </testcase>
      <testcase name="[sig-network] Networking Granular Checks: Services [Slow] should function for endpoint-Service: http" classname="Kubernetes e2e suite" time="0">
          <skipped></skipped>
      </testcase>
      <testcase name="[sig-storage] Secrets should be consumable from pods in volume with mappings and Item Mode set  [Conformance]" classname="Kubernetes e2e suite" time="6.341863639"></testcase>
      <testcase name="[sig-api-machinery] Garbage collector should orphan pods created by rc if delete options say so" classname="Kubernetes e2e suite" time="0">
          <skipped></skipped>
      </testcase>
      <testcase name="[sig-api-machinery] Servers with support for Table transformation should return pod details" classname="Kubernetes e2e suite" time="0">
          <skipped></skipped>
      </testcase>
      <testcase name="[sig-scheduling] ResourceQuota should create a ResourceQuota and capture the life of a persistent volume claim. [sig-storage]" classname="Kubernetes e2e suite" time="0">
          <skipped></skipped>
      </testcase>
      <testcase name="[sig-storage] Projected should be consumable from pods in volume with mappings and Item mode set [Conformance]" classname="Kubernetes e2e suite" time="6.381523429"></testcase>
      <testcase name="[sig-apps] StatefulSet [k8s.io] Basic StatefulSet functionality [StatefulSetBasic] should not deadlock when a pod&#39;s predecessor fails" classname="Kubernetes e2e suite" time="0">
          <skipped></skipped>
      </testcase>
      <testcase name="[sig-cli] Kubectl client [k8s.io] Kubectl label should update the label on a resource  [Conformance]" classname="Kubernetes e2e suite" time="0">
          <skipped></skipped>
      </testcase>
      <testcase name="[sig-storage] Volume Placement should create and delete pod with the same volume source on the same worker node" classname="Kubernetes e2e suite" time="0">
          <skipped></skipped>
      </testcase>
      <testcase name="[sig-scheduling] SchedulerPredicates [Serial] validates that NodeSelector is respected if not matching  [Conformance]" classname="Kubernetes e2e suite" time="83.313442614"></testcase>
      <testcase name="[k8s.io] InitContainer should not start app containers and fail the pod if init containers fail on a RestartNever pod" classname="Kubernetes e2e suite" time="0">
          <skipped></skipped>
      </testcase>
      <testcase name="[sig-scheduling] ResourceQuota should verify ResourceQuota with best effort scope." classname="Kubernetes e2e suite" time="0">
          <skipped></skipped>
      </testcase>
      <testcase name="[sig-storage] Volumes PD should be mountable with ext3" classname="Kubernetes e2e suite" time="0">
          <skipped></skipped>
      </testcase>
      <testcase name="[sig-network] Services should be able to change the type from NodePort to ExternalName" classname="Kubernetes e2e suite" time="0">
          <skipped></skipped>
      </testcase>
      <testcase name="[sig-cli] Kubectl client [k8s.io] Kubectl run CronJob should create a CronJob" classname="Kubernetes e2e suite" time="0">
          <skipped></skipped>
      </testcase>
      <testcase name="[sig-autoscaling] Cluster size autoscaling [Slow] should be able to scale down when rescheduling a pod is required and pdb allows for it[Feature:ClusterSizeAutoscalingScaleDown]" classname="Kubernetes e2e suite" time="0">
          <skipped></skipped>
      </testcase>
      <testcase name="[sig-api-machinery] Garbage collector should not delete dependents that have both valid owner and owner that&#39;s waiting for dependents to be deleted" classname="Kubernetes e2e suite" time="0">
          <skipped></skipped>
      </testcase>
      <testcase name="[sig-network] Services should create endpoints for unready pods" classname="Kubernetes e2e suite" time="0">
          <skipped></skipped>
      </testcase>
      <testcase name="[sig-apps] ReplicaSet should adopt matching pods on creation and release no longer matching pods" classname="Kubernetes e2e suite" time="0">
          <skipped></skipped>
      </testcase>
      <testcase name="[k8s.io] LimitRange should create a LimitRange with default ephemeral storage and ensure pod has the default applied." classname="Kubernetes e2e suite" time="0">
          <skipped></skipped>
      </testcase>
      <testcase name="[sig-storage] PersistentVolumes:vsphere should test that deleting the PV before the pod does not cause pod deletion to fail on vspehre volume detach" classname="Kubernetes e2e suite" time="0">
          <skipped></skipped>
      </testcase>
      <testcase name="[sig-storage] PersistentVolumes-local [Feature:LocalPersistentVolumes] [Serial] [Volume type: tmpfs] when two pods mount a local volume one after the other should be able to write from pod1 and read from pod2" classname="Kubernetes e2e suite" time="0">
          <skipped></skipped>
      </testcase>
      <testcase name="[sig-storage] Node Poweroff [Feature:vsphere] [Slow] [Disruptive] verify volume status after node power off" classname="Kubernetes e2e suite" time="0">
          <skipped></skipped>
      </testcase>
      <testcase name="[sig-network] Networking Granular Checks: Pods should function for intra-pod communication: http  [Conformance]" classname="Kubernetes e2e suite" time="52.48929664"></testcase>
      <testcase name="[sig-api-machinery] Initializers [Feature:Initializers] don&#39;t cause replicaset controller creating extra pods if the initializer is not handled [Serial]" classname="Kubernetes e2e suite" time="0">
          <skipped></skipped>
      </testcase>
      <testcase name="[sig-autoscaling] Cluster size autoscaling [Slow] shouldn&#39;t be able to scale down when rescheduling a pod is required, but pdb doesn&#39;t allow drain[Feature:ClusterSizeAutoscalingScaleDown]" classname="Kubernetes e2e suite" time="0">
          <skipped></skipped>
      </testcase>
      <testcase name="[k8s.io] Pods should be updated  [Conformance]" classname="Kubernetes e2e suite" time="22.834018053"></testcase>
      <testcase name="[k8s.io] Downward API [Serial] [Disruptive] Downward API tests for local ephemeral storage should provide default limits.ephemeral-storage from node allocatable" classname="Kubernetes e2e suite" time="0">
          <skipped></skipped>
      </testcase>
      <testcase name="[sig-cli] Kubectl client [k8s.io] Kubectl run --rm job should create a job from an image, then delete the job  [Conformance]" classname="Kubernetes e2e suite" time="0">
          <skipped></skipped>
      </testcase>
      <testcase name="[sig-apps] Job should run a job to completion when tasks sometimes fail and are not locally restarted" classname="Kubernetes e2e suite" time="0">
          <skipped></skipped>
      </testcase>
      <testcase name="[sig-apps] Job should exceed backoffLimit" classname="Kubernetes e2e suite" time="0">
          <skipped></skipped>
      </testcase>
      <testcase name="[sig-storage] Pod Disks schedule a pod w/ RW PD(s) mounted to 1 or more containers, write to PD, verify content, delete pod, and repeat in rapid succession [Slow] using 4 containers and 1 PDs" classname="Kubernetes e2e suite" time="0">
          <skipped></skipped>
      </testcase>
      <testcase name="[sig-storage] Volume Placement should create and delete pod with the same volume source attach/detach to different worker nodes" classname="Kubernetes e2e suite" time="0">
          <skipped></skipped>
      </testcase>
      <testcase name="[sig-storage] PersistentVolumes NFS with Single PV - PVC pairs should create a non-pre-bound PV and PVC: test write access " classname="Kubernetes e2e suite" time="0">
          <skipped></skipped>
      </testcase>
      <testcase name="[sig-storage] Downward API volume should update annotations on modification  [Conformance]" classname="Kubernetes e2e suite" time="28.934897216"></testcase>
      <testcase name="[sig-scalability] Density [Feature:ManualPerformance] should allow starting 30 pods per node using {batch Job} with 0 secrets, 0 configmaps and 0 daemons" classname="Kubernetes e2e suite" time="0">
          <skipped></skipped>
      </testcase>
      <testcase name="[sig-api-machinery] Secrets should be consumable via the environment  [Conformance]" classname="Kubernetes e2e suite" time="12.443384117"></testcase>
      <testcase name="[sig-apps] CronJob should delete successful finished jobs with limit of one successful job" classname="Kubernetes e2e suite" time="0">
          <skipped></skipped>
      </testcase>
      <testcase name="[sig-api-machinery] Downward API should provide container&#39;s limits.cpu/memory and requests.cpu/memory as env vars  [Conformance]" classname="Kubernetes e2e suite" time="14.322363312"></testcase>
      <testcase name="[k8s.io] [Feature:Example] [k8s.io] Secret should create a pod that reads a secret" classname="Kubernetes e2e suite" time="0">
          <skipped></skipped>
      </testcase>
      <testcase name="[sig-network] NoSNAT [Feature:NoSNAT] [Slow] Should be able to send traffic between Pods without SNAT" classname="Kubernetes e2e suite" time="0">
          <skipped></skipped>
      </testcase>
      <testcase name="[sig-storage] Projected should set mode on item file [Conformance]" classname="Kubernetes e2e suite" time="6.283296005"></testcase>
      <testcase name="[sig-storage] PersistentVolumes NFS with multiple PVs and PVCs all in same ns should create 4 PVs and 2 PVCs: test write access [Slow]" classname="Kubernetes e2e suite" time="0">
          <skipped></skipped>
      </testcase>
      <testcase name="[sig-storage] Projected should be consumable in multiple volumes in a pod [Conformance]" classname="Kubernetes e2e suite" time="6.320402176"></testcase>
      <testcase name="[sig-storage] PersistentVolumes:vsphere should test that a vspehre volume mounted to a pod that is deleted while the kubelet is down unmounts when the kubelet returns [Disruptive]" classname="Kubernetes e2e suite" time="0">
          <skipped></skipped>
      </testcase>
      <testcase name="[sig-storage] Secrets should be consumable from pods in volume as non-root with defaultMode and fsGroup set  [Conformance]" classname="Kubernetes e2e suite" time="6.381737872"></testcase>
      <testcase name="[sig-storage] Downward API volume should provide container&#39;s memory limit  [Conformance]" classname="Kubernetes e2e suite" time="6.31590926"></testcase>
      <testcase name="[sig-scheduling] SchedulerPriorities [Serial] Pod should avoid to schedule to node that have avoidPod annotation" classname="Kubernetes e2e suite" time="0">
          <skipped></skipped>
      </testcase>
      <testcase name="[sig-api-machinery] Initializers [Feature:Initializers] should be invisible to controllers by default" classname="Kubernetes e2e suite" time="0">
          <skipped></skipped>
      </testcase>
      <testcase name="[sig-storage] PersistentVolumes [Feature:LabelSelector] [sig-storage] Selector-Label Volume Binding:vsphere should bind volume with claim for given label" classname="Kubernetes e2e suite" time="0">
          <skipped></skipped>
      </testcase>
      <testcase name="[sig-cluster-lifecycle] Reboot [Disruptive] [Feature:Reboot] each node by dropping all inbound packets for a while and ensure they function afterwards" classname="Kubernetes e2e suite" time="0">
          <skipped></skipped>
      </testcase>
      <testcase name="[sig-network] NetworkPolicy NetworkPolicy between server and client should allow egress access on one named port [Feature:NetworkPolicy]" classname="Kubernetes e2e suite" time="0">
          <skipped></skipped>
      </testcase>
      <testcase name="[k8s.io] [sig-node] kubelet [k8s.io] [sig-node] host cleanup with volume mounts [sig-storage][HostCleanup][Flaky] Host cleanup after disrupting NFS volume [NFS] after stopping the nfs-server and deleting the (active) client pod, the NFS mount and the pod&#39;s UID directory should be removed." classname="Kubernetes e2e suite" time="0">
          <skipped></skipped>
      </testcase>
      <testcase name="[k8s.io] Docker Containers should be able to override the image&#39;s default commmand (docker entrypoint)  [Conformance]" classname="Kubernetes e2e suite" time="12.275613529"></testcase>
      <testcase name="[sig-storage] Storage Policy Based Volume Provisioning [Feature:vsphere] verify VSAN storage capability with valid objectSpaceReservation and iopsLimit values is honored for dynamically provisioned pvc using storageclass" classname="Kubernetes e2e suite" time="0">
          <skipped></skipped>
      </testcase>
      <testcase name="[sig-storage] PersistentVolumes-local [Feature:LocalPersistentVolumes] [Serial] when one pod requests one prebound PVC should be able to mount volume and write from pod1" classname="Kubernetes e2e suite" time="0">
          <skipped></skipped>
      </testcase>
      <testcase name="[sig-instrumentation] Logging soak [Performance] [Slow] [Disruptive] should survive logging 1KB every 1s seconds, for a duration of 2m0s, scaling up to 1 pods per node" classname="Kubernetes e2e suite" time="0">
          <skipped></skipped>
      </testcase>
      <testcase name="[sig-network] DNS configMap nameserver should be able to change stubDomain configuration [Slow][Serial]" classname="Kubernetes e2e suite" time="0">
          <skipped></skipped>
      </testcase>
      <testcase name="[sig-apps] Daemon set [Serial] should retry creating failed daemon pods" classname="Kubernetes e2e suite" time="0">
          <skipped></skipped>
      </testcase>
      <testcase name="[sig-scheduling] ResourceQuota should create a ResourceQuota and capture the life of a configMap." classname="Kubernetes e2e suite" time="0">
          <skipped></skipped>
      </testcase>
      <testcase name="[sig-storage] Volumes iSCSI [Feature:Volumes] should be mountable" classname="Kubernetes e2e suite" time="0">
          <skipped></skipped>
      </testcase>
      <testcase name="[sig-scalability] Load capacity [Feature:ManualPerformance] should be able to handle 30 pods per node { ReplicationController} with 0 secrets, 0 configmaps and 2 daemons" classname="Kubernetes e2e suite" time="0">
          <skipped></skipped>
      </testcase>
      <testcase name="[sig-network] ClusterDns [Feature:Example] should create pod that uses dns" classname="Kubernetes e2e suite" time="0">
          <skipped></skipped>
      </testcase>
      <testcase name="[sig-auth] PodSecurityPolicy should enforce the restricted PodSecurityPolicy" classname="Kubernetes e2e suite" time="0">
          <skipped></skipped>
      </testcase>
      <testcase name="[sig-apps] ReplicationController should serve a basic image on each replica with a public image  [Conformance]" classname="Kubernetes e2e suite" time="18.256841654"></testcase>
      <testcase name="[sig-storage] EmptyDir volumes when FSGroup is specified [Feature:FSGroup] volume on default medium should have the correct mode using FSGroup" classname="Kubernetes e2e suite" time="0">
          <skipped></skipped>
      </testcase>
      <testcase name="[sig-storage] Volume Placement should create and delete pod with multiple volumes from same datastore" classname="Kubernetes e2e suite" time="0">
          <skipped></skipped>
      </testcase>
      <testcase name="[k8s.io] EquivalenceCache [Serial] validates pod affinity works properly when new replica pod is scheduled" classname="Kubernetes e2e suite" time="0">
          <skipped></skipped>
      </testcase>
      <testcase name="[k8s.io] [sig-node] Kubelet [Serial] [Slow] [k8s.io] [sig-node] regular resource usage tracking resource tracking for 100 pods per node" classname="Kubernetes e2e suite" time="0">
          <skipped></skipped>
      </testcase>
      <testcase name="[sig-cli] Kubectl client [k8s.io] Simple pod should support port-forward" classname="Kubernetes e2e suite" time="0">
          <skipped></skipped>
      </testcase>
      <testcase name="[k8s.io] Variable Expansion should allow substituting values in a container&#39;s args  [Conformance]" classname="Kubernetes e2e suite" time="12.266114707"></testcase>
      <testcase name="[sig-storage] EmptyDir volumes should support (root,0777,default) [Conformance]" classname="Kubernetes e2e suite" time="6.429946521"></testcase>
      <testcase name="[sig-scalability] Density [Feature:ManualPerformance] should allow starting 30 pods per node using {extensions Deployment} with 0 secrets, 2 configmaps and 0 daemons" classname="Kubernetes e2e suite" time="0">
          <skipped></skipped>
      </testcase>
      <testcase name="[sig-apps] Network Partition [Disruptive] [Slow] [k8s.io] [ReplicationController] should eagerly create replacement pod during network partition when termination grace is non-zero" classname="Kubernetes e2e suite" time="0">
          <skipped></skipped>
      </testcase>
      <testcase name="[sig-cli] Kubectl Port forwarding [k8s.io] With a server listening on localhost should support forwarding over websockets" classname="Kubernetes e2e suite" time="0">
          <skipped></skipped>
      </testcase>
      <testcase name="[sig-scheduling] ResourceQuota should create a ResourceQuota and ensure its status is promptly calculated." classname="Kubernetes e2e suite" time="0">
          <skipped></skipped>
      </testcase>
      <testcase name="[sig-storage] PersistentVolumes-local [Feature:LocalPersistentVolumes] [Serial] [Volume type: dir] when two pods mount a local volume one after the other should be able to write from pod1 and read from pod2" classname="Kubernetes e2e suite" time="0">
          <skipped></skipped>
      </testcase>
      <testcase name="[sig-storage] PersistentVolumes-local [Feature:LocalPersistentVolumes] [Serial] when using local volume provisioner should create and recreate local persistent volume" classname="Kubernetes e2e suite" time="0">
          <skipped></skipped>
      </testcase>
      <testcase name="[sig-storage] Volume Attach Verify [Feature:vsphere][Serial][Disruptive] verify volume remains attached after master kubelet restart" classname="Kubernetes e2e suite" time="0">
          <skipped></skipped>
      </testcase>
      <testcase name="[sig-storage] EmptyDir wrapper volumes should not cause race condition when used for git_repo [Serial] [Slow]" classname="Kubernetes e2e suite" time="0">
          <skipped></skipped>
      </testcase>
      <testcase name="[sig-storage] ConfigMap should be consumable from pods in volume as non-root  [Conformance]" classname="Kubernetes e2e suite" time="6.484105397"></testcase>
      <testcase name="[sig-multicluster] Multi-AZ Clusters should spread the pods of a service across zones" classname="Kubernetes e2e suite" time="0">
          <skipped></skipped>
      </testcase>
      <testcase name="[sig-storage] PersistentVolumes-local [Feature:LocalPersistentVolumes] [Serial] [Volume type: tmpfs] when pod&#39;s node is different from PV&#39;s NodeAffinity should not be able to mount due to different NodeAffinity" classname="Kubernetes e2e suite" time="0">
          <skipped></skipped>
      </testcase>
      <testcase name="[k8s.io] Cluster size autoscaler scalability [Slow] shouldn&#39;t scale down with underutilized nodes due to host port conflicts [Feature:ClusterAutoscalerScalability5]" classname="Kubernetes e2e suite" time="0">
          <skipped></skipped>
      </testcase>
      <testcase name="[sig-network] Networking should provide Internet connection for containers [Feature:Networking-IPv6][Experimental]" classname="Kubernetes e2e suite" time="0">
          <skipped></skipped>
      </testcase>
      <testcase name="[sig-auth] ServiceAccounts should mount an API token into pods  [Conformance]" classname="Kubernetes e2e suite" time="19.007904589"></testcase>
      <testcase name="[sig-network] Proxy version v1 should proxy logs on node with explicit kubelet port using proxy subresource  [Conformance]" classname="Kubernetes e2e suite" time="6.293011601"></testcase>
      <testcase name="[sig-network] DNS should provide DNS for the cluster  [Conformance]" classname="Kubernetes e2e suite" time="696.722594115">
          <failure type="Failure">/go/src/k8s.io/kubernetes/_output/dockerized/go/src/k8s.io/kubernetes/test/e2e/framework/framework.go:648&#xA;Expected error:&#xA;    &lt;*errors.errorString | 0xc420296f00&gt;: {&#xA;        s: &#34;timed out waiting for the condition&#34;,&#xA;    }&#xA;    timed out waiting for the condition&#xA;not to have occurred&#xA;/go/src/k8s.io/kubernetes/_output/dockerized/go/src/k8s.io/kubernetes/test/e2e/network/dns.go:170</failure>
          <system-out>[BeforeEach] [sig-network] DNS&#xA;  /go/src/k8s.io/kubernetes/_output/dockerized/go/src/k8s.io/kubernetes/test/e2e/framework/framework.go:134&#xA;STEP: Creating a kubernetes client&#xA;Feb 23 09:40:11.716: INFO: &gt;&gt;&gt; kubeConfig: /tmp/kubeconfig-645151644&#xA;STEP: Building a namespace api object&#xA;STEP: Waiting for a default service account to be provisioned in namespace&#xA;[It] should provide DNS for the cluster  [Conformance]&#xA;  /go/src/k8s.io/kubernetes/_output/dockerized/go/src/k8s.io/kubernetes/test/e2e/framework/framework.go:648&#xA;STEP: Running these commands on wheezy: for i in `seq 1 600`; do test -n &#34;$$(dig +notcp +noall +answer +search kubernetes.default A)&#34; &amp;&amp; echo OK &gt; /results/wheezy_udp@kubernetes.default;test -n &#34;$$(dig +tcp +noall +answer +search kubernetes.default A)&#34; &amp;&amp; echo OK &gt; /results/wheezy_tcp@kubernetes.default;test -n &#34;$$(dig +notcp +noall +answer +search kubernetes.default.svc A)&#34; &amp;&amp; echo OK &gt; /results/wheezy_udp@kubernetes.default.svc;test -n &#34;$$(dig +tcp +noall +answer +search kubernetes.default.svc A)&#34; &amp;&amp; echo OK &gt; /results/wheezy_tcp@kubernetes.default.svc;test -n &#34;$$(dig +notcp +noall +answer +search kubernetes.default.svc.cluster.local A)&#34; &amp;&amp; echo OK &gt; /results/wheezy_udp@kubernetes.default.svc.cluster.local;test -n &#34;$$(dig +tcp +noall +answer +search kubernetes.default.svc.cluster.local A)&#34; &amp;&amp; echo OK &gt; /results/wheezy_tcp@kubernetes.default.svc.cluster.local;test -n &#34;$$(getent hosts dns-querier-1.dns-test-service.e2e-tests-dns-99p6d.svc.cluster.local)&#34; &amp;&amp; echo OK &gt; /results/wheezy_hosts@dns-querier-1.dns-test-service.e2e-tests-dns-99p6d.svc.cluster.local;test -n &#34;$$(getent hosts dns-querier-1)&#34; &amp;&amp; echo OK &gt; /results/wheezy_hosts@dns-querier-1;podARec=$$(hostname -i| awk -F. &#39;{print $$1&#34;-&#34;$$2&#34;-&#34;$$3&#34;-&#34;$$4&#34;.e2e-tests-dns-99p6d.pod.cluster.local&#34;}&#39;);test -n &#34;$$(dig +notcp +noall +answer +search $${podARec} A)&#34; &amp;&amp; echo OK &gt; /results/wheezy_udp@PodARecord;test -n &#34;$$(dig +tcp +noall +answer +search $${podARec} A)&#34; &amp;&amp; echo OK &gt; /results/wheezy_tcp@PodARecord;sleep 1; done&#xA;&#xA;STEP: Running these commands on jessie: for i in `seq 1 600`; do test -n &#34;$$(dig +notcp +noall +answer +search kubernetes.default A)&#34; &amp;&amp; echo OK &gt; /results/jessie_udp@kubernetes.default;test -n &#34;$$(dig +tcp +noall +answer +search kubernetes.default A)&#34; &amp;&amp; echo OK &gt; /results/jessie_tcp@kubernetes.default;test -n &#34;$$(dig +notcp +noall +answer +search kubernetes.default.svc A)&#34; &amp;&amp; echo OK &gt; /results/jessie_udp@kubernetes.default.svc;test -n &#34;$$(dig +tcp +noall +answer +search kubernetes.default.svc A)&#34; &amp;&amp; echo OK &gt; /results/jessie_tcp@kubernetes.default.svc;test -n &#34;$$(dig +notcp +noall +answer +search kubernetes.default.svc.cluster.local A)&#34; &amp;&amp; echo OK &gt; /results/jessie_udp@kubernetes.default.svc.cluster.local;test -n &#34;$$(dig +tcp +noall +answer +search kubernetes.default.svc.cluster.local A)&#34; &amp;&amp; echo OK &gt; /results/jessie_tcp@kubernetes.default.svc.cluster.local;test -n &#34;$$(getent hosts dns-querier-1.dns-test-service.e2e-tests-dns-99p6d.svc.cluster.local)&#34; &amp;&amp; echo OK &gt; /results/jessie_hosts@dns-querier-1.dns-test-service.e2e-tests-dns-99p6d.svc.cluster.local;test -n &#34;$$(getent hosts dns-querier-1)&#34; &amp;&amp; echo OK &gt; /results/jessie_hosts@dns-querier-1;podARec=$$(hostname -i| awk -F. &#39;{print $$1&#34;-&#34;$$2&#34;-&#34;$$3&#34;-&#34;$$4&#34;.e2e-tests-dns-99p6d.pod.cluster.local&#34;}&#39;);test -n &#34;$$(dig +notcp +noall +answer +search $${podARec} A)&#34; &amp;&amp; echo OK &gt; /results/jessie_udp@PodARecord;test -n &#34;$$(dig +tcp +noall +answer +search $${podARec} A)&#34; &amp;&amp; echo OK &gt; /results/jessie_tcp@PodARecord;sleep 1; done&#xA;&#xA;STEP: creating a pod to probe DNS&#xA;STEP: submitting the pod to kubernetes&#xA;STEP: retrieving the pod&#xA;STEP: looking for the results for each expected name from probers&#xA;Feb 23 09:41:51.866: INFO: Unable to read wheezy_hosts@dns-querier-1.dns-test-service.e2e-tests-dns-99p6d.svc.cluster.local from pod dns-test-8b1513f5-187d-11e8-83a1-0242ac1c2c4a: the server could not find the requested resource (get pods dns-test-8b1513f5-187d-11e8-83a1-0242ac1c2c4a)&#xA;Feb 23 09:41:51.883: INFO: Unable to read jessie_hosts@dns-querier-1.dns-test-service.e2e-tests-dns-99p6d.svc.cluster.local from pod dns-test-8b1513f5-187d-11e8-83a1-0242ac1c2c4a: the server could not find the requested resource (get pods dns-test-8b1513f5-187d-11e8-83a1-0242ac1c2c4a)&#xA;Feb 23 09:41:51.888: INFO: Lookups using dns-test-8b1513f5-187d-11e8-83a1-0242ac1c2c4a failed for: [wheezy_hosts@dns-querier-1.dns-test-service.e2e-tests-dns-99p6d.svc.cluster.local jessie_hosts@dns-querier-1.dns-test-service.e2e-tests-dns-99p6d.svc.cluster.local]&#xA;&#xA;Feb 23 09:42:01.865: INFO: Unable to read wheezy_hosts@dns-querier-1.dns-test-service.e2e-tests-dns-99p6d.svc.cluster.local from pod dns-test-8b1513f5-187d-11e8-83a1-0242ac1c2c4a: the server could not find the requested resource (get pods dns-test-8b1513f5-187d-11e8-83a1-0242ac1c2c4a)&#xA;Feb 23 09:42:01.882: INFO: Unable to read jessie_hosts@dns-querier-1.dns-test-service.e2e-tests-dns-99p6d.svc.cluster.local from pod dns-test-8b1513f5-187d-11e8-83a1-0242ac1c2c4a: the server could not find the requested resource (get pods dns-test-8b1513f5-187d-11e8-83a1-0242ac1c2c4a)&#xA;Feb 23 09:42:01.887: INFO: Lookups using dns-test-8b1513f5-187d-11e8-83a1-0242ac1c2c4a failed for: [wheezy_hosts@dns-querier-1.dns-test-service.e2e-tests-dns-99p6d.svc.cluster.local jessie_hosts@dns-querier-1.dns-test-service.e2e-tests-dns-99p6d.svc.cluster.local]&#xA;&#xA;Feb 23 09:42:11.865: INFO: Unable to read wheezy_hosts@dns-querier-1.dns-test-service.e2e-tests-dns-99p6d.svc.cluster.local from pod dns-test-8b1513f5-187d-11e8-83a1-0242ac1c2c4a: the server could not find the requested resource (get pods dns-test-8b1513f5-187d-11e8-83a1-0242ac1c2c4a)&#xA;Feb 23 09:42:11.882: INFO: Unable to read jessie_hosts@dns-querier-1.dns-test-service.e2e-tests-dns-99p6d.svc.cluster.local from pod dns-test-8b1513f5-187d-11e8-83a1-0242ac1c2c4a: the server could not find the requested resource (get pods dns-test-8b1513f5-187d-11e8-83a1-0242ac1c2c4a)&#xA;Feb 23 09:42:11.887: INFO: Lookups using dns-test-8b1513f5-187d-11e8-83a1-0242ac1c2c4a failed for: [wheezy_hosts@dns-querier-1.dns-test-service.e2e-tests-dns-99p6d.svc.cluster.local jessie_hosts@dns-querier-1.dns-test-service.e2e-tests-dns-99p6d.svc.cluster.local]&#xA;&#xA;Feb 23 09:42:21.865: INFO: Unable to read wheezy_hosts@dns-querier-1.dns-test-service.e2e-tests-dns-99p6d.svc.cluster.local from pod dns-test-8b1513f5-187d-11e8-83a1-0242ac1c2c4a: the server could not find the requested resource (get pods dns-test-8b1513f5-187d-11e8-83a1-0242ac1c2c4a)&#xA;Feb 23 09:42:21.882: INFO: Unable to read jessie_hosts@dns-querier-1.dns-test-service.e2e-tests-dns-99p6d.svc.cluster.local from pod dns-test-8b1513f5-187d-11e8-83a1-0242ac1c2c4a: the server could not find the requested resource (get pods dns-test-8b1513f5-187d-11e8-83a1-0242ac1c2c4a)&#xA;Feb 23 09:42:21.888: INFO: Lookups using dns-test-8b1513f5-187d-11e8-83a1-0242ac1c2c4a failed for: [wheezy_hosts@dns-querier-1.dns-test-service.e2e-tests-dns-99p6d.svc.cluster.local jessie_hosts@dns-querier-1.dns-test-service.e2e-tests-dns-99p6d.svc.cluster.local]&#xA;&#xA;Feb 23 09:42:31.866: INFO: Unable to read wheezy_hosts@dns-querier-1.dns-test-service.e2e-tests-dns-99p6d.svc.cluster.local from pod dns-test-8b1513f5-187d-11e8-83a1-0242ac1c2c4a: the server could not find the requested resource (get pods dns-test-8b1513f5-187d-11e8-83a1-0242ac1c2c4a)&#xA;Feb 23 09:42:31.883: INFO: Unable to read jessie_hosts@dns-querier-1.dns-test-service.e2e-tests-dns-99p6d.svc.cluster.local from pod dns-test-8b1513f5-187d-11e8-83a1-0242ac1c2c4a: the server could not find the requested resource (get pods dns-test-8b1513f5-187d-11e8-83a1-0242ac1c2c4a)&#xA;Feb 23 09:42:31.888: INFO: Lookups using dns-test-8b1513f5-187d-11e8-83a1-0242ac1c2c4a failed for: [wheezy_hosts@dns-querier-1.dns-test-service.e2e-tests-dns-99p6d.svc.cluster.local jessie_hosts@dns-querier-1.dns-test-service.e2e-tests-dns-99p6d.svc.cluster.local]&#xA;&#xA;Feb 23 09:42:41.865: INFO: Unable to read wheezy_hosts@dns-querier-1.dns-test-service.e2e-tests-dns-99p6d.svc.cluster.local from pod dns-test-8b1513f5-187d-11e8-83a1-0242ac1c2c4a: the server could not find the requested resource (get pods dns-test-8b1513f5-187d-11e8-83a1-0242ac1c2c4a)&#xA;Feb 23 09:42:41.883: INFO: Unable to read jessie_hosts@dns-querier-1.dns-test-service.e2e-tests-dns-99p6d.svc.cluster.local from pod dns-test-8b1513f5-187d-11e8-83a1-0242ac1c2c4a: the server could not find the requested resource (get pods dns-test-8b1513f5-187d-11e8-83a1-0242ac1c2c4a)&#xA;Feb 23 09:42:41.888: INFO: Lookups using dns-test-8b1513f5-187d-11e8-83a1-0242ac1c2c4a failed for: [wheezy_hosts@dns-querier-1.dns-test-service.e2e-tests-dns-99p6d.svc.cluster.local jessie_hosts@dns-querier-1.dns-test-service.e2e-tests-dns-99p6d.svc.cluster.local]&#xA;&#xA;Feb 23 09:42:51.866: INFO: Unable to read wheezy_hosts@dns-querier-1.dns-test-service.e2e-tests-dns-99p6d.svc.cluster.local from pod dns-test-8b1513f5-187d-11e8-83a1-0242ac1c2c4a: the server could not find the requested resource (get pods dns-test-8b1513f5-187d-11e8-83a1-0242ac1c2c4a)&#xA;Feb 23 09:42:51.883: INFO: Unable to read jessie_hosts@dns-querier-1.dns-test-service.e2e-tests-dns-99p6d.svc.cluster.local from pod dns-test-8b1513f5-187d-11e8-83a1-0242ac1c2c4a: the server could not find the requested resource (get pods dns-test-8b1513f5-187d-11e8-83a1-0242ac1c2c4a)&#xA;Feb 23 09:42:51.888: INFO: Lookups using dns-test-8b1513f5-187d-11e8-83a1-0242ac1c2c4a failed for: [wheezy_hosts@dns-querier-1.dns-test-service.e2e-tests-dns-99p6d.svc.cluster.local jessie_hosts@dns-querier-1.dns-test-service.e2e-tests-dns-99p6d.svc.cluster.local]&#xA;&#xA;Feb 23 09:43:01.896: INFO: Unable to read wheezy_hosts@dns-querier-1.dns-test-service.e2e-tests-dns-99p6d.svc.cluster.local from pod dns-test-8b1513f5-187d-11e8-83a1-0242ac1c2c4a: the server could not find the requested resource (get pods dns-test-8b1513f5-187d-11e8-83a1-0242ac1c2c4a)&#xA;Feb 23 09:43:01.917: INFO: Unable to read jessie_hosts@dns-querier-1.dns-test-service.e2e-tests-dns-99p6d.svc.cluster.local from pod dns-test-8b1513f5-187d-11e8-83a1-0242ac1c2c4a: the server could not find the requested resource (get pods dns-test-8b1513f5-187d-11e8-83a1-0242ac1c2c4a)&#xA;Feb 23 09:43:01.924: INFO: Lookups using dns-test-8b1513f5-187d-11e8-83a1-0242ac1c2c4a failed for: [wheezy_hosts@dns-querier-1.dns-test-service.e2e-tests-dns-99p6d.svc.cluster.local jessie_hosts@dns-querier-1.dns-test-service.e2e-tests-dns-99p6d.svc.cluster.local]&#xA;&#xA;Feb 23 09:43:11.866: INFO: Unable to read wheezy_hosts@dns-querier-1.dns-test-service.e2e-tests-dns-99p6d.svc.cluster.local from pod dns-test-8b1513f5-187d-11e8-83a1-0242ac1c2c4a: the server could not find the requested resource (get pods dns-test-8b1513f5-187d-11e8-83a1-0242ac1c2c4a)&#xA;Feb 23 09:43:11.907: INFO: Unable to read jessie_hosts@dns-querier-1.dns-test-service.e2e-tests-dns-99p6d.svc.cluster.local from pod dns-test-8b1513f5-187d-11e8-83a1-0242ac1c2c4a: the server could not find the requested resource (get pods dns-test-8b1513f5-187d-11e8-83a1-0242ac1c2c4a)&#xA;Feb 23 09:43:11.915: INFO: Lookups using dns-test-8b1513f5-187d-11e8-83a1-0242ac1c2c4a failed for: [wheezy_hosts@dns-querier-1.dns-test-service.e2e-tests-dns-99p6d.svc.cluster.local jessie_hosts@dns-querier-1.dns-test-service.e2e-tests-dns-99p6d.svc.cluster.local]&#xA;&#xA;Feb 23 09:43:21.867: INFO: Unable to read wheezy_hosts@dns-querier-1.dns-test-service.e2e-tests-dns-99p6d.svc.cluster.local from pod dns-test-8b1513f5-187d-11e8-83a1-0242ac1c2c4a: the server could not find the requested resource (get pods dns-test-8b1513f5-187d-11e8-83a1-0242ac1c2c4a)&#xA;Feb 23 09:43:21.884: INFO: Unable to read jessie_hosts@dns-querier-1.dns-test-service.e2e-tests-dns-99p6d.svc.cluster.local from pod dns-test-8b1513f5-187d-11e8-83a1-0242ac1c2c4a: the server could not find the requested resource (get pods dns-test-8b1513f5-187d-11e8-83a1-0242ac1c2c4a)&#xA;Feb 23 09:43:21.890: INFO: Lookups using dns-test-8b1513f5-187d-11e8-83a1-0242ac1c2c4a failed for: [wheezy_hosts@dns-querier-1.dns-test-service.e2e-tests-dns-99p6d.svc.cluster.local jessie_hosts@dns-querier-1.dns-test-service.e2e-tests-dns-99p6d.svc.cluster.local]&#xA;&#xA;Feb 23 09:43:31.867: INFO: Unable to read wheezy_hosts@dns-querier-1.dns-test-service.e2e-tests-dns-99p6d.svc.cluster.local from pod dns-test-8b1513f5-187d-11e8-83a1-0242ac1c2c4a: the server could not find the requested resource (get pods dns-test-8b1513f5-187d-11e8-83a1-0242ac1c2c4a)&#xA;Feb 23 09:43:31.885: INFO: Unable to read jessie_hosts@dns-querier-1.dns-test-service.e2e-tests-dns-99p6d.svc.cluster.local from pod dns-test-8b1513f5-187d-11e8-83a1-0242ac1c2c4a: the server could not find the requested resource (get pods dns-test-8b1513f5-187d-11e8-83a1-0242ac1c2c4a)&#xA;Feb 23 09:43:31.890: INFO: Lookups using dns-test-8b1513f5-187d-11e8-83a1-0242ac1c2c4a failed for: [wheezy_hosts@dns-querier-1.dns-test-service.e2e-tests-dns-99p6d.svc.cluster.local jessie_hosts@dns-querier-1.dns-test-service.e2e-tests-dns-99p6d.svc.cluster.local]&#xA;&#xA;Feb 23 09:43:41.869: INFO: Unable to read wheezy_hosts@dns-querier-1.dns-test-service.e2e-tests-dns-99p6d.svc.cluster.local from pod dns-test-8b1513f5-187d-11e8-83a1-0242ac1c2c4a: the server could not find the requested resource (get pods dns-test-8b1513f5-187d-11e8-83a1-0242ac1c2c4a)&#xA;Feb 23 09:43:41.886: INFO: Unable to read jessie_hosts@dns-querier-1.dns-test-service.e2e-tests-dns-99p6d.svc.cluster.local from pod dns-test-8b1513f5-187d-11e8-83a1-0242ac1c2c4a: the server could not find the requested resource (get pods dns-test-8b1513f5-187d-11e8-83a1-0242ac1c2c4a)&#xA;Feb 23 09:43:41.891: INFO: Lookups using dns-test-8b1513f5-187d-11e8-83a1-0242ac1c2c4a failed for: [wheezy_hosts@dns-querier-1.dns-test-service.e2e-tests-dns-99p6d.svc.cluster.local jessie_hosts@dns-querier-1.dns-test-service.e2e-tests-dns-99p6d.svc.cluster.local]&#xA;&#xA;Feb 23 09:43:51.865: INFO: Unable to read wheezy_hosts@dns-querier-1.dns-test-service.e2e-tests-dns-99p6d.svc.cluster.local from pod dns-test-8b1513f5-187d-11e8-83a1-0242ac1c2c4a: the server could not find the requested resource (get pods dns-test-8b1513f5-187d-11e8-83a1-0242ac1c2c4a)&#xA;Feb 23 09:43:51.882: INFO: Unable to read jessie_hosts@dns-querier-1.dns-test-service.e2e-tests-dns-99p6d.svc.cluster.local from pod dns-test-8b1513f5-187d-11e8-83a1-0242ac1c2c4a: the server could not find the requested resource (get pods dns-test-8b1513f5-187d-11e8-83a1-0242ac1c2c4a)&#xA;Feb 23 09:43:51.888: INFO: Lookups using dns-test-8b1513f5-187d-11e8-83a1-0242ac1c2c4a failed for: [wheezy_hosts@dns-querier-1.dns-test-service.e2e-tests-dns-99p6d.svc.cluster.local jessie_hosts@dns-querier-1.dns-test-service.e2e-tests-dns-99p6d.svc.cluster.local]&#xA;&#xA;Feb 23 09:44:01.866: INFO: Unable to read wheezy_hosts@dns-querier-1.dns-test-service.e2e-tests-dns-99p6d.svc.cluster.local from pod dns-test-8b1513f5-187d-11e8-83a1-0242ac1c2c4a: the server could not find the requested resource (get pods dns-test-8b1513f5-187d-11e8-83a1-0242ac1c2c4a)&#xA;Feb 23 09:44:01.883: INFO: Unable to read jessie_hosts@dns-querier-1.dns-test-service.e2e-tests-dns-99p6d.svc.cluster.local from pod dns-test-8b1513f5-187d-11e8-83a1-0242ac1c2c4a: the server could not find the requested resource (get pods dns-test-8b1513f5-187d-11e8-83a1-0242ac1c2c4a)&#xA;Feb 23 09:44:01.888: INFO: Lookups using dns-test-8b1513f5-187d-11e8-83a1-0242ac1c2c4a failed for: [wheezy_hosts@dns-querier-1.dns-test-service.e2e-tests-dns-99p6d.svc.cluster.local jessie_hosts@dns-querier-1.dns-test-service.e2e-tests-dns-99p6d.svc.cluster.local]&#xA;&#xA;Feb 23 09:44:11.867: INFO: Unable to read wheezy_hosts@dns-querier-1.dns-test-service.e2e-tests-dns-99p6d.svc.cluster.local from pod dns-test-8b1513f5-187d-11e8-83a1-0242ac1c2c4a: the server could not find the requested resource (get pods dns-test-8b1513f5-187d-11e8-83a1-0242ac1c2c4a)&#xA;Feb 23 09:44:11.885: INFO: Unable to read jessie_hosts@dns-querier-1.dns-test-service.e2e-tests-dns-99p6d.svc.cluster.local from pod dns-test-8b1513f5-187d-11e8-83a1-0242ac1c2c4a: the server could not find the requested resource (get pods dns-test-8b1513f5-187d-11e8-83a1-0242ac1c2c4a)&#xA;Feb 23 09:44:11.890: INFO: Lookups using dns-test-8b1513f5-187d-11e8-83a1-0242ac1c2c4a failed for: [wheezy_hosts@dns-querier-1.dns-test-service.e2e-tests-dns-99p6d.svc.cluster.local jessie_hosts@dns-querier-1.dns-test-service.e2e-tests-dns-99p6d.svc.cluster.local]&#xA;&#xA;Feb 23 09:44:21.867: INFO: Unable to read wheezy_hosts@dns-querier-1.dns-test-service.e2e-tests-dns-99p6d.svc.cluster.local from pod dns-test-8b1513f5-187d-11e8-83a1-0242ac1c2c4a: the server could not find the requested resource (get pods dns-test-8b1513f5-187d-11e8-83a1-0242ac1c2c4a)&#xA;Feb 23 09:44:21.885: INFO: Unable to read jessie_hosts@dns-querier-1.dns-test-service.e2e-tests-dns-99p6d.svc.cluster.local from pod dns-test-8b1513f5-187d-11e8-83a1-0242ac1c2c4a: the server could not find the requested resource (get pods dns-test-8b1513f5-187d-11e8-83a1-0242ac1c2c4a)&#xA;Feb 23 09:44:21.890: INFO: Lookups using dns-test-8b1513f5-187d-11e8-83a1-0242ac1c2c4a failed for: [wheezy_hosts@dns-querier-1.dns-test-service.e2e-tests-dns-99p6d.svc.cluster.local jessie_hosts@dns-querier-1.dns-test-service.e2e-tests-dns-99p6d.svc.cluster.local]&#xA;&#xA;Feb 23 09:44:31.866: INFO: Unable to read wheezy_hosts@dns-querier-1.dns-test-service.e2e-tests-dns-99p6d.svc.cluster.local from pod dns-test-8b1513f5-187d-11e8-83a1-0242ac1c2c4a: the server could not find the requested resource (get pods dns-test-8b1513f5-187d-11e8-83a1-0242ac1c2c4a)&#xA;Feb 23 09:44:31.884: INFO: Unable to read jessie_hosts@dns-querier-1.dns-test-service.e2e-tests-dns-99p6d.svc.cluster.local from pod dns-test-8b1513f5-187d-11e8-83a1-0242ac1c2c4a: the server could not find the requested resource (get pods dns-test-8b1513f5-187d-11e8-83a1-0242ac1c2c4a)&#xA;Feb 23 09:44:31.889: INFO: Lookups using dns-test-8b1513f5-187d-11e8-83a1-0242ac1c2c4a failed for: [wheezy_hosts@dns-querier-1.dns-test-service.e2e-tests-dns-99p6d.svc.cluster.local jessie_hosts@dns-querier-1.dns-test-service.e2e-tests-dns-99p6d.svc.cluster.local]&#xA;&#xA;Feb 23 09:44:41.866: INFO: Unable to read wheezy_hosts@dns-querier-1.dns-test-service.e2e-tests-dns-99p6d.svc.cluster.local from pod dns-test-8b1513f5-187d-11e8-83a1-0242ac1c2c4a: the server could not find the requested resource (get pods dns-test-8b1513f5-187d-11e8-83a1-0242ac1c2c4a)&#xA;Feb 23 09:44:41.883: INFO: Unable to read jessie_hosts@dns-querier-1.dns-test-service.e2e-tests-dns-99p6d.svc.cluster.local from pod dns-test-8b1513f5-187d-11e8-83a1-0242ac1c2c4a: the server could not find the requested resource (get pods dns-test-8b1513f5-187d-11e8-83a1-0242ac1c2c4a)&#xA;Feb 23 09:44:41.888: INFO: Lookups using dns-test-8b1513f5-187d-11e8-83a1-0242ac1c2c4a failed for: [wheezy_hosts@dns-querier-1.dns-test-service.e2e-tests-dns-99p6d.svc.cluster.local jessie_hosts@dns-querier-1.dns-test-service.e2e-tests-dns-99p6d.svc.cluster.local]&#xA;&#xA;Feb 23 09:44:51.865: INFO: Unable to read wheezy_hosts@dns-querier-1.dns-test-service.e2e-tests-dns-99p6d.svc.cluster.local from pod dns-test-8b1513f5-187d-11e8-83a1-0242ac1c2c4a: the server could not find the requested resource (get pods dns-test-8b1513f5-187d-11e8-83a1-0242ac1c2c4a)&#xA;Feb 23 09:44:51.882: INFO: Unable to read jessie_hosts@dns-querier-1.dns-test-service.e2e-tests-dns-99p6d.svc.cluster.local from pod dns-test-8b1513f5-187d-11e8-83a1-0242ac1c2c4a: the server could not find the requested resource (get pods dns-test-8b1513f5-187d-11e8-83a1-0242ac1c2c4a)&#xA;Feb 23 09:44:51.888: INFO: Lookups using dns-test-8b1513f5-187d-11e8-83a1-0242ac1c2c4a failed for: [wheezy_hosts@dns-querier-1.dns-test-service.e2e-tests-dns-99p6d.svc.cluster.local jessie_hosts@dns-querier-1.dns-test-service.e2e-tests-dns-99p6d.svc.cluster.local]&#xA;&#xA;Feb 23 09:45:01.866: INFO: Unable to read wheezy_hosts@dns-querier-1.dns-test-service.e2e-tests-dns-99p6d.svc.cluster.local from pod dns-test-8b1513f5-187d-11e8-83a1-0242ac1c2c4a: the server could not find the requested resource (get pods dns-test-8b1513f5-187d-11e8-83a1-0242ac1c2c4a)&#xA;Feb 23 09:45:01.885: INFO: Unable to read jessie_hosts@dns-querier-1.dns-test-service.e2e-tests-dns-99p6d.svc.cluster.local from pod dns-test-8b1513f5-187d-11e8-83a1-0242ac1c2c4a: the server could not find the requested resource (get pods dns-test-8b1513f5-187d-11e8-83a1-0242ac1c2c4a)&#xA;Feb 23 09:45:01.890: INFO: Lookups using dns-test-8b1513f5-187d-11e8-83a1-0242ac1c2c4a failed for: [wheezy_hosts@dns-querier-1.dns-test-service.e2e-tests-dns-99p6d.svc.cluster.local jessie_hosts@dns-querier-1.dns-test-service.e2e-tests-dns-99p6d.svc.cluster.local]&#xA;&#xA;Feb 23 09:45:11.865: INFO: Unable to read wheezy_hosts@dns-querier-1.dns-test-service.e2e-tests-dns-99p6d.svc.cluster.local from pod dns-test-8b1513f5-187d-11e8-83a1-0242ac1c2c4a: the server could not find the requested resource (get pods dns-test-8b1513f5-187d-11e8-83a1-0242ac1c2c4a)&#xA;Feb 23 09:45:11.883: INFO: Unable to read jessie_hosts@dns-querier-1.dns-test-service.e2e-tests-dns-99p6d.svc.cluster.local from pod dns-test-8b1513f5-187d-11e8-83a1-0242ac1c2c4a: the server could not find the requested resource (get pods dns-test-8b1513f5-187d-11e8-83a1-0242ac1c2c4a)&#xA;Feb 23 09:45:11.888: INFO: Lookups using dns-test-8b1513f5-187d-11e8-83a1-0242ac1c2c4a failed for: [wheezy_hosts@dns-querier-1.dns-test-service.e2e-tests-dns-99p6d.svc.cluster.local jessie_hosts@dns-querier-1.dns-test-service.e2e-tests-dns-99p6d.svc.cluster.local]&#xA;&#xA;Feb 23 09:45:21.867: INFO: Unable to read wheezy_hosts@dns-querier-1.dns-test-service.e2e-tests-dns-99p6d.svc.cluster.local from pod dns-test-8b1513f5-187d-11e8-83a1-0242ac1c2c4a: the server could not find the requested resource (get pods dns-test-8b1513f5-187d-11e8-83a1-0242ac1c2c4a)&#xA;Feb 23 09:45:21.886: INFO: Unable to read jessie_hosts@dns-querier-1.dns-test-service.e2e-tests-dns-99p6d.svc.cluster.local from pod dns-test-8b1513f5-187d-11e8-83a1-0242ac1c2c4a: the server could not find the requested resource (get pods dns-test-8b1513f5-187d-11e8-83a1-0242ac1c2c4a)&#xA;Feb 23 09:45:21.891: INFO: Lookups using dns-test-8b1513f5-187d-11e8-83a1-0242ac1c2c4a failed for: [wheezy_hosts@dns-querier-1.dns-test-service.e2e-tests-dns-99p6d.svc.cluster.local jessie_hosts@dns-querier-1.dns-test-service.e2e-tests-dns-99p6d.svc.cluster.local]&#xA;&#xA;Feb 23 09:45:31.869: INFO: Unable to read wheezy_hosts@dns-querier-1.dns-test-service.e2e-tests-dns-99p6d.svc.cluster.local from pod dns-test-8b1513f5-187d-11e8-83a1-0242ac1c2c4a: the server could not find the requested resource (get pods dns-test-8b1513f5-187d-11e8-83a1-0242ac1c2c4a)&#xA;Feb 23 09:45:31.886: INFO: Unable to read jessie_hosts@dns-querier-1.dns-test-service.e2e-tests-dns-99p6d.svc.cluster.local from pod dns-test-8b1513f5-187d-11e8-83a1-0242ac1c2c4a: the server could not find the requested resource (get pods dns-test-8b1513f5-187d-11e8-83a1-0242ac1c2c4a)&#xA;Feb 23 09:45:31.916: INFO: Lookups using dns-test-8b1513f5-187d-11e8-83a1-0242ac1c2c4a failed for: [wheezy_hosts@dns-querier-1.dns-test-service.e2e-tests-dns-99p6d.svc.cluster.local jessie_hosts@dns-querier-1.dns-test-service.e2e-tests-dns-99p6d.svc.cluster.local]&#xA;&#xA;Feb 23 09:45:41.866: INFO: Unable to read wheezy_hosts@dns-querier-1.dns-test-service.e2e-tests-dns-99p6d.svc.cluster.local from pod dns-test-8b1513f5-187d-11e8-83a1-0242ac1c2c4a: the server could not find the requested resource (get pods dns-test-8b1513f5-187d-11e8-83a1-0242ac1c2c4a)&#xA;Feb 23 09:45:41.883: INFO: Unable to read jessie_hosts@dns-querier-1.dns-test-service.e2e-tests-dns-99p6d.svc.cluster.local from pod dns-test-8b1513f5-187d-11e8-83a1-0242ac1c2c4a: the server could not find the requested resource (get pods dns-test-8b1513f5-187d-11e8-83a1-0242ac1c2c4a)&#xA;Feb 23 09:45:41.888: INFO: Lookups using dns-test-8b1513f5-187d-11e8-83a1-0242ac1c2c4a failed for: [wheezy_hosts@dns-querier-1.dns-test-service.e2e-tests-dns-99p6d.svc.cluster.local jessie_hosts@dns-querier-1.dns-test-service.e2e-tests-dns-99p6d.svc.cluster.local]&#xA;&#xA;Feb 23 09:45:51.866: INFO: Unable to read wheezy_hosts@dns-querier-1.dns-test-service.e2e-tests-dns-99p6d.svc.cluster.local from pod dns-test-8b1513f5-187d-11e8-83a1-0242ac1c2c4a: the server could not find the requested resource (get pods dns-test-8b1513f5-187d-11e8-83a1-0242ac1c2c4a)&#xA;Feb 23 09:45:51.884: INFO: Unable to read jessie_hosts@dns-querier-1.dns-test-service.e2e-tests-dns-99p6d.svc.cluster.local from pod dns-test-8b1513f5-187d-11e8-83a1-0242ac1c2c4a: the server could not find the requested resource (get pods dns-test-8b1513f5-187d-11e8-83a1-0242ac1c2c4a)&#xA;Feb 23 09:45:51.889: INFO: Lookups using dns-test-8b1513f5-187d-11e8-83a1-0242ac1c2c4a failed for: [wheezy_hosts@dns-querier-1.dns-test-service.e2e-tests-dns-99p6d.svc.cluster.local jessie_hosts@dns-querier-1.dns-test-service.e2e-tests-dns-99p6d.svc.cluster.local]&#xA;&#xA;Feb 23 09:46:01.865: INFO: Unable to read wheezy_hosts@dns-querier-1.dns-test-service.e2e-tests-dns-99p6d.svc.cluster.local from pod dns-test-8b1513f5-187d-11e8-83a1-0242ac1c2c4a: the server could not find the requested resource (get pods dns-test-8b1513f5-187d-11e8-83a1-0242ac1c2c4a)&#xA;Feb 23 09:46:01.882: INFO: Unable to read jessie_hosts@dns-querier-1.dns-test-service.e2e-tests-dns-99p6d.svc.cluster.local from pod dns-test-8b1513f5-187d-11e8-83a1-0242ac1c2c4a: the server could not find the requested resource (get pods dns-test-8b1513f5-187d-11e8-83a1-0242ac1c2c4a)&#xA;Feb 23 09:46:01.887: INFO: Lookups using dns-test-8b1513f5-187d-11e8-83a1-0242ac1c2c4a failed for: [wheezy_hosts@dns-querier-1.dns-test-service.e2e-tests-dns-99p6d.svc.cluster.local jessie_hosts@dns-querier-1.dns-test-service.e2e-tests-dns-99p6d.svc.cluster.local]&#xA;&#xA;Feb 23 09:46:11.867: INFO: Unable to read wheezy_hosts@dns-querier-1.dns-test-service.e2e-tests-dns-99p6d.svc.cluster.local from pod dns-test-8b1513f5-187d-11e8-83a1-0242ac1c2c4a: the server could not find the requested resource (get pods dns-test-8b1513f5-187d-11e8-83a1-0242ac1c2c4a)&#xA;Feb 23 09:46:11.884: INFO: Unable to read jessie_hosts@dns-querier-1.dns-test-service.e2e-tests-dns-99p6d.svc.cluster.local from pod dns-test-8b1513f5-187d-11e8-83a1-0242ac1c2c4a: the server could not find the requested resource (get pods dns-test-8b1513f5-187d-11e8-83a1-0242ac1c2c4a)&#xA;Feb 23 09:46:11.890: INFO: Lookups using dns-test-8b1513f5-187d-11e8-83a1-0242ac1c2c4a failed for: [wheezy_hosts@dns-querier-1.dns-test-service.e2e-tests-dns-99p6d.svc.cluster.local jessie_hosts@dns-querier-1.dns-test-service.e2e-tests-dns-99p6d.svc.cluster.local]&#xA;&#xA;Feb 23 09:46:21.870: INFO: Unable to read wheezy_hosts@dns-querier-1.dns-test-service.e2e-tests-dns-99p6d.svc.cluster.local from pod dns-test-8b1513f5-187d-11e8-83a1-0242ac1c2c4a: the server could not find the requested resource (get pods dns-test-8b1513f5-187d-11e8-83a1-0242ac1c2c4a)&#xA;Feb 23 09:46:21.887: INFO: Unable to read jessie_hosts@dns-querier-1.dns-test-service.e2e-tests-dns-99p6d.svc.cluster.local from pod dns-test-8b1513f5-187d-11e8-83a1-0242ac1c2c4a: the server could not find the requested resource (get pods dns-test-8b1513f5-187d-11e8-83a1-0242ac1c2c4a)&#xA;Feb 23 09:46:21.892: INFO: Lookups using dns-test-8b1513f5-187d-11e8-83a1-0242ac1c2c4a failed for: [wheezy_hosts@dns-querier-1.dns-test-service.e2e-tests-dns-99p6d.svc.cluster.local jessie_hosts@dns-querier-1.dns-test-service.e2e-tests-dns-99p6d.svc.cluster.local]&#xA;&#xA;Feb 23 09:46:31.865: INFO: Unable to read wheezy_hosts@dns-querier-1.dns-test-service.e2e-tests-dns-99p6d.svc.cluster.local from pod dns-test-8b1513f5-187d-11e8-83a1-0242ac1c2c4a: the server could not find the requested resource (get pods dns-test-8b1513f5-187d-11e8-83a1-0242ac1c2c4a)&#xA;Feb 23 09:46:31.882: INFO: Unable to read jessie_hosts@dns-querier-1.dns-test-service.e2e-tests-dns-99p6d.svc.cluster.local from pod dns-test-8b1513f5-187d-11e8-83a1-0242ac1c2c4a: the server could not find the requested resource (get pods dns-test-8b1513f5-187d-11e8-83a1-0242ac1c2c4a)&#xA;Feb 23 09:46:31.888: INFO: Lookups using dns-test-8b1513f5-187d-11e8-83a1-0242ac1c2c4a failed for: [wheezy_hosts@dns-querier-1.dns-test-service.e2e-tests-dns-99p6d.svc.cluster.local jessie_hosts@dns-querier-1.dns-test-service.e2e-tests-dns-99p6d.svc.cluster.local]&#xA;&#xA;Feb 23 09:46:41.873: INFO: Unable to read wheezy_hosts@dns-querier-1.dns-test-service.e2e-tests-dns-99p6d.svc.cluster.local from pod dns-test-8b1513f5-187d-11e8-83a1-0242ac1c2c4a: the server could not find the requested resource (get pods dns-test-8b1513f5-187d-11e8-83a1-0242ac1c2c4a)&#xA;Feb 23 09:46:41.894: INFO: Unable to read jessie_hosts@dns-querier-1.dns-test-service.e2e-tests-dns-99p6d.svc.cluster.local from pod dns-test-8b1513f5-187d-11e8-83a1-0242ac1c2c4a: the server could not find the requested resource (get pods dns-test-8b1513f5-187d-11e8-83a1-0242ac1c2c4a)&#xA;Feb 23 09:46:41.899: INFO: Lookups using dns-test-8b1513f5-187d-11e8-83a1-0242ac1c2c4a failed for: [wheezy_hosts@dns-querier-1.dns-test-service.e2e-tests-dns-99p6d.svc.cluster.local jessie_hosts@dns-querier-1.dns-test-service.e2e-tests-dns-99p6d.svc.cluster.local]&#xA;&#xA;Feb 23 09:46:51.866: INFO: Unable to read wheezy_hosts@dns-querier-1.dns-test-service.e2e-tests-dns-99p6d.svc.cluster.local from pod dns-test-8b1513f5-187d-11e8-83a1-0242ac1c2c4a: the server could not find the requested resource (get pods dns-test-8b1513f5-187d-11e8-83a1-0242ac1c2c4a)&#xA;Feb 23 09:46:51.883: INFO: Unable to read jessie_hosts@dns-querier-1.dns-test-service.e2e-tests-dns-99p6d.svc.cluster.local from pod dns-test-8b1513f5-187d-11e8-83a1-0242ac1c2c4a: the server could not find the requested resource (get pods dns-test-8b1513f5-187d-11e8-83a1-0242ac1c2c4a)&#xA;Feb 23 09:46:51.888: INFO: Lookups using dns-test-8b1513f5-187d-11e8-83a1-0242ac1c2c4a failed for: [wheezy_hosts@dns-querier-1.dns-test-service.e2e-tests-dns-99p6d.svc.cluster.local jessie_hosts@dns-querier-1.dns-test-service.e2e-tests-dns-99p6d.svc.cluster.local]&#xA;&#xA;Feb 23 09:47:01.865: INFO: Unable to read wheezy_hosts@dns-querier-1.dns-test-service.e2e-tests-dns-99p6d.svc.cluster.local from pod dns-test-8b1513f5-187d-11e8-83a1-0242ac1c2c4a: the server could not find the requested resource (get pods dns-test-8b1513f5-187d-11e8-83a1-0242ac1c2c4a)&#xA;Feb 23 09:47:01.884: INFO: Unable to read jessie_hosts@dns-querier-1.dns-test-service.e2e-tests-dns-99p6d.svc.cluster.local from pod dns-test-8b1513f5-187d-11e8-83a1-0242ac1c2c4a: the server could not find the requested resource (get pods dns-test-8b1513f5-187d-11e8-83a1-0242ac1c2c4a)&#xA;Feb 23 09:47:01.889: INFO: Lookups using dns-test-8b1513f5-187d-11e8-83a1-0242ac1c2c4a failed for: [wheezy_hosts@dns-querier-1.dns-test-service.e2e-tests-dns-99p6d.svc.cluster.local jessie_hosts@dns-querier-1.dns-test-service.e2e-tests-dns-99p6d.svc.cluster.local]&#xA;&#xA;Feb 23 09:47:11.896: INFO: Unable to read wheezy_hosts@dns-querier-1.dns-test-service.e2e-tests-dns-99p6d.svc.cluster.local from pod dns-test-8b1513f5-187d-11e8-83a1-0242ac1c2c4a: the server could not find the requested resource (get pods dns-test-8b1513f5-187d-11e8-83a1-0242ac1c2c4a)&#xA;Feb 23 09:47:11.913: INFO: Unable to read jessie_hosts@dns-querier-1.dns-test-service.e2e-tests-dns-99p6d.svc.cluster.local from pod dns-test-8b1513f5-187d-11e8-83a1-0242ac1c2c4a: the server could not find the requested resource (get pods dns-test-8b1513f5-187d-11e8-83a1-0242ac1c2c4a)&#xA;Feb 23 09:47:11.918: INFO: Lookups using dns-test-8b1513f5-187d-11e8-83a1-0242ac1c2c4a failed for: [wheezy_hosts@dns-querier-1.dns-test-service.e2e-tests-dns-99p6d.svc.cluster.local jessie_hosts@dns-querier-1.dns-test-service.e2e-tests-dns-99p6d.svc.cluster.local]&#xA;&#xA;Feb 23 09:47:21.866: INFO: Unable to read wheezy_hosts@dns-querier-1.dns-test-service.e2e-tests-dns-99p6d.svc.cluster.local from pod dns-test-8b1513f5-187d-11e8-83a1-0242ac1c2c4a: the server could not find the requested resource (get pods dns-test-8b1513f5-187d-11e8-83a1-0242ac1c2c4a)&#xA;Feb 23 09:47:21.886: INFO: Unable to read jessie_hosts@dns-querier-1.dns-test-service.e2e-tests-dns-99p6d.svc.cluster.local from pod dns-test-8b1513f5-187d-11e8-83a1-0242ac1c2c4a: the server could not find the requested resource (get pods dns-test-8b1513f5-187d-11e8-83a1-0242ac1c2c4a)&#xA;Feb 23 09:47:21.891: INFO: Lookups using dns-test-8b1513f5-187d-11e8-83a1-0242ac1c2c4a failed for: [wheezy_hosts@dns-querier-1.dns-test-service.e2e-tests-dns-99p6d.svc.cluster.local jessie_hosts@dns-querier-1.dns-test-service.e2e-tests-dns-99p6d.svc.cluster.local]&#xA;&#xA;Feb 23 09:47:31.866: INFO: Unable to read wheezy_hosts@dns-querier-1.dns-test-service.e2e-tests-dns-99p6d.svc.cluster.local from pod dns-test-8b1513f5-187d-11e8-83a1-0242ac1c2c4a: the server could not find the requested resource (get pods dns-test-8b1513f5-187d-11e8-83a1-0242ac1c2c4a)&#xA;Feb 23 09:47:31.884: INFO: Unable to read jessie_hosts@dns-querier-1.dns-test-service.e2e-tests-dns-99p6d.svc.cluster.local from pod dns-test-8b1513f5-187d-11e8-83a1-0242ac1c2c4a: the server could not find the requested resource (get pods dns-test-8b1513f5-187d-11e8-83a1-0242ac1c2c4a)&#xA;Feb 23 09:47:31.889: INFO: Lookups using dns-test-8b1513f5-187d-11e8-83a1-0242ac1c2c4a failed for: [wheezy_hosts@dns-querier-1.dns-test-service.e2e-tests-dns-99p6d.svc.cluster.local jessie_hosts@dns-querier-1.dns-test-service.e2e-tests-dns-99p6d.svc.cluster.local]&#xA;&#xA;Feb 23 09:47:41.883: INFO: Unable to read wheezy_hosts@dns-querier-1.dns-test-service.e2e-tests-dns-99p6d.svc.cluster.local from pod dns-test-8b1513f5-187d-11e8-83a1-0242ac1c2c4a: the server could not find the requested resource (get pods dns-test-8b1513f5-187d-11e8-83a1-0242ac1c2c4a)&#xA;Feb 23 09:47:41.901: INFO: Unable to read jessie_hosts@dns-querier-1.dns-test-service.e2e-tests-dns-99p6d.svc.cluster.local from pod dns-test-8b1513f5-187d-11e8-83a1-0242ac1c2c4a: the server could not find the requested resource (get pods dns-test-8b1513f5-187d-11e8-83a1-0242ac1c2c4a)&#xA;Feb 23 09:47:41.906: INFO: Lookups using dns-test-8b1513f5-187d-11e8-83a1-0242ac1c2c4a failed for: [wheezy_hosts@dns-querier-1.dns-test-service.e2e-tests-dns-99p6d.svc.cluster.local jessie_hosts@dns-querier-1.dns-test-service.e2e-tests-dns-99p6d.svc.cluster.local]&#xA;&#xA;Feb 23 09:47:51.865: INFO: Unable to read wheezy_hosts@dns-querier-1.dns-test-service.e2e-tests-dns-99p6d.svc.cluster.local from pod dns-test-8b1513f5-187d-11e8-83a1-0242ac1c2c4a: the server could not find the requested resource (get pods dns-test-8b1513f5-187d-11e8-83a1-0242ac1c2c4a)&#xA;Feb 23 09:47:51.883: INFO: Unable to read jessie_hosts@dns-querier-1.dns-test-service.e2e-tests-dns-99p6d.svc.cluster.local from pod dns-test-8b1513f5-187d-11e8-83a1-0242ac1c2c4a: the server could not find the requested resource (get pods dns-test-8b1513f5-187d-11e8-83a1-0242ac1c2c4a)&#xA;Feb 23 09:47:51.888: INFO: Lookups using dns-test-8b1513f5-187d-11e8-83a1-0242ac1c2c4a failed for: [wheezy_hosts@dns-querier-1.dns-test-service.e2e-tests-dns-99p6d.svc.cluster.local jessie_hosts@dns-querier-1.dns-test-service.e2e-tests-dns-99p6d.svc.cluster.local]&#xA;&#xA;Feb 23 09:48:01.867: INFO: Unable to read wheezy_hosts@dns-querier-1.dns-test-service.e2e-tests-dns-99p6d.svc.cluster.local from pod dns-test-8b1513f5-187d-11e8-83a1-0242ac1c2c4a: the server could not find the requested resource (get pods dns-test-8b1513f5-187d-11e8-83a1-0242ac1c2c4a)&#xA;Feb 23 09:48:01.884: INFO: Unable to read jessie_hosts@dns-querier-1.dns-test-service.e2e-tests-dns-99p6d.svc.cluster.local from pod dns-test-8b1513f5-187d-11e8-83a1-0242ac1c2c4a: the server could not find the requested resource (get pods dns-test-8b1513f5-187d-11e8-83a1-0242ac1c2c4a)&#xA;Feb 23 09:48:01.889: INFO: Lookups using dns-test-8b1513f5-187d-11e8-83a1-0242ac1c2c4a failed for: [wheezy_hosts@dns-querier-1.dns-test-service.e2e-tests-dns-99p6d.svc.cluster.local jessie_hosts@dns-querier-1.dns-test-service.e2e-tests-dns-99p6d.svc.cluster.local]&#xA;&#xA;Feb 23 09:48:11.870: INFO: Unable to read wheezy_hosts@dns-querier-1.dns-test-service.e2e-tests-dns-99p6d.svc.cluster.local from pod dns-test-8b1513f5-187d-11e8-83a1-0242ac1c2c4a: the server could not find the requested resource (get pods dns-test-8b1513f5-187d-11e8-83a1-0242ac1c2c4a)&#xA;Feb 23 09:48:11.887: INFO: Unable to read jessie_hosts@dns-querier-1.dns-test-service.e2e-tests-dns-99p6d.svc.cluster.local from pod dns-test-8b1513f5-187d-11e8-83a1-0242ac1c2c4a: the server could not find the requested resource (get pods dns-test-8b1513f5-187d-11e8-83a1-0242ac1c2c4a)&#xA;Feb 23 09:48:11.892: INFO: Lookups using dns-test-8b1513f5-187d-11e8-83a1-0242ac1c2c4a failed for: [wheezy_hosts@dns-querier-1.dns-test-service.e2e-tests-dns-99p6d.svc.cluster.local jessie_hosts@dns-querier-1.dns-test-service.e2e-tests-dns-99p6d.svc.cluster.local]&#xA;&#xA;Feb 23 09:48:21.866: INFO: Unable to read wheezy_hosts@dns-querier-1.dns-test-service.e2e-tests-dns-99p6d.svc.cluster.local from pod dns-test-8b1513f5-187d-11e8-83a1-0242ac1c2c4a: the server could not find the requested resource (get pods dns-test-8b1513f5-187d-11e8-83a1-0242ac1c2c4a)&#xA;Feb 23 09:48:21.883: INFO: Unable to read jessie_hosts@dns-querier-1.dns-test-service.e2e-tests-dns-99p6d.svc.cluster.local from pod dns-test-8b1513f5-187d-11e8-83a1-0242ac1c2c4a: the server could not find the requested resource (get pods dns-test-8b1513f5-187d-11e8-83a1-0242ac1c2c4a)&#xA;Feb 23 09:48:21.888: INFO: Lookups using dns-test-8b1513f5-187d-11e8-83a1-0242ac1c2c4a failed for: [wheezy_hosts@dns-querier-1.dns-test-service.e2e-tests-dns-99p6d.svc.cluster.local jessie_hosts@dns-querier-1.dns-test-service.e2e-tests-dns-99p6d.svc.cluster.local]&#xA;&#xA;Feb 23 09:48:31.866: INFO: Unable to read wheezy_hosts@dns-querier-1.dns-test-service.e2e-tests-dns-99p6d.svc.cluster.local from pod dns-test-8b1513f5-187d-11e8-83a1-0242ac1c2c4a: the server could not find the requested resource (get pods dns-test-8b1513f5-187d-11e8-83a1-0242ac1c2c4a)&#xA;Feb 23 09:48:31.883: INFO: Unable to read jessie_hosts@dns-querier-1.dns-test-service.e2e-tests-dns-99p6d.svc.cluster.local from pod dns-test-8b1513f5-187d-11e8-83a1-0242ac1c2c4a: the server could not find the requested resource (get pods dns-test-8b1513f5-187d-11e8-83a1-0242ac1c2c4a)&#xA;Feb 23 09:48:31.888: INFO: Lookups using dns-test-8b1513f5-187d-11e8-83a1-0242ac1c2c4a failed for: [wheezy_hosts@dns-querier-1.dns-test-service.e2e-tests-dns-99p6d.svc.cluster.local jessie_hosts@dns-querier-1.dns-test-service.e2e-tests-dns-99p6d.svc.cluster.local]&#xA;&#xA;Feb 23 09:48:41.867: INFO: Unable to read wheezy_hosts@dns-querier-1.dns-test-service.e2e-tests-dns-99p6d.svc.cluster.local from pod dns-test-8b1513f5-187d-11e8-83a1-0242ac1c2c4a: the server could not find the requested resource (get pods dns-test-8b1513f5-187d-11e8-83a1-0242ac1c2c4a)&#xA;Feb 23 09:48:41.884: INFO: Unable to read jessie_hosts@dns-querier-1.dns-test-service.e2e-tests-dns-99p6d.svc.cluster.local from pod dns-test-8b1513f5-187d-11e8-83a1-0242ac1c2c4a: the server could not find the requested resource (get pods dns-test-8b1513f5-187d-11e8-83a1-0242ac1c2c4a)&#xA;Feb 23 09:48:41.889: INFO: Lookups using dns-test-8b1513f5-187d-11e8-83a1-0242ac1c2c4a failed for: [wheezy_hosts@dns-querier-1.dns-test-service.e2e-tests-dns-99p6d.svc.cluster.local jessie_hosts@dns-querier-1.dns-test-service.e2e-tests-dns-99p6d.svc.cluster.local]&#xA;&#xA;Feb 23 09:48:51.866: INFO: Unable to read wheezy_hosts@dns-querier-1.dns-test-service.e2e-tests-dns-99p6d.svc.cluster.local from pod dns-test-8b1513f5-187d-11e8-83a1-0242ac1c2c4a: the server could not find the requested resource (get pods dns-test-8b1513f5-187d-11e8-83a1-0242ac1c2c4a)&#xA;Feb 23 09:48:51.884: INFO: Unable to read jessie_hosts@dns-querier-1.dns-test-service.e2e-tests-dns-99p6d.svc.cluster.local from pod dns-test-8b1513f5-187d-11e8-83a1-0242ac1c2c4a: the server could not find the requested resource (get pods dns-test-8b1513f5-187d-11e8-83a1-0242ac1c2c4a)&#xA;Feb 23 09:48:51.889: INFO: Lookups using dns-test-8b1513f5-187d-11e8-83a1-0242ac1c2c4a failed for: [wheezy_hosts@dns-querier-1.dns-test-service.e2e-tests-dns-99p6d.svc.cluster.local jessie_hosts@dns-querier-1.dns-test-service.e2e-tests-dns-99p6d.svc.cluster.local]&#xA;&#xA;Feb 23 09:49:01.866: INFO: Unable to read wheezy_hosts@dns-querier-1.dns-test-service.e2e-tests-dns-99p6d.svc.cluster.local from pod dns-test-8b1513f5-187d-11e8-83a1-0242ac1c2c4a: the server could not find the requested resource (get pods dns-test-8b1513f5-187d-11e8-83a1-0242ac1c2c4a)&#xA;Feb 23 09:49:01.884: INFO: Unable to read jessie_hosts@dns-querier-1.dns-test-service.e2e-tests-dns-99p6d.svc.cluster.local from pod dns-test-8b1513f5-187d-11e8-83a1-0242ac1c2c4a: the server could not find the requested resource (get pods dns-test-8b1513f5-187d-11e8-83a1-0242ac1c2c4a)&#xA;Feb 23 09:49:01.889: INFO: Lookups using dns-test-8b1513f5-187d-11e8-83a1-0242ac1c2c4a failed for: [wheezy_hosts@dns-querier-1.dns-test-service.e2e-tests-dns-99p6d.svc.cluster.local jessie_hosts@dns-querier-1.dns-test-service.e2e-tests-dns-99p6d.svc.cluster.local]&#xA;&#xA;Feb 23 09:49:11.867: INFO: Unable to read wheezy_hosts@dns-querier-1.dns-test-service.e2e-tests-dns-99p6d.svc.cluster.local from pod dns-test-8b1513f5-187d-11e8-83a1-0242ac1c2c4a: the server could not find the requested resource (get pods dns-test-8b1513f5-187d-11e8-83a1-0242ac1c2c4a)&#xA;Feb 23 09:49:11.885: INFO: Unable to read jessie_hosts@dns-querier-1.dns-test-service.e2e-tests-dns-99p6d.svc.cluster.local from pod dns-test-8b1513f5-187d-11e8-83a1-0242ac1c2c4a: the server could not find the requested resource (get pods dns-test-8b1513f5-187d-11e8-83a1-0242ac1c2c4a)&#xA;Feb 23 09:49:11.890: INFO: Lookups using dns-test-8b1513f5-187d-11e8-83a1-0242ac1c2c4a failed for: [wheezy_hosts@dns-querier-1.dns-test-service.e2e-tests-dns-99p6d.svc.cluster.local jessie_hosts@dns-querier-1.dns-test-service.e2e-tests-dns-99p6d.svc.cluster.local]&#xA;&#xA;Feb 23 09:49:21.870: INFO: Unable to read wheezy_hosts@dns-querier-1.dns-test-service.e2e-tests-dns-99p6d.svc.cluster.local from pod dns-test-8b1513f5-187d-11e8-83a1-0242ac1c2c4a: the server could not find the requested resource (get pods dns-test-8b1513f5-187d-11e8-83a1-0242ac1c2c4a)&#xA;Feb 23 09:49:21.888: INFO: Unable to read jessie_hosts@dns-querier-1.dns-test-service.e2e-tests-dns-99p6d.svc.cluster.local from pod dns-test-8b1513f5-187d-11e8-83a1-0242ac1c2c4a: the server could not find the requested resource (get pods dns-test-8b1513f5-187d-11e8-83a1-0242ac1c2c4a)&#xA;Feb 23 09:49:21.893: INFO: Lookups using dns-test-8b1513f5-187d-11e8-83a1-0242ac1c2c4a failed for: [wheezy_hosts@dns-querier-1.dns-test-service.e2e-tests-dns-99p6d.svc.cluster.local jessie_hosts@dns-querier-1.dns-test-service.e2e-tests-dns-99p6d.svc.cluster.local]&#xA;&#xA;Feb 23 09:49:31.866: INFO: Unable to read wheezy_hosts@dns-querier-1.dns-test-service.e2e-tests-dns-99p6d.svc.cluster.local from pod dns-test-8b1513f5-187d-11e8-83a1-0242ac1c2c4a: the server could not find the requested resource (get pods dns-test-8b1513f5-187d-11e8-83a1-0242ac1c2c4a)&#xA;Feb 23 09:49:31.883: INFO: Unable to read jessie_hosts@dns-querier-1.dns-test-service.e2e-tests-dns-99p6d.svc.cluster.local from pod dns-test-8b1513f5-187d-11e8-83a1-0242ac1c2c4a: the server could not find the requested resource (get pods dns-test-8b1513f5-187d-11e8-83a1-0242ac1c2c4a)&#xA;Feb 23 09:49:31.888: INFO: Lookups using dns-test-8b1513f5-187d-11e8-83a1-0242ac1c2c4a failed for: [wheezy_hosts@dns-querier-1.dns-test-service.e2e-tests-dns-99p6d.svc.cluster.local jessie_hosts@dns-querier-1.dns-test-service.e2e-tests-dns-99p6d.svc.cluster.local]&#xA;&#xA;Feb 23 09:49:41.866: INFO: Unable to read wheezy_hosts@dns-querier-1.dns-test-service.e2e-tests-dns-99p6d.svc.cluster.local from pod dns-test-8b1513f5-187d-11e8-83a1-0242ac1c2c4a: the server could not find the requested resource (get pods dns-test-8b1513f5-187d-11e8-83a1-0242ac1c2c4a)&#xA;Feb 23 09:49:41.883: INFO: Unable to read jessie_hosts@dns-querier-1.dns-test-service.e2e-tests-dns-99p6d.svc.cluster.local from pod dns-test-8b1513f5-187d-11e8-83a1-0242ac1c2c4a: the server could not find the requested resource (get pods dns-test-8b1513f5-187d-11e8-83a1-0242ac1c2c4a)&#xA;Feb 23 09:49:41.888: INFO: Lookups using dns-test-8b1513f5-187d-11e8-83a1-0242ac1c2c4a failed for: [wheezy_hosts@dns-querier-1.dns-test-service.e2e-tests-dns-99p6d.svc.cluster.local jessie_hosts@dns-querier-1.dns-test-service.e2e-tests-dns-99p6d.svc.cluster.local]&#xA;&#xA;Feb 23 09:49:51.865: INFO: Unable to read wheezy_hosts@dns-querier-1.dns-test-service.e2e-tests-dns-99p6d.svc.cluster.local from pod dns-test-8b1513f5-187d-11e8-83a1-0242ac1c2c4a: the server could not find the requested resource (get pods dns-test-8b1513f5-187d-11e8-83a1-0242ac1c2c4a)&#xA;Feb 23 09:49:51.883: INFO: Unable to read jessie_hosts@dns-querier-1.dns-test-service.e2e-tests-dns-99p6d.svc.cluster.local from pod dns-test-8b1513f5-187d-11e8-83a1-0242ac1c2c4a: the server could not find the requested resource (get pods dns-test-8b1513f5-187d-11e8-83a1-0242ac1c2c4a)&#xA;Feb 23 09:49:51.888: INFO: Lookups using dns-test-8b1513f5-187d-11e8-83a1-0242ac1c2c4a failed for: [wheezy_hosts@dns-querier-1.dns-test-service.e2e-tests-dns-99p6d.svc.cluster.local jessie_hosts@dns-querier-1.dns-test-service.e2e-tests-dns-99p6d.svc.cluster.local]&#xA;&#xA;Feb 23 09:50:01.865: INFO: Unable to read wheezy_hosts@dns-querier-1.dns-test-service.e2e-tests-dns-99p6d.svc.cluster.local from pod dns-test-8b1513f5-187d-11e8-83a1-0242ac1c2c4a: the server could not find the requested resource (get pods dns-test-8b1513f5-187d-11e8-83a1-0242ac1c2c4a)&#xA;Feb 23 09:50:01.915: INFO: Unable to read jessie_hosts@dns-querier-1.dns-test-service.e2e-tests-dns-99p6d.svc.cluster.local from pod dns-test-8b1513f5-187d-11e8-83a1-0242ac1c2c4a: the server could not find the requested resource (get pods dns-test-8b1513f5-187d-11e8-83a1-0242ac1c2c4a)&#xA;Feb 23 09:50:01.920: INFO: Lookups using dns-test-8b1513f5-187d-11e8-83a1-0242ac1c2c4a failed for: [wheezy_hosts@dns-querier-1.dns-test-service.e2e-tests-dns-99p6d.svc.cluster.local jessie_hosts@dns-querier-1.dns-test-service.e2e-tests-dns-99p6d.svc.cluster.local]&#xA;&#xA;Feb 23 09:50:11.868: INFO: Unable to read wheezy_hosts@dns-querier-1.dns-test-service.e2e-tests-dns-99p6d.svc.cluster.local from pod dns-test-8b1513f5-187d-11e8-83a1-0242ac1c2c4a: the server could not find the requested resource (get pods dns-test-8b1513f5-187d-11e8-83a1-0242ac1c2c4a)&#xA;Feb 23 09:50:11.885: INFO: Unable to read jessie_hosts@dns-querier-1.dns-test-service.e2e-tests-dns-99p6d.svc.cluster.local from pod dns-test-8b1513f5-187d-11e8-83a1-0242ac1c2c4a: the server could not find the requested resource (get pods dns-test-8b1513f5-187d-11e8-83a1-0242ac1c2c4a)&#xA;Feb 23 09:50:11.890: INFO: Lookups using dns-test-8b1513f5-187d-11e8-83a1-0242ac1c2c4a failed for: [wheezy_hosts@dns-querier-1.dns-test-service.e2e-tests-dns-99p6d.svc.cluster.local jessie_hosts@dns-querier-1.dns-test-service.e2e-tests-dns-99p6d.svc.cluster.local]&#xA;&#xA;Feb 23 09:50:21.867: INFO: Unable to read wheezy_hosts@dns-querier-1.dns-test-service.e2e-tests-dns-99p6d.svc.cluster.local from pod dns-test-8b1513f5-187d-11e8-83a1-0242ac1c2c4a: the server could not find the requested resource (get pods dns-test-8b1513f5-187d-11e8-83a1-0242ac1c2c4a)&#xA;Feb 23 09:50:21.884: INFO: Unable to read jessie_hosts@dns-querier-1.dns-test-service.e2e-tests-dns-99p6d.svc.cluster.local from pod dns-test-8b1513f5-187d-11e8-83a1-0242ac1c2c4a: the server could not find the requested resource (get pods dns-test-8b1513f5-187d-11e8-83a1-0242ac1c2c4a)&#xA;Feb 23 09:50:21.889: INFO: Lookups using dns-test-8b1513f5-187d-11e8-83a1-0242ac1c2c4a failed for: [wheezy_hosts@dns-querier-1.dns-test-service.e2e-tests-dns-99p6d.svc.cluster.local jessie_hosts@dns-querier-1.dns-test-service.e2e-tests-dns-99p6d.svc.cluster.local]&#xA;&#xA;Feb 23 09:50:31.868: INFO: Unable to read wheezy_hosts@dns-querier-1.dns-test-service.e2e-tests-dns-99p6d.svc.cluster.local from pod dns-test-8b1513f5-187d-11e8-83a1-0242ac1c2c4a: the server could not find the requested resource (get pods dns-test-8b1513f5-187d-11e8-83a1-0242ac1c2c4a)&#xA;Feb 23 09:50:31.886: INFO: Unable to read jessie_hosts@dns-querier-1.dns-test-service.e2e-tests-dns-99p6d.svc.cluster.local from pod dns-test-8b1513f5-187d-11e8-83a1-0242ac1c2c4a: the server could not find the requested resource (get pods dns-test-8b1513f5-187d-11e8-83a1-0242ac1c2c4a)&#xA;Feb 23 09:50:31.891: INFO: Lookups using dns-test-8b1513f5-187d-11e8-83a1-0242ac1c2c4a failed for: [wheezy_hosts@dns-querier-1.dns-test-service.e2e-tests-dns-99p6d.svc.cluster.local jessie_hosts@dns-querier-1.dns-test-service.e2e-tests-dns-99p6d.svc.cluster.local]&#xA;&#xA;Feb 23 09:50:41.865: INFO: Unable to read wheezy_hosts@dns-querier-1.dns-test-service.e2e-tests-dns-99p6d.svc.cluster.local from pod dns-test-8b1513f5-187d-11e8-83a1-0242ac1c2c4a: the server could not find the requested resource (get pods dns-test-8b1513f5-187d-11e8-83a1-0242ac1c2c4a)&#xA;Feb 23 09:50:41.883: INFO: Unable to read jessie_hosts@dns-querier-1.dns-test-service.e2e-tests-dns-99p6d.svc.cluster.local from pod dns-test-8b1513f5-187d-11e8-83a1-0242ac1c2c4a: the server could not find the requested resource (get pods dns-test-8b1513f5-187d-11e8-83a1-0242ac1c2c4a)&#xA;Feb 23 09:50:41.888: INFO: Lookups using dns-test-8b1513f5-187d-11e8-83a1-0242ac1c2c4a failed for: [wheezy_hosts@dns-querier-1.dns-test-service.e2e-tests-dns-99p6d.svc.cluster.local jessie_hosts@dns-querier-1.dns-test-service.e2e-tests-dns-99p6d.svc.cluster.local]&#xA;&#xA;Feb 23 09:50:51.865: INFO: Unable to read wheezy_hosts@dns-querier-1.dns-test-service.e2e-tests-dns-99p6d.svc.cluster.local from pod dns-test-8b1513f5-187d-11e8-83a1-0242ac1c2c4a: the server could not find the requested resource (get pods dns-test-8b1513f5-187d-11e8-83a1-0242ac1c2c4a)&#xA;Feb 23 09:50:51.882: INFO: Unable to read jessie_hosts@dns-querier-1.dns-test-service.e2e-tests-dns-99p6d.svc.cluster.local from pod dns-test-8b1513f5-187d-11e8-83a1-0242ac1c2c4a: the server could not find the requested resource (get pods dns-test-8b1513f5-187d-11e8-83a1-0242ac1c2c4a)&#xA;Feb 23 09:50:51.887: INFO: Lookups using dns-test-8b1513f5-187d-11e8-83a1-0242ac1c2c4a failed for: [wheezy_hosts@dns-querier-1.dns-test-service.e2e-tests-dns-99p6d.svc.cluster.local jessie_hosts@dns-querier-1.dns-test-service.e2e-tests-dns-99p6d.svc.cluster.local]&#xA;&#xA;Feb 23 09:51:01.866: INFO: Unable to read wheezy_hosts@dns-querier-1.dns-test-service.e2e-tests-dns-99p6d.svc.cluster.local from pod dns-test-8b1513f5-187d-11e8-83a1-0242ac1c2c4a: the server could not find the requested resource (get pods dns-test-8b1513f5-187d-11e8-83a1-0242ac1c2c4a)&#xA;Feb 23 09:51:01.884: INFO: Unable to read jessie_hosts@dns-querier-1.dns-test-service.e2e-tests-dns-99p6d.svc.cluster.local from pod dns-test-8b1513f5-187d-11e8-83a1-0242ac1c2c4a: the server could not find the requested resource (get pods dns-test-8b1513f5-187d-11e8-83a1-0242ac1c2c4a)&#xA;Feb 23 09:51:01.889: INFO: Lookups using dns-test-8b1513f5-187d-11e8-83a1-0242ac1c2c4a failed for: [wheezy_hosts@dns-querier-1.dns-test-service.e2e-tests-dns-99p6d.svc.cluster.local jessie_hosts@dns-querier-1.dns-test-service.e2e-tests-dns-99p6d.svc.cluster.local]&#xA;&#xA;Feb 23 09:51:11.867: INFO: Unable to read wheezy_hosts@dns-querier-1.dns-test-service.e2e-tests-dns-99p6d.svc.cluster.local from pod dns-test-8b1513f5-187d-11e8-83a1-0242ac1c2c4a: the server could not find the requested resource (get pods dns-test-8b1513f5-187d-11e8-83a1-0242ac1c2c4a)&#xA;Feb 23 09:51:11.884: INFO: Unable to read jessie_hosts@dns-querier-1.dns-test-service.e2e-tests-dns-99p6d.svc.cluster.local from pod dns-test-8b1513f5-187d-11e8-83a1-0242ac1c2c4a: the server could not find the requested resource (get pods dns-test-8b1513f5-187d-11e8-83a1-0242ac1c2c4a)&#xA;Feb 23 09:51:11.889: INFO: Lookups using dns-test-8b1513f5-187d-11e8-83a1-0242ac1c2c4a failed for: [wheezy_hosts@dns-querier-1.dns-test-service.e2e-tests-dns-99p6d.svc.cluster.local jessie_hosts@dns-querier-1.dns-test-service.e2e-tests-dns-99p6d.svc.cluster.local]&#xA;&#xA;Feb 23 09:51:21.866: INFO: Unable to read wheezy_hosts@dns-querier-1.dns-test-service.e2e-tests-dns-99p6d.svc.cluster.local from pod dns-test-8b1513f5-187d-11e8-83a1-0242ac1c2c4a: the server could not find the requested resource (get pods dns-test-8b1513f5-187d-11e8-83a1-0242ac1c2c4a)&#xA;Feb 23 09:51:21.884: INFO: Unable to read jessie_hosts@dns-querier-1.dns-test-service.e2e-tests-dns-99p6d.svc.cluster.local from pod dns-test-8b1513f5-187d-11e8-83a1-0242ac1c2c4a: the server could not find the requested resource (get pods dns-test-8b1513f5-187d-11e8-83a1-0242ac1c2c4a)&#xA;Feb 23 09:51:21.889: INFO: Lookups using dns-test-8b1513f5-187d-11e8-83a1-0242ac1c2c4a failed for: [wheezy_hosts@dns-querier-1.dns-test-service.e2e-tests-dns-99p6d.svc.cluster.local jessie_hosts@dns-querier-1.dns-test-service.e2e-tests-dns-99p6d.svc.cluster.local]&#xA;&#xA;Feb 23 09:51:31.870: INFO: Unable to read wheezy_hosts@dns-querier-1.dns-test-service.e2e-tests-dns-99p6d.svc.cluster.local from pod dns-test-8b1513f5-187d-11e8-83a1-0242ac1c2c4a: the server could not find the requested resource (get pods dns-test-8b1513f5-187d-11e8-83a1-0242ac1c2c4a)&#xA;Feb 23 09:51:31.890: INFO: Unable to read jessie_hosts@dns-querier-1.dns-test-service.e2e-tests-dns-99p6d.svc.cluster.local from pod dns-test-8b1513f5-187d-11e8-83a1-0242ac1c2c4a: the server could not find the requested resource (get pods dns-test-8b1513f5-187d-11e8-83a1-0242ac1c2c4a)&#xA;Feb 23 09:51:31.895: INFO: Lookups using dns-test-8b1513f5-187d-11e8-83a1-0242ac1c2c4a failed for: [wheezy_hosts@dns-querier-1.dns-test-service.e2e-tests-dns-99p6d.svc.cluster.local jessie_hosts@dns-querier-1.dns-test-service.e2e-tests-dns-99p6d.svc.cluster.local]&#xA;&#xA;Feb 23 09:51:41.870: INFO: Unable to read wheezy_hosts@dns-querier-1.dns-test-service.e2e-tests-dns-99p6d.svc.cluster.local from pod dns-test-8b1513f5-187d-11e8-83a1-0242ac1c2c4a: the server could not find the requested resource (get pods dns-test-8b1513f5-187d-11e8-83a1-0242ac1c2c4a)&#xA;Feb 23 09:51:41.891: INFO: Unable to read jessie_hosts@dns-querier-1.dns-test-service.e2e-tests-dns-99p6d.svc.cluster.local from pod dns-test-8b1513f5-187d-11e8-83a1-0242ac1c2c4a: the server could not find the requested resource (get pods dns-test-8b1513f5-187d-11e8-83a1-0242ac1c2c4a)&#xA;Feb 23 09:51:41.896: INFO: Lookups using dns-test-8b1513f5-187d-11e8-83a1-0242ac1c2c4a failed for: [wheezy_hosts@dns-querier-1.dns-test-service.e2e-tests-dns-99p6d.svc.cluster.local jessie_hosts@dns-querier-1.dns-test-service.e2e-tests-dns-99p6d.svc.cluster.local]&#xA;&#xA;Feb 23 09:51:41.910: INFO: Unable to read wheezy_hosts@dns-querier-1.dns-test-service.e2e-tests-dns-99p6d.svc.cluster.local from pod dns-test-8b1513f5-187d-11e8-83a1-0242ac1c2c4a: the server could not find the requested resource (get pods dns-test-8b1513f5-187d-11e8-83a1-0242ac1c2c4a)&#xA;Feb 23 09:51:41.933: INFO: Unable to read jessie_hosts@dns-querier-1.dns-test-service.e2e-tests-dns-99p6d.svc.cluster.local from pod dns-test-8b1513f5-187d-11e8-83a1-0242ac1c2c4a: the server could not find the requested resource (get pods dns-test-8b1513f5-187d-11e8-83a1-0242ac1c2c4a)&#xA;Feb 23 09:51:41.938: INFO: Lookups using dns-test-8b1513f5-187d-11e8-83a1-0242ac1c2c4a failed for: [wheezy_hosts@dns-querier-1.dns-test-service.e2e-tests-dns-99p6d.svc.cluster.local jessie_hosts@dns-querier-1.dns-test-service.e2e-tests-dns-99p6d.svc.cluster.local]&#xA;&#xA;Feb 23 09:51:41.938: INFO: Unexpected error occurred: timed out waiting for the condition&#xA;STEP: deleting the pod&#xA;[AfterEach] [sig-network] DNS&#xA;  /go/src/k8s.io/kubernetes/_output/dockerized/go/src/k8s.io/kubernetes/test/e2e/framework/framework.go:135&#xA;STEP: Collecting events from namespace &#34;e2e-tests-dns-99p6d&#34;.&#xA;STEP: Found 16 events.&#xA;Feb 23 09:51:42.001: INFO: At 2018-02-23 09:40:11 +0000 UTC - event for dns-test-8b1513f5-187d-11e8-83a1-0242ac1c2c4a: {default-scheduler } Scheduled: Successfully assigned dns-test-8b1513f5-187d-11e8-83a1-0242ac1c2c4a to 172.28.40.253&#xA;Feb 23 09:51:42.001: INFO: At 2018-02-23 09:40:12 +0000 UTC - event for dns-test-8b1513f5-187d-11e8-83a1-0242ac1c2c4a: {kubelet 172.28.40.253} Pulling: pulling image &#34;gcr.io/kubernetes-e2e-test-images/test-webserver-amd64:1.0&#34;&#xA;Feb 23 09:51:42.001: INFO: At 2018-02-23 09:40:16 +0000 UTC - event for dns-test-8b1513f5-187d-11e8-83a1-0242ac1c2c4a: {kubelet 172.28.40.253} Created: Created container with id 26b1d998eda7ab72535eddbb59c5b125751b0066d621ae4e43621774a741013a&#xA;Feb 23 09:51:42.001: INFO: At 2018-02-23 09:40:16 +0000 UTC - event for dns-test-8b1513f5-187d-11e8-83a1-0242ac1c2c4a: {kubelet 172.28.40.253} Started: Started container with id 26b1d998eda7ab72535eddbb59c5b125751b0066d621ae4e43621774a741013a&#xA;Feb 23 09:51:42.001: INFO: At 2018-02-23 09:40:16 +0000 UTC - event for dns-test-8b1513f5-187d-11e8-83a1-0242ac1c2c4a: {kubelet 172.28.40.253} Pulling: pulling image &#34;gcr.io/kubernetes-e2e-test-images/dnsutils-amd64:1.0&#34;&#xA;Feb 23 09:51:42.001: INFO: At 2018-02-23 09:40:16 +0000 UTC - event for dns-test-8b1513f5-187d-11e8-83a1-0242ac1c2c4a: {kubelet 172.28.40.253} Pulled: Successfully pulled image &#34;gcr.io/kubernetes-e2e-test-images/test-webserver-amd64:1.0&#34;&#xA;Feb 23 09:51:42.001: INFO: At 2018-02-23 09:40:20 +0000 UTC - event for dns-test-8b1513f5-187d-11e8-83a1-0242ac1c2c4a: {kubelet 172.28.40.253} Pulling: pulling image &#34;gcr.io/kubernetes-e2e-test-images/jessie-dnsutils-amd64:1.0&#34;&#xA;Feb 23 09:51:42.001: INFO: At 2018-02-23 09:40:20 +0000 UTC - event for dns-test-8b1513f5-187d-11e8-83a1-0242ac1c2c4a: {kubelet 172.28.40.253} Pulled: Successfully pulled image &#34;gcr.io/kubernetes-e2e-test-images/dnsutils-amd64:1.0&#34;&#xA;Feb 23 09:51:42.001: INFO: At 2018-02-23 09:40:20 +0000 UTC - event for dns-test-8b1513f5-187d-11e8-83a1-0242ac1c2c4a: {kubelet 172.28.40.253} Created: Created container with id 25c9f3bfaa7d7b344d9b4516efd5f872c4e72a88c5eda37eac994185d6610e50&#xA;Feb 23 09:51:42.001: INFO: At 2018-02-23 09:40:20 +0000 UTC - event for dns-test-8b1513f5-187d-11e8-83a1-0242ac1c2c4a: {kubelet 172.28.40.253} Started: Started container with id 25c9f3bfaa7d7b344d9b4516efd5f872c4e72a88c5eda37eac994185d6610e50&#xA;Feb 23 09:51:42.001: INFO: At 2018-02-23 09:41:39 +0000 UTC - event for dns-test-8b1513f5-187d-11e8-83a1-0242ac1c2c4a: {kubelet 172.28.40.253} Pulled: Successfully pulled image &#34;gcr.io/kubernetes-e2e-test-images/jessie-dnsutils-amd64:1.0&#34;&#xA;Feb 23 09:51:42.001: INFO: At 2018-02-23 09:41:39 +0000 UTC - event for dns-test-8b1513f5-187d-11e8-83a1-0242ac1c2c4a: {kubelet 172.28.40.253} Created: Created container with id 2ff46784d87cbd5be28041a97b693124115b2a2efc712304f1152e2de448690e&#xA;Feb 23 09:51:42.001: INFO: At 2018-02-23 09:41:39 +0000 UTC - event for dns-test-8b1513f5-187d-11e8-83a1-0242ac1c2c4a: {kubelet 172.28.40.253} Started: Started container with id 2ff46784d87cbd5be28041a97b693124115b2a2efc712304f1152e2de448690e&#xA;Feb 23 09:51:42.001: INFO: At 2018-02-23 09:50:50 +0000 UTC - event for dns-test-8b1513f5-187d-11e8-83a1-0242ac1c2c4a: {kubelet 172.28.40.253} Pulled: Container image &#34;gcr.io/kubernetes-e2e-test-images/dnsutils-amd64:1.0&#34; already present on machine&#xA;Feb 23 09:51:42.001: INFO: At 2018-02-23 09:50:50 +0000 UTC - event for dns-test-8b1513f5-187d-11e8-83a1-0242ac1c2c4a: {kubelet 172.28.40.253} Created: Created container with id ee234d165e88297e1b72b1cf0a46642126f9ca633e5e21123aec4a8bd8f35b53&#xA;Feb 23 09:51:42.001: INFO: At 2018-02-23 09:50:51 +0000 UTC - event for dns-test-8b1513f5-187d-11e8-83a1-0242ac1c2c4a: {kubelet 172.28.40.253} Started: Started container with id ee234d165e88297e1b72b1cf0a46642126f9ca633e5e21123aec4a8bd8f35b53&#xA;Feb 23 09:51:42.007: INFO: POD                                    NODE           PHASE    GRACE  CONDITIONS&#xA;Feb 23 09:51:42.007: INFO: curl-57077659-pnzns                    172.28.40.253  Running         [{Initialized True 0001-01-01 00:00:00 +0000 UTC 2018-02-06 07:57:21 +0000 UTC  } {Ready True 0001-01-01 00:00:00 +0000 UTC 2018-02-23 07:48:37 +0000 UTC  } {PodScheduled True 0001-01-01 00:00:00 +0000 UTC 2018-02-06 07:57:21 +0000 UTC  }]&#xA;Feb 23 09:51:42.007: INFO: default-http-backend-3573850553-shs2f  172.28.40.252  Running         [{Initialized True 0001-01-01 00:00:00 +0000 UTC 2018-01-24 09:18:57 +0000 UTC  } {Ready True 0001-01-01 00:00:00 +0000 UTC 2018-02-23 07:48:43 +0000 UTC  } {PodScheduled True 0001-01-01 00:00:00 +0000 UTC 2018-01-24 09:18:57 +0000 UTC  }]&#xA;Feb 23 09:51:42.007: INFO: my-nginx-4190440701-6x3d1              172.28.40.253  Running         [{Initialized True 0001-01-01 00:00:00 +0000 UTC 2018-02-06 06:19:52 +0000 UTC  } {Ready True 0001-01-01 00:00:00 +0000 UTC 2018-02-23 07:48:37 +0000 UTC  } {PodScheduled True 0001-01-01 00:00:00 +0000 UTC 2018-02-06 06:19:52 +0000 UTC  }]&#xA;Feb 23 09:51:42.007: INFO: my-nginx-4190440701-p5k0x              172.28.40.253  Running         [{Initialized True 0001-01-01 00:00:00 +0000 UTC 2018-02-06 06:19:53 +0000 UTC  } {Ready True 0001-01-01 00:00:00 +0000 UTC 2018-02-23 07:48:37 +0000 UTC  } {PodScheduled True 0001-01-01 00:00:00 +0000 UTC 2018-02-06 06:19:53 +0000 UTC  }]&#xA;Feb 23 09:51:42.007: INFO: test-deployment-408745850-00zls        172.28.40.252  Running         [{Initialized True 0001-01-01 00:00:00 +0000 UTC 2018-02-02 05:44:53 +0000 UTC  } {Ready True 0001-01-01 00:00:00 +0000 UTC 2018-02-23 07:48:46 +0000 UTC  } {PodScheduled True 0001-01-01 00:00:00 +0000 UTC 2018-02-02 05:44:53 +0000 UTC  }]&#xA;Feb 23 09:51:42.007: INFO: test-deployment-408745850-j3n1h        172.28.40.253  Running         [{Initialized True 0001-01-01 00:00:00 +0000 UTC 2018-02-02 05:44:53 +0000 UTC  } {Ready True 0001-01-01 00:00:00 +0000 UTC 2018-02-23 07:48:38 +0000 UTC  } {PodScheduled True 0001-01-01 00:00:00 +0000 UTC 2018-02-02 05:44:53 +0000 UTC  }]&#xA;Feb 23 09:51:42.007: INFO: sonobuoy                               172.28.40.253  Running         [{Initialized True 0001-01-01 00:00:00 +0000 UTC 2018-02-23 09:22:16 +0000 UTC  } {Ready True 0001-01-01 00:00:00 +0000 UTC 2018-02-23 09:27:38 +0000 UTC  } {PodScheduled True 0001-01-01 00:00:00 +0000 UTC 2018-02-23 09:22:16 +0000 UTC  }]&#xA;Feb 23 09:51:42.007: INFO: sonobuoy-e2e-job-582fc1e8360c48cc      172.28.40.253  Running         [{Initialized True 0001-01-01 00:00:00 +0000 UTC 2018-02-23 09:25:09 +0000 UTC  } {Ready True 0001-01-01 00:00:00 +0000 UTC 2018-02-23 09:28:07 +0000 UTC  } {PodScheduled True 0001-01-01 00:00:00 +0000 UTC 2018-02-23 09:25:09 +0000 UTC  }]&#xA;Feb 23 09:51:42.007: INFO: heapster-3541315297-879n8              172.28.40.252  Running         [{Initialized True 0001-01-01 00:00:00 +0000 UTC 2018-01-24 09:19:01 +0000 UTC  } {Ready True 0001-01-01 00:00:00 +0000 UTC 2018-02-23 07:48:43 +0000 UTC  } {PodScheduled True 0001-01-01 00:00:00 +0000 UTC 2018-01-24 09:18:59 +0000 UTC  }]&#xA;Feb 23 09:51:42.007: INFO: kube-dns-2151606476-3fxqh              172.28.40.252  Running         [{Initialized True 0001-01-01 00:00:00 +0000 UTC 2018-01-24 09:19:01 +0000 UTC  } {Ready True 0001-01-01 00:00:00 +0000 UTC 2018-02-23 07:48:45 +0000 UTC  } {PodScheduled True 0001-01-01 00:00:00 +0000 UTC 2018-01-24 09:18:59 +0000 UTC  }]&#xA;Feb 23 09:51:42.007: INFO: kube-dns-2151606476-57rt7              172.28.40.252  Running         [{Initialized True 0001-01-01 00:00:00 +0000 UTC 2018-01-25 07:29:52 +0000 UTC  } {Ready True 0001-01-01 00:00:00 +0000 UTC 2018-02-23 07:48:55 +0000 UTC  } {PodScheduled True 0001-01-01 00:00:00 +0000 UTC 2018-01-25 07:29:52 +0000 UTC  }]&#xA;Feb 23 09:51:42.007: INFO: kubernetes-dashboard-3564957082-zz0jt  172.28.40.253  Running         [{Initialized True 0001-01-01 00:00:00 +0000 UTC 2018-02-07 10:38:08 +0000 UTC  } {Ready True 0001-01-01 00:00:00 +0000 UTC 2018-02-23 07:48:37 +0000 UTC  } {PodScheduled True 0001-01-01 00:00:00 +0000 UTC 2018-02-07 10:38:08 +0000 UTC  }]&#xA;Feb 23 09:51:42.007: INFO: kubernetes-dashboard-4067619534-hd9rg  172.28.40.253  Running         [{Initialized True 0001-01-01 00:00:00 +0000 UTC 2018-02-07 10:10:50 +0000 UTC  } {Ready True 0001-01-01 00:00:00 +0000 UTC 2018-02-23 07:48:37 +0000 UTC  } {PodScheduled True 0001-01-01 00:00:00 +0000 UTC 2018-02-07 10:10:50 +0000 UTC  }]&#xA;Feb 23 09:51:42.007: INFO: monitoring-grafana-182961395-t1wdz     172.28.40.252  Running         [{Initialized True 0001-01-01 00:00:00 +0000 UTC 2018-01-24 09:19:01 +0000 UTC  } {Ready True 0001-01-01 00:00:00 +0000 UTC 2018-02-23 07:48:44 +0000 UTC  } {PodScheduled True 0001-01-01 00:00:00 +0000 UTC 2018-01-24 09:19:00 +0000 UTC  }]&#xA;Feb 23 09:51:42.007: INFO: monitoring-influxdb-742840477-02058    172.28.40.252  Running         [{Initialized True 0001-01-01 00:00:00 +0000 UTC 2018-01-24 09:19:01 +0000 UTC  } {Ready True 0001-01-01 00:00:00 +0000 UTC 2018-02-23 07:48:43 +0000 UTC  } {PodScheduled True 0001-01-01 00:00:00 +0000 UTC 2018-01-24 09:19:00 +0000 UTC  }]&#xA;Feb 23 09:51:42.007: INFO: nginx-ingress-lb-568296160-55s99       172.28.40.252  Running         [{Initialized True 0001-01-01 00:00:00 +0000 UTC 2018-01-24 09:19:01 +0000 UTC  } {Ready True 0001-01-01 00:00:00 +0000 UTC 2018-02-23 07:48:45 +0000 UTC  } {PodScheduled True 0001-01-01 00:00:00 +0000 UTC 2018-01-24 09:19:00 +0000 UTC  }]&#xA;Feb 23 09:51:42.007: INFO: loan-manager-web-3708347581-hr6gf      172.28.40.252  Running         [{Initialized True 0001-01-01 00:00:00 +0000 UTC 2018-01-24 09:19:01 +0000 UTC  } {Ready True 0001-01-01 00:00:00 +0000 UTC 2018-02-23 07:48:44 +0000 UTC  } {PodScheduled True 0001-01-01 00:00:00 +0000 UTC 2018-01-24 09:19:01 +0000 UTC  }]&#xA;Feb 23 09:51:42.007: INFO: sonobuoy                               172.28.40.253  Running         [{Initialized True 0001-01-01 00:00:00 +0000 UTC 2018-02-23 08:09:50 +0000 UTC  } {Ready True 0001-01-01 00:00:00 +0000 UTC 2018-02-23 08:09:57 +0000 UTC  } {PodScheduled True 0001-01-01 00:00:00 +0000 UTC 2018-02-23 08:09:50 +0000 UTC  }]&#xA;Feb 23 09:51:42.007: INFO: &#xA;Feb 23 09:51:42.010: INFO: &#xA;Logging node info for node 172.28.40.252&#xA;Feb 23 09:51:42.011: INFO: Node Info: &amp;Node{ObjectMeta:k8s_io_apimachinery_pkg_apis_meta_v1.ObjectMeta{Name:172.28.40.252,GenerateName:,Namespace:,SelfLink:/api/v1/nodes172.28.40.252,UID:89f1ca06-8361-11e7-83be-c85b76af3a19,ResourceVersion:25689006,Generation:0,CreationTimestamp:2017-08-17 15:34:20 +0000 UTC,DeletionTimestamp:&lt;nil&gt;,DeletionGracePeriodSeconds:nil,Labels:map[string]string{beta.kubernetes.io/arch: amd64,beta.kubernetes.io/fluentd-ds-ready: true,beta.kubernetes.io/os: linux,kubernetes.io/hostname: 172.28.40.252,},Annotations:map[string]string{node.alpha.kubernetes.io/ttl: 0,volumes.kubernetes.io/controller-managed-attach-detach: true,},OwnerReferences:[],Finalizers:[],ClusterName:,Initializers:nil,},Spec:NodeSpec{PodCIDR:172.28.44.0/24,ExternalID:172.28.40.252,ProviderID:,Unschedulable:false,Taints:[],ConfigSource:nil,},Status:NodeStatus{Capacity:ResourceList{cpu: {{4 0} {&lt;nil&gt;} 4 DecimalSI},memory: {{8112148480 0} {&lt;nil&gt;} 7922020Ki BinarySI},pods: {{110 0} {&lt;nil&gt;} 110 DecimalSI},},Allocatable:ResourceList{cpu: {{4 0} {&lt;nil&gt;} 4 DecimalSI},memory: {{8007290880 0} {&lt;nil&gt;} 7819620Ki BinarySI},pods: {{110 0} {&lt;nil&gt;} 110 DecimalSI},},Phase:,Conditions:[{OutOfDisk False 2018-02-23 09:51:41 +0000 UTC 2018-01-24 09:04:44 +0000 UTC KubeletHasSufficientDisk kubelet has sufficient disk space available} {MemoryPressure False 2018-02-23 09:51:41 +0000 UTC 2018-01-24 09:04:44 +0000 UTC KubeletHasSufficientMemory kubelet has sufficient memory available} {DiskPressure False 2018-02-23 09:51:41 +0000 UTC 2018-01-24 09:04:44 +0000 UTC KubeletHasNoDiskPressure kubelet has no disk pressure} {Ready True 2018-02-23 09:51:41 +0000 UTC 2018-01-24 09:04:44 +0000 UTC KubeletReady kubelet is posting ready status}],Addresses:[{LegacyHostIP 172.28.40.252} {InternalIP 172.28.40.252} {Hostname 172.28.40.252}],DaemonEndpoints:NodeDaemonEndpoints{KubeletEndpoint:DaemonEndpoint{Port:10250,},},NodeInfo:NodeSystemInfo{MachineID:7f0e2da3e5b1430599f3d0c42078a450,SystemUUID:4DB41674-1B15-11E7-B32F-FD03500C3300,BootID:e7bea30b-3800-4667-864e-e4df488dafc3,KernelVersion:3.10.0-514.26.2.el7.x86_64,OSImage:CentOS Linux 7 (Core),ContainerRuntimeVersion:docker://Unknown,KubeletVersion:v1.6.8,KubeProxyVersion:v1.6.8,OperatingSystem:linux,Architecture:amd64,},Images:[{[dorowu/ubuntu-desktop-lxde-vnc@sha256:9e79e40c997ea6c0789ce695e9530ea13140f561669c1cacd50dbe054289c0cd dorowu/ubuntu-desktop-lxde-vnc:latest] 1310395082} {[perl@sha256:602d654765ebdd0881c435ddfa09c0a8e2ce81581c5415bc608183cd388ba555 perl:latest] 879012185} {[reg.qianbao-inc.com/base/centos7-fluentd@sha256:9e99a2b7a178a804d7ecb7cd25a8b78bdbfa2681b614f5bea27d3fd3dbe603a5 172.28.40.90/base/centos7-fluentd:latest reg.qianbao-inc.com/base/centos7-fluentd:latest] 778846664} {[172.28.40.90/base/centos7-fluentd@sha256:52808e02527a1065bf00bbd0410c83e56f7db0d452f6631e597a2f66af92ea65] 778842535} {[172.28.40.90/base/centos7-fluentd@sha256:3a03cbf6c1c2d1876010e451af3f2596ce24416e324d5d702db9e3db46c7fead] 778840917} {[reg.qianbao-inc.com/appimages/loan_manager_web@sha256:5cd3519d4c114b797a4e2612c8c83ecb02302f72c5441ba4ca92181a8cfa07f9 reg.qianbao-inc.com/appimages/loan_manager_web:201708241425] 648340819} {[reg.qianbao-inc.com/appimages/loan_manager_web@sha256:60c5c82a61d75acd7d431a8f86d0223a075d274ddcdb3d9a81fb51f45bd14581 reg.qianbao-inc.com/appimages/loan_manager_web:201708231829] 646662057} {[172.28.40.90/appimages/loan_manager_web@sha256:e85b4db8d72adfa126c294b07cde892d72ca7af7d51bf025ffaba06e7c7b5551 reg.qianbao-inc.com/appimages/loan_manager_web@sha256:e85b4db8d72adfa126c294b07cde892d72ca7af7d51bf025ffaba06e7c7b5551 172.28.40.90/appimages/loan_manager_web:201708231533 reg.qianbao-inc.com/appimages/loan_manager_web:201708231533] 646661488} {[172.28.40.90/appimages/loan_manager_web@sha256:884bc64e6833bca7eb0cb7f88846c89908813fedc6142b006b164371bf342d24 172.28.40.90/appimages/loan_manager_web:201708231053] 644865336} {[reg.qianbao-inc.com/base/centos7-jdk1.7-tomcat8-base@sha256:a52a51fcecd30b2670c9e4c5766ab1b6b36498d6e99c318e453371e96a3b7e40 reg.qianbao-inc.com/base/centos7-jdk1.7-tomcat8-base:latest] 568866130} {[172.28.40.90/base/centos7-fluentd@sha256:0ba96c5a4dad3989f770c301cfaaedc5e5ff3cf8d4102cf08c957099ab2bb674 172.28.40.90/base/centos7-jdk1.7-tomcat8-base:latest] 546080806} {[172.28.40.90/base/centos7-fluentd@sha256:301966ed37ebeb9197c6d913a1e3f348c5568272c6b45cf99f202729162fb96f] 546080806} {[172.28.40.90/base/centos7-jdk1.7-tomcat8-base@sha256:9509e3d2fffffde2054608d3e915bd3e586974d396f7c1d8cd9fb94dd28fed6a] 546080806} {[reg.qianbao-inc.com/base/centos7-nginx@sha256:6532f22828d508602e209e298618786db57bf0e8b2d8fad12b605738356bfa57 nginx:latest reg.qianbao-inc.com/base/centos7-nginx:latest] 397033431} {[reg.qianbao-inc.com/base/centos7-nginx@sha256:83465df5c8e34e2836ecbc15767feff447263fb682b7826b6490d5cf7173d227] 397024018} {[reg.qianbao-inc.com/base/centos7-nginx@sha256:250bbaf9ff1fe83b582f129819d966e3e4e2e8c34af7ede5f78b49ccdcafee2a] 397006282} {[&lt;none&gt;@&lt;none&gt; &lt;none&gt;:&lt;none&gt;] 397006085} {[&lt;none&gt;@&lt;none&gt; &lt;none&gt;:&lt;none&gt;] 397001116} {[&lt;none&gt;@&lt;none&gt; &lt;none&gt;:&lt;none&gt;] 319205511} {[&lt;none&gt;@&lt;none&gt; &lt;none&gt;:&lt;none&gt;] 319205511} {[onlyerich/fluentd-elasticsearch@sha256:8b2244d0c10c70fad3dac392aab8efbb235cc84e0d2f3ae6a11291b6b35f0845 onlyerich/fluentd-elasticsearch:1.22] 266212638} {[registry.access.redhat.com/rhel7/pod-infrastructure@sha256:a269caa130cc66f83de0f5ff96305d0ed80cbab279279bca61db8cb50b38ed13 registry.access.redhat.com/rhel7/pod-infrastructure:latest] 205810221} {[zhaixigui/heapster-grafana-amd64@sha256:f971e645adb7f9ea355b3ade0c0eb799299fb7bdb21775436ce910e344166cef zhaixigui/heapster-grafana-amd64:v4.2.0] 145850413} {[zhaixigui/nginx-ingress-controller@sha256:cc6f47793afdc422f5c058f1ea073a53b540a3e9213e715183995abdb91114d8 zhaixigui/nginx-ingress-controller:0.9.0-beta.10] 131649888} {[lvanneo/heapster-grafana-amd64@sha256:693811e8824f87757859cfe5974fb7358fe827ea9078a0b87be76159674b97e6 lvanneo/heapster-grafana-amd64:v4.0.2] 131461556} {[prom/prometheus@sha256:aae7f9829bbbba8f98b3ebd4f2b5c47c09ed8f2e47a4f3022cae5aed546a4c3c prom/prometheus:latest] 111714634} {[cokabug/kubernetes-dashboard-amd64@sha256:6e761c36d295dd90e2117cc4dd7a7bcb7a8f5bca1384202031760813110c4dcc cokabug/kubernetes-dashboard-amd64:v1.6.0] 108572029} {[nginx@sha256:e3456c851a152494c3e4ff5fcc26f240206abac0c9d794affb40e0714846c451 nginx:1.7.9] 91641000} {[zhaixigui/heapster-amd64@sha256:f70f044db6e609737efa28d1007e22761af3cddfefbe3688033de46ac6389455 zhaixigui/heapster-amd64:v1.4.0] 73395475} {[zhaixigui/k8s-dns-kube-dns-amd64@sha256:03552e82aff26e70ee56744678f1660e7df71ba083ad8e428ad10fb941ecdc4f zhaixigui/k8s-dns-kube-dns-amd64:1.14.4] 49383112} {[zhaixigui/k8s-dns-sidecar-amd64@sha256:e4592661b68a5a029b76d45575a48cd69c95b96d1e312aaf7e3c22797ef0d823 zhaixigui/k8s-dns-sidecar-amd64:1.14.4] 41814878} {[zhaixigui/k8s-dns-dnsmasq-nanny-amd64@sha256:970af113854db3e70be7079ad27af22061aee9fd18ae28775ddd9d76130410ce zhaixigui/k8s-dns-dnsmasq-nanny-amd64:1.14.4] 41410758} {[lvanneo/heapster-influxdb-amd64@sha256:32b43d82e50588990bb6ec3947507f9c247330695870108bacfc23a8a6f96db4 lvanneo/heapster-influxdb-amd64:v1.1.1] 11585302} {[zhaixigui/heapster-influxdb-amd64@sha256:4fbe175e4202a2812f4fdc245c63a7d04e59e5ac754957fbe2bdd3bc29eb8e6d zhaixigui/heapster-influxdb-amd64:v1.1.1] 11585302} {[zhaixigui/nginx-defaultbackend@sha256:94d32dc1142c5fa22971ceaaabf4a78ac87d76c53c3f82c6c30a20b3ed197fc6 zhaixigui/nginx-defaultbackend:1.0] 7510068} {[gcr.io/kubernetes-e2e-test-images/netexec-amd64@sha256:2edfad424a541b9e024f26368d3a5b7dcc1d7cd27a4ee8c1d8c3f81d9209ab2e gcr.io/kubernetes-e2e-test-images/netexec-amd64:1.0] 6227659} {[busybox@sha256:1669a6aa7350e1cdd28f972ddad5aceba2912f589f19a090ac75b7083da748db busybox@sha256:1b124b4f31609dfdd23563b0f6f37430a85cd485cf8224e09f9cb376b7756347 busybox@sha256:c18e3bde44f31297b5a8f6965ac0f523789dc6b7a6bb60de219ba63daee6675b busybox:latest] 1146369} {[busybox@sha256:7a7714572b84fe1fafbc6b4f8374925249da8642b723d941a5ea214dac19b164] 1143105} {[gcr.io/google_containers/pause-amd64@sha256:163ac025575b775d1c0f9bf0bdd0f086883171eb475b5068e7defa4ca9e76516 gcr.io/google_containers/pause-amd64:3.0] 746888}],VolumesInUse:[],VolumesAttached:[],},}&#xA;Feb 23 09:51:42.011: INFO: &#xA;Logging kubelet events for node 172.28.40.252&#xA;Feb 23 09:51:42.014: INFO: &#xA;Logging pods the kubelet thinks is on node 172.28.40.252&#xA;Feb 23 09:51:42.018: INFO: monitoring-grafana-182961395-t1wdz started at 2018-01-24 09:19:01 +0000 UTC (0+1 container statuses recorded)&#xA;Feb 23 09:51:42.018: INFO: &#x9;Container grafana ready: true, restart count 4&#xA;Feb 23 09:51:42.018: INFO: monitoring-influxdb-742840477-02058 started at 2018-01-24 09:19:01 +0000 UTC (0+1 container statuses recorded)&#xA;Feb 23 09:51:42.018: INFO: &#x9;Container influxdb ready: true, restart count 5&#xA;Feb 23 09:51:42.018: INFO: nginx-ingress-lb-568296160-55s99 started at 2018-01-24 09:19:01 +0000 UTC (0+1 container statuses recorded)&#xA;Feb 23 09:51:42.018: INFO: &#x9;Container nginx-ingress-lb ready: true, restart count 5&#xA;Feb 23 09:51:42.018: INFO: loan-manager-web-3708347581-hr6gf started at 2018-01-24 09:19:01 +0000 UTC (0+1 container statuses recorded)&#xA;Feb 23 09:51:42.018: INFO: &#x9;Container http-lmw ready: true, restart count 4&#xA;Feb 23 09:51:42.018: INFO: test-deployment-408745850-00zls started at 2018-02-02 05:44:53 +0000 UTC (0+1 container statuses recorded)&#xA;Feb 23 09:51:42.018: INFO: &#x9;Container test-container ready: true, restart count 54&#xA;Feb 23 09:51:42.018: INFO: default-http-backend-3573850553-shs2f started at 2018-01-24 09:18:57 +0000 UTC (0+1 container statuses recorded)&#xA;Feb 23 09:51:42.018: INFO: &#x9;Container default-http-backend ready: true, restart count 4&#xA;Feb 23 09:51:42.018: INFO: heapster-3541315297-879n8 started at 2018-01-24 09:19:01 +0000 UTC (0+1 container statuses recorded)&#xA;Feb 23 09:51:42.018: INFO: &#x9;Container heapster ready: true, restart count 4&#xA;Feb 23 09:51:42.018: INFO: kube-dns-2151606476-3fxqh started at 2018-01-24 09:19:01 +0000 UTC (0+3 container statuses recorded)&#xA;Feb 23 09:51:42.018: INFO: &#x9;Container dnsmasq ready: true, restart count 4&#xA;Feb 23 09:51:42.018: INFO: &#x9;Container kubedns ready: true, restart count 5&#xA;Feb 23 09:51:42.018: INFO: &#x9;Container sidecar ready: true, restart count 4&#xA;Feb 23 09:51:42.018: INFO: kube-dns-2151606476-57rt7 started at 2018-01-25 07:29:52 +0000 UTC (0+3 container statuses recorded)&#xA;Feb 23 09:51:42.018: INFO: &#x9;Container dnsmasq ready: true, restart count 5&#xA;Feb 23 09:51:42.018: INFO: &#x9;Container kubedns ready: true, restart count 5&#xA;Feb 23 09:51:42.018: INFO: &#x9;Container sidecar ready: true, restart count 5&#xA;Feb 23 09:51:42.088: INFO: &#xA;Latency metrics for node 172.28.40.252&#xA;Feb 23 09:51:42.088: INFO: &#xA;Logging node info for node 172.28.40.253&#xA;Feb 23 09:51:42.090: INFO: Node Info: &amp;Node{ObjectMeta:k8s_io_apimachinery_pkg_apis_meta_v1.ObjectMeta{Name:172.28.40.253,GenerateName:,Namespace:,SelfLink:/api/v1/nodes172.28.40.253,UID:588c0b4a-8c81-11e7-9e8c-c85b76af3a19,ResourceVersion:25689004,Generation:0,CreationTimestamp:2017-08-29 06:14:42 +0000 UTC,DeletionTimestamp:&lt;nil&gt;,DeletionGracePeriodSeconds:nil,Labels:map[string]string{beta.kubernetes.io/arch: amd64,beta.kubernetes.io/os: linux,kubernetes.io/hostname: 172.28.40.253,nodetype: test,},Annotations:map[string]string{node.alpha.kubernetes.io/ttl: 0,volumes.kubernetes.io/controller-managed-attach-detach: true,},OwnerReferences:[],Finalizers:[],ClusterName:,Initializers:nil,},Spec:NodeSpec{PodCIDR:,ExternalID:172.28.40.253,ProviderID:,Unschedulable:false,Taints:[],ConfigSource:nil,},Status:NodeStatus{Capacity:ResourceList{cpu: {{4 0} {&lt;nil&gt;} 4 DecimalSI},memory: {{8112148480 0} {&lt;nil&gt;} 7922020Ki BinarySI},pods: {{110 0} {&lt;nil&gt;} 110 DecimalSI},},Allocatable:ResourceList{cpu: {{3 0} {&lt;nil&gt;} 3 DecimalSI},memory: {{6933549056 0} {&lt;nil&gt;} 6771044Ki BinarySI},pods: {{110 0} {&lt;nil&gt;} 110 DecimalSI},},Phase:,Conditions:[{OutOfDisk False 2018-02-23 09:51:41 +0000 UTC 2018-01-30 11:01:32 +0000 UTC KubeletHasSufficientDisk kubelet has sufficient disk space available} {MemoryPressure False 2018-02-23 09:51:41 +0000 UTC 2018-01-30 11:01:32 +0000 UTC KubeletHasSufficientMemory kubelet has sufficient memory available} {DiskPressure False 2018-02-23 09:51:41 +0000 UTC 2018-01-30 11:01:32 +0000 UTC KubeletHasNoDiskPressure kubelet has no disk pressure} {Ready True 2018-02-23 09:51:41 +0000 UTC 2018-01-30 11:01:32 +0000 UTC KubeletReady kubelet is posting ready status}],Addresses:[{LegacyHostIP 172.28.40.253} {InternalIP 172.28.40.253} {Hostname 172.28.40.253}],DaemonEndpoints:NodeDaemonEndpoints{KubeletEndpoint:DaemonEndpoint{Port:10250,},},NodeInfo:NodeSystemInfo{MachineID:bfb4a22c942b43b9afe4632a394a0b93,SystemUUID:ADF6893C-1B14-11E7-95E2-034D77011300,BootID:6fa87097-bce2-43e2-9670-2d348a1d3d3e,KernelVersion:3.10.0-514.26.2.el7.x86_64,OSImage:CentOS Linux 7 (Core),ContainerRuntimeVersion:docker://Unknown,KubeletVersion:v1.6.8,KubeProxyVersion:v1.6.8,OperatingSystem:linux,Architecture:amd64,},Images:[{[reg.qianbao-inc.com/appimages/zrj_biz_cashier_admin@sha256:1da6490bcffb9710ee9cfc91a4278edbe409eee062ea590a6a548c2fe4cababa reg.qianbao-inc.com/appimages/zrj_biz_cashier_admin:201709061556] 637468996} {[reg.qianbao-inc.com/appimages/zrj_biz_cashier_service@sha256:cd4f114db537e6a2e4819b00b167e5a9c80208eb7f852e4ac95b031da80f2d4e reg.qianbao-inc.com/appimages/zrj_biz_cashier_service:201709051616] 594016818} {[gcr.io/heptio-images/kube-conformance@sha256:0918b6ac69ac566107e30d2a82b48b556e1d141ed172a7abe203ca5930baf26e gcr.io/heptio-images/kube-conformance:latest] 520629728} {[gcr.io/heptio-images/sonobuoy@sha256:9f2a352b44143c8c4dc72ea2df07d1b3c9d37e45a2ebcfa72c048cca17b9d6eb gcr.io/heptio-images/sonobuoy:v0.10.0] 480143853} {[gcr.io/heptio-images/sonobuoy@sha256:1132c9365edbea54aa574880cd2511c09e0f0b4476cbfe0e09e8ca8e536f6f17 gcr.io/heptio-images/sonobuoy:v0.9.0] 326230178} {[rastasheep/ubuntu-sshd@sha256:1abe85b1cdb81ade6d475f9e9ee819f5d6b6568d979731a71e030a83da028f2a rastasheep/ubuntu-sshd:latest] 250936518} {[registry.access.redhat.com/rhel7/pod-infrastructure@sha256:92d43c37297da3ab187fc2b9e9ebfb243c1110d446c783ae1b989088495db931 registry.access.redhat.com/rhel7/pod-infrastructure:latest] 208612920} {[centos@sha256:c1010e2fe2b635822d99a096b1f4184becf5d1c98707cbccae00be663a9b9131 centos:latest] 192529651} {[gcr.io/kubernetes-e2e-test-images/jessie-dnsutils-amd64@sha256:b7fb726f862504ca6afcc512abf30456cbf4fbd6b4589af46d2c1d27cb89acf0 gcr.io/kubernetes-e2e-test-images/jessie-dnsutils-amd64:1.0] 189167165} {[siriuszg/kubernetes-dashboard-amd64@sha256:aa7a82994db197281396931523700ef55be19a890dd26899615cc709c165f940 siriuszg/kubernetes-dashboard-amd64:v1.6.0] 108572029} {[reg.qianbao-inc.com/base/kubernetes-dashboard-amd64@sha256:5dcc2f5825efef849787ba530a46e82213a2da8a6be65c40efc8bb9459c03b4c reg.qianbao-inc.com/base/kubernetes-dashboard-amd64:v1.6.0] 108572029} {[nginx@sha256:285b49d42c703fdf257d1e2422765c4ba9d3e37768d6ea83d7fe2043dad6e63d nginx:latest] 108472156} {[nginx@sha256:e3456c851a152494c3e4ff5fcc26f240206abac0c9d794affb40e0714846c451 nginx:1.7.9] 91641000} {[gcr.io/heptio-images/namespace-deleter@sha256:3ae93c027111ac894a5093663572e1afd5872597d7ecc6af0a2a75d6e6be8b3d gcr.io/heptio-images/namespace-deleter:v0.0.1] 43012728} {[gcr.io/heptio-images/scanner-forwarder@sha256:a4a1761a4cb5c6aed71302e8a605926cc297c58907018fefe5436a65aaaf884f gcr.io/heptio-images/scanner-forwarder:v0.0.4] 10882452} {[gcr.io/kubernetes-e2e-test-images/dnsutils-amd64@sha256:9e1873dbe19894688dc3d129994c952891d43794df2480217f899bf92732d35f gcr.io/kubernetes-e2e-test-images/dnsutils-amd64:1.0] 8867164} {[gcr.io/kubernetes-e2e-test-images/test-webserver-amd64@sha256:cd237408ae94e22c4f5c6d7c6f56708341db6c428180fe1fe011c17bf9d03c50 gcr.io/kubernetes-e2e-test-images/test-webserver-amd64:1.0] 4393904} {[radial/busyboxplus@sha256:a68c05ab1112fd90ad7b14985a48520e9d26dbbe00cb9c09aa79fdc0ef46b372 radial/busyboxplus:curl] 4212341} {[busybox@sha256:1669a6aa7350e1cdd28f972ddad5aceba2912f589f19a090ac75b7083da748db busybox:latest] 1146369}],VolumesInUse:[],VolumesAttached:[],},}&#xA;Feb 23 09:51:42.090: INFO: &#xA;Logging kubelet events for node 172.28.40.253&#xA;Feb 23 09:51:42.092: INFO: &#xA;Logging pods the kubelet thinks is on node 172.28.40.253&#xA;Feb 23 09:51:42.096: INFO: test-deployment-408745850-j3n1h started at 2018-02-02 05:44:53 +0000 UTC (0+1 container statuses recorded)&#xA;Feb 23 09:51:42.096: INFO: &#x9;Container test-container ready: true, restart count 53&#xA;Feb 23 09:51:42.096: INFO: kubernetes-dashboard-4067619534-hd9rg started at 2018-02-07 10:10:50 +0000 UTC (0+1 container statuses recorded)&#xA;Feb 23 09:51:42.096: INFO: &#x9;Container kubernetes-dashboard ready: true, restart count 3&#xA;Feb 23 09:51:42.096: INFO: my-nginx-4190440701-6x3d1 started at 2018-02-06 06:19:52 +0000 UTC (0+1 container statuses recorded)&#xA;Feb 23 09:51:42.096: INFO: &#x9;Container my-nginx ready: true, restart count 3&#xA;Feb 23 09:51:42.096: INFO: curl-57077659-pnzns started at 2018-02-06 07:57:21 +0000 UTC (0+1 container statuses recorded)&#xA;Feb 23 09:51:42.096: INFO: &#x9;Container curl ready: true, restart count 5&#xA;Feb 23 09:51:42.096: INFO: sonobuoy started at 2018-02-23 09:22:16 +0000 UTC (0+3 container statuses recorded)&#xA;Feb 23 09:51:42.096: INFO: &#x9;Container cleanup ready: true, restart count 0&#xA;Feb 23 09:51:42.096: INFO: &#x9;Container forwarder ready: true, restart count 0&#xA;Feb 23 09:51:42.096: INFO: &#x9;Container kube-sonobuoy ready: true, restart count 0&#xA;Feb 23 09:51:42.096: INFO: kubernetes-dashboard-3564957082-zz0jt started at 2018-02-07 10:38:08 +0000 UTC (0+1 container statuses recorded)&#xA;Feb 23 09:51:42.096: INFO: &#x9;Container kubernetes-dashboard ready: true, restart count 3&#xA;Feb 23 09:51:42.096: INFO: sonobuoy started at 2018-02-23 08:09:50 +0000 UTC (0+1 container statuses recorded)&#xA;Feb 23 09:51:42.096: INFO: &#x9;Container kube-sonobuoy ready: true, restart count 0&#xA;Feb 23 09:51:42.096: INFO: sonobuoy-e2e-job-582fc1e8360c48cc started at 2018-02-23 09:25:09 +0000 UTC (0+2 container statuses recorded)&#xA;Feb 23 09:51:42.096: INFO: &#x9;Container e2e ready: true, restart count 0&#xA;Feb 23 09:51:42.096: INFO: &#x9;Container sonobuoy-worker ready: true, restart count 0&#xA;Feb 23 09:51:42.096: INFO: my-nginx-4190440701-p5k0x started at 2018-02-06 06:19:53 +0000 UTC (0+1 container statuses recorded)&#xA;Feb 23 09:51:42.096: INFO: &#x9;Container my-nginx ready: true, restart count 3&#xA;Feb 23 09:51:42.263: INFO: &#xA;Latency metrics for node 172.28.40.253&#xA;STEP: Dumping a list of prepulled images on each node to file /tmp/results/image-puller.txt&#xA;Feb 23 09:51:42.266: INFO: Waiting up to 3m0s for all (but 0) nodes to be ready&#xA;STEP: Destroying namespace &#34;e2e-tests-dns-99p6d&#34; for this suite.&#xA;Feb 23 09:51:48.371: INFO: Waiting up to 30s for server preferred namespaced resources to be successfully discovered&#xA;Feb 23 09:51:48.421: INFO: namespace: e2e-tests-dns-99p6d, resource: bindings, ignored listing per whitelist&#xA;Feb 23 09:51:48.439: INFO: namespace e2e-tests-dns-99p6d deletion completed in 6.169149106s&#xA;</system-out>
      </testcase>
      <testcase name="[sig-cluster-lifecycle] Nodes [Disruptive] Resize [Slow] should be able to add nodes" classname="Kubernetes e2e suite" time="0">
          <skipped></skipped>
      </testcase>
      <testcase name="[sig-storage] Volume Disk Size [Feature:vsphere] verify dynamically provisioned pv using storageclass with an invalid disk size fails" classname="Kubernetes e2e suite" time="0">
          <skipped></skipped>
      </testcase>
      <testcase name="[k8s.io] Probing container with readiness probe that fails should never be ready and never restart  [Conformance]" classname="Kubernetes e2e suite" time="82.296958731"></testcase>
      <testcase name="[sig-cli] Kubectl client [k8s.io] Kubectl cluster-info should check if Kubernetes master services is included in cluster-info  [Conformance]" classname="Kubernetes e2e suite" time="0">
          <skipped></skipped>
      </testcase>
      <testcase name="[sig-autoscaling] Cluster size autoscaling [Slow] should increase cluster size if pod requesting EmptyDir volume is pending [Feature:ClusterSizeAutoscalingScaleUp]" classname="Kubernetes e2e suite" time="0">
          <skipped></skipped>
      </testcase>
      <testcase name="[sig-storage] Volumes CephFS [Feature:Volumes] should be mountable" classname="Kubernetes e2e suite" time="0">
          <skipped></skipped>
      </testcase>
      <testcase name="[sig-cli] Kubectl client [k8s.io] Simple pod should support exec through kubectl proxy" classname="Kubernetes e2e suite" time="0">
          <skipped></skipped>
      </testcase>
      <testcase name="[sig-storage] Downward API volume should provide container&#39;s cpu request  [Conformance]" classname="Kubernetes e2e suite" time="12.309102134"></testcase>
      <testcase name="[sig-cli] Kubectl client [k8s.io] Kubectl expose should create services for rc  [Conformance]" classname="Kubernetes e2e suite" time="0">
          <skipped></skipped>
      </testcase>
      <testcase name="[sig-autoscaling] Cluster size autoscaling [Slow] shouldn&#39;t increase cluster size if pending pod is too large [Feature:ClusterSizeAutoscalingScaleUp]" classname="Kubernetes e2e suite" time="0">
          <skipped></skipped>
      </testcase>
      <testcase name="[sig-storage] ConfigMap should be consumable from pods in volume with mappings as non-root with FSGroup [Feature:FSGroup]" classname="Kubernetes e2e suite" time="0">
          <skipped></skipped>
      </testcase>
      <testcase name="[sig-network] Networking Granular Checks: Pods should function for node-pod communication: udp  [Conformance]" classname="Kubernetes e2e suite" time="56.529210152"></testcase>
      <testcase name="[sig-instrumentation] Cluster level logging using Elasticsearch [Feature:Elasticsearch] should check that logs from containers are ingested into Elasticsearch" classname="Kubernetes e2e suite" time="0">
          <skipped></skipped>
      </testcase>
      <testcase name="[sig-storage] Projected should be consumable from pods in volume [Conformance]" classname="Kubernetes e2e suite" time="6.435692212"></testcase>
      <testcase name="[sig-storage] Flexvolumes [Disruptive] [Feature:FlexVolume] should be mountable when attachable" classname="Kubernetes e2e suite" time="0">
          <skipped></skipped>
      </testcase>
      <testcase name="[sig-storage] Volume Disk Format [Feature:vsphere] verify disk format type - zeroedthick is honored for dynamically provisioned pv using storageclass" classname="Kubernetes e2e suite" time="0">
          <skipped></skipped>
      </testcase>
      <testcase name="[sig-network] Networking should provide Internet connection for containers [Feature:Networking-IPv4]" classname="Kubernetes e2e suite" time="0">
          <skipped></skipped>
      </testcase>
      <testcase name="[sig-storage] Pod Disks schedule pods each with a PD, delete pod and verify detach [Slow] for RW PD with pod delete grace period of &#34;immediate (0s)&#34;" classname="Kubernetes e2e suite" time="0">
          <skipped></skipped>
      </testcase>
      <testcase name="[sig-network] Proxy version v1 should proxy through a service and a pod  [Conformance]" classname="Kubernetes e2e suite" time="19.527596115"></testcase>
      <testcase name="[sig-storage] PersistentVolumes:vsphere should test that deleting a PVC before the pod does not cause pod deletion to fail on vsphere volume detach" classname="Kubernetes e2e suite" time="0">
          <skipped></skipped>
      </testcase>
      <testcase name="[sig-storage] GCP Volumes NFSv3 should be mountable for NFSv3" classname="Kubernetes e2e suite" time="0">
          <skipped></skipped>
      </testcase>
      <testcase name="[sig-cli] Kubectl client [k8s.io] Kubectl api-versions should check if v1 is in available api versions  [Conformance]" classname="Kubernetes e2e suite" time="0">
          <skipped></skipped>
      </testcase>
      <testcase name="[sig-storage] HostPath should support r/w" classname="Kubernetes e2e suite" time="0">
          <skipped></skipped>
      </testcase>
      <testcase name="[k8s.io] [sig-node] Security Context [Feature:SecurityContext] should support container.SecurityContext.RunAsUser" classname="Kubernetes e2e suite" time="0">
          <skipped></skipped>
      </testcase>
      <testcase name="[sig-apps] DisruptionController should create a PodDisruptionBudget" classname="Kubernetes e2e suite" time="0">
          <skipped></skipped>
      </testcase>
      <testcase name="[k8s.io] Cluster size autoscaler scalability [Slow] should scale down underutilized nodes [Feature:ClusterAutoscalerScalability4]" classname="Kubernetes e2e suite" time="0">
          <skipped></skipped>
      </testcase>
      <testcase name="[sig-network] Networking Granular Checks: Pods should function for intra-pod communication: udp  [Conformance]" classname="Kubernetes e2e suite" time="50.572559319"></testcase>
      <testcase name="[sig-storage] PersistentVolumes-local [Feature:LocalPersistentVolumes] [Serial] [Volume type: dir] when pod&#39;s node is different from PV&#39;s NodeAffinity should not be able to mount due to different NodeSelector" classname="Kubernetes e2e suite" time="0">
          <skipped></skipped>
      </testcase>
      <testcase name="[sig-api-machinery] AdmissionWebhook Should mutate configmap" classname="Kubernetes e2e suite" time="0">
          <skipped></skipped>
      </testcase>
      <testcase name="[k8s.io] [Feature:Example] [k8s.io] CassandraStatefulSet should create statefulset" classname="Kubernetes e2e suite" time="0">
          <skipped></skipped>
      </testcase>
      <testcase name="[sig-cli] Kubectl client [k8s.io] Kubectl version should check is all data is printed  [Conformance]" classname="Kubernetes e2e suite" time="0">
          <skipped></skipped>
      </testcase>
      <testcase name="[sig-apps] StatefulSet [k8s.io] Basic StatefulSet functionality [StatefulSetBasic] should implement legacy replacement when the update strategy is OnDelete" classname="Kubernetes e2e suite" time="0">
          <skipped></skipped>
      </testcase>
      <testcase name="[sig-cli] Kubectl client [k8s.io] Kubectl run deployment should create a deployment from an image  [Conformance]" classname="Kubernetes e2e suite" time="0">
          <skipped></skipped>
      </testcase>
      <testcase name="[sig-scheduling] SchedulerPredicates [Serial] validates that required NodeAffinity setting is respected if matching" classname="Kubernetes e2e suite" time="0">
          <skipped></skipped>
      </testcase>
      <testcase name="[k8s.io] Pods should allow activeDeadlineSeconds to be updated  [Conformance]" classname="Kubernetes e2e suite" time="56.752310626"></testcase>
      <testcase name="[sig-storage] Storage Policy Based Volume Provisioning [Feature:vsphere] verify if a non-existing SPBM policy is not honored for dynamically provisioned pvc using storageclass" classname="Kubernetes e2e suite" time="0">
          <skipped></skipped>
      </testcase>
      <testcase name="[sig-storage] EmptyDir volumes should support (non-root,0644,default) [Conformance]" classname="Kubernetes e2e suite" time="12.282966878"></testcase>
      <testcase name="[sig-network] Services should be able to change the type and ports of a service [Slow] [DisabledForLargeClusters]" classname="Kubernetes e2e suite" time="0">
          <skipped></skipped>
      </testcase>
      <testcase name="[sig-autoscaling] Cluster size autoscaling [Slow] should increase cluster size if pod requesting volume is pending [Feature:ClusterSizeAutoscalingScaleUp]" classname="Kubernetes e2e suite" time="0">
          <skipped></skipped>
      </testcase>
      <testcase name="[sig-storage] Projected should provide podname only [Conformance]" classname="Kubernetes e2e suite" time="6.267825485"></testcase>
      <testcase name="[sig-cluster-lifecycle] HA-master [Feature:HAMaster] survive addition/removal replicas same zone [Serial][Disruptive]" classname="Kubernetes e2e suite" time="0">
          <skipped></skipped>
      </testcase>
      <testcase name="[k8s.io] Pods should support retrieving logs from the container over websockets" classname="Kubernetes e2e suite" time="0">
          <skipped></skipped>
      </testcase>
      <testcase name="[sig-apps] DaemonRestart [Disruptive] Scheduler should continue assigning pods to nodes across restart" classname="Kubernetes e2e suite" time="0">
          <skipped></skipped>
      </testcase>
      <testcase name="[sig-network] ESIPP [Slow] [DisabledForLargeClusters] should handle updates to ExternalTrafficPolicy field" classname="Kubernetes e2e suite" time="0">
          <skipped></skipped>
      </testcase>
      <testcase name="[sig-cluster-lifecycle] HA-master [Feature:HAMaster] survive addition/removal replicas different zones [Serial][Disruptive]" classname="Kubernetes e2e suite" time="0">
          <skipped></skipped>
      </testcase>
      <testcase name="[sig-storage] PersistentVolumes-local [Feature:LocalPersistentVolumes] [Serial] [Volume type: dir] when pod&#39;s node is different from PV&#39;s NodeName should not be able to mount due to different NodeName" classname="Kubernetes e2e suite" time="0">
          <skipped></skipped>
      </testcase>
      <testcase name="[sig-auth] ServiceAccounts should ensure a single API token exists" classname="Kubernetes e2e suite" time="0">
          <skipped></skipped>
      </testcase>
      <testcase name="[sig-storage] [Serial] Volume metrics should create volume metrics with the correct PVC ref" classname="Kubernetes e2e suite" time="0">
          <skipped></skipped>
      </testcase>
      <testcase name="[sig-storage] Projected should provide container&#39;s memory request [Conformance]" classname="Kubernetes e2e suite" time="6.255042386"></testcase>
      <testcase name="[sig-storage] Volumes ConfigMap should be mountable" classname="Kubernetes e2e suite" time="0">
          <skipped></skipped>
      </testcase>
      <testcase name="[sig-apps] ReplicationController should release no longer matching pods" classname="Kubernetes e2e suite" time="0">
          <skipped></skipped>
      </testcase>
      <testcase name="[sig-autoscaling] [HPA] Horizontal pod autoscaling (scale resource: CPU) [sig-autoscaling] [Serial] [Slow] ReplicaSet Should scale from 5 pods to 3 pods and from 3 to 1" classname="Kubernetes e2e suite" time="0">
          <skipped></skipped>
      </testcase>
      <testcase name="[sig-cli] Kubectl client [k8s.io] Simple pod should handle in-cluster config" classname="Kubernetes e2e suite" time="0">
          <skipped></skipped>
      </testcase>
      <testcase name="[k8s.io] Variable Expansion should allow substituting values in a container&#39;s command  [Conformance]" classname="Kubernetes e2e suite" time="12.270276311"></testcase>
      <testcase name="[sig-scheduling] SchedulerPreemption [Serial] [Feature:PodPreemption] validates pod anti-affinity works in preemption" classname="Kubernetes e2e suite" time="0">
          <skipped></skipped>
      </testcase>
      <testcase name="[sig-scheduling] [Feature:GPUDevicePlugin] run Nvidia GPU Device Plugin tests on Container Optimized OS only" classname="Kubernetes e2e suite" time="0">
          <skipped></skipped>
      </testcase>
      <testcase name="[k8s.io] Pods should support remote command execution over websockets" classname="Kubernetes e2e suite" time="0">
          <skipped></skipped>
      </testcase>
      <testcase name="[k8s.io] Probing container should be restarted with a /healthz http liveness probe  [Conformance]" classname="Kubernetes e2e suite" time="28.282376362"></testcase>
      <testcase name="[sig-scheduling] ResourceQuota should create a ResourceQuota and capture the life of a secret." classname="Kubernetes e2e suite" time="0">
          <skipped></skipped>
      </testcase>
      <testcase name="[k8s.io] Probing container should *not* be restarted with a exec &#34;cat /tmp/health&#34; liveness probe [Conformance]" classname="Kubernetes e2e suite" time="138.492630406"></testcase>
      <testcase name="[sig-cluster-lifecycle] Reboot [Disruptive] [Feature:Reboot] each node by triggering kernel panic and ensure they function upon restart" classname="Kubernetes e2e suite" time="0">
          <skipped></skipped>
      </testcase>
      <testcase name="[sig-network] Network should set TCP CLOSE_WAIT timeout" classname="Kubernetes e2e suite" time="0">
          <skipped></skipped>
      </testcase>
      <testcase name="[k8s.io] [sig-node] Pods Extended [k8s.io] Delete Grace Period should be submitted and removed  [Flaky] [Conformance]" classname="Kubernetes e2e suite" time="0">
          <skipped></skipped>
      </testcase>
      <testcase name="[sig-scheduling] ResourceQuota should create a ResourceQuota and capture the life of a pod." classname="Kubernetes e2e suite" time="0">
          <skipped></skipped>
      </testcase>
      <testcase name="[sig-auth] PodSecurityPolicy should allow pods under the privileged PodSecurityPolicy" classname="Kubernetes e2e suite" time="0">
          <skipped></skipped>
      </testcase>
      <testcase name="[sig-autoscaling] Cluster size autoscaling [Slow] should add node to the particular mig [Feature:ClusterSizeAutoscalingScaleUp]" classname="Kubernetes e2e suite" time="0">
          <skipped></skipped>
      </testcase>
      <testcase name="[sig-network] Networking Granular Checks: Services [Slow] should function for endpoint-Service: udp" classname="Kubernetes e2e suite" time="0">
          <skipped></skipped>
      </testcase>
      <testcase name="[sig-network] Services should serve multiport endpoints from pods  [Conformance]" classname="Kubernetes e2e suite" time="33.959020015"></testcase>
      <testcase name="[sig-instrumentation] MetricsGrabber should grab all metrics from a ControllerManager." classname="Kubernetes e2e suite" time="0">
          <skipped></skipped>
      </testcase>
      <testcase name="[sig-storage] Dynamic Provisioning DynamicProvisioner should provision storage with mount options" classname="Kubernetes e2e suite" time="0">
          <skipped></skipped>
      </testcase>
      <testcase name="[sig-storage] PersistentVolumes:vsphere should test that deleting the Namespace of a PVC and Pod causes the successful detach of vsphere volume" classname="Kubernetes e2e suite" time="0">
          <skipped></skipped>
      </testcase>
      <testcase name="[sig-storage] vsphere cloud provider stress [Feature:vsphere] vsphere stress tests" classname="Kubernetes e2e suite" time="0">
          <skipped></skipped>
      </testcase>
      <testcase name="[sig-storage] ConfigMap should be consumable from pods in volume with defaultMode set  [Conformance]" classname="Kubernetes e2e suite" time="6.329252693"></testcase>
      <testcase name="[sig-instrumentation] Kibana Logging Instances Is Alive [Feature:Elasticsearch] should check that the Kibana logging instance is alive" classname="Kubernetes e2e suite" time="0">
          <skipped></skipped>
      </testcase>
      <testcase name="[sig-apps] Network Partition [Disruptive] [Slow] [k8s.io] Pods should return to running and ready state after network partition is healed All pods on the unreachable node should be marked as NotReady upon the node turn NotReady AND all pods should be mark back to Ready when the node get back to Ready before pod eviction timeout" classname="Kubernetes e2e suite" time="0">
          <skipped></skipped>
      </testcase>
      <testcase name="[sig-network] NetworkPolicy NetworkPolicy between server and client should allow ingress access on one named port [Feature:NetworkPolicy]" classname="Kubernetes e2e suite" time="0">
          <skipped></skipped>
      </testcase>
      <testcase name="[sig-storage] Storage Policy Based Volume Provisioning [Feature:vsphere] verify if a SPBM policy is not honored on a non-compatible datastore for dynamically provisioned pvc using storageclass" classname="Kubernetes e2e suite" time="0">
          <skipped></skipped>
      </testcase>
      <testcase name="[sig-storage] EmptyDir volumes volume on tmpfs should have the correct mode [Conformance]" classname="Kubernetes e2e suite" time="6.418857167"></testcase>
      <testcase name="[sig-apps] ReplicaSet should serve a basic image on each replica with a public image  [Conformance]" classname="Kubernetes e2e suite" time="18.370874201"></testcase>
      <testcase name="[sig-storage] Volume Operations Storm [Feature:vsphere] should create pod with many volumes and verify no attach call fails" classname="Kubernetes e2e suite" time="0">
          <skipped></skipped>
      </testcase>
      <testcase name="[sig-apps] DisruptionController evictions: maxUnavailable deny evictions, integer =&gt; should not allow an eviction" classname="Kubernetes e2e suite" time="0">
          <skipped></skipped>
      </testcase>
      <testcase name="[sig-apps] Daemon set [Serial] Should adopt existing pods when creating a RollingUpdate DaemonSet regardless of templateGeneration" classname="Kubernetes e2e suite" time="0">
          <skipped></skipped>
      </testcase>
      <testcase name="[sig-storage] ConfigMap should be consumable from pods in volume with mappings as non-root  [Conformance]" classname="Kubernetes e2e suite" time="6.342537528"></testcase>
      <testcase name="[sig-instrumentation] Cluster level logging implemented by Stackdriver should ingest system logs from all nodes [Feature:StackdriverLogging]" classname="Kubernetes e2e suite" time="0">
          <skipped></skipped>
      </testcase>
      <testcase name="[k8s.io] [Feature:Example] [k8s.io] Liveness liveness pods should be automatically restarted" classname="Kubernetes e2e suite" time="0">
          <skipped></skipped>
      </testcase>
      <testcase name="[sig-api-machinery] ConfigMap should be consumable via environment variable  [Conformance]" classname="Kubernetes e2e suite" time="12.312950621"></testcase>
      <testcase name="[sig-cluster-lifecycle] Upgrade [Feature:Upgrade] node upgrade should maintain a functioning cluster [Feature:NodeUpgrade]" classname="Kubernetes e2e suite" time="0">
          <skipped></skipped>
      </testcase>
      <testcase name="[sig-api-machinery] Downward API should provide pod name, namespace and IP address as env vars  [Conformance]" classname="Kubernetes e2e suite" time="6.301489816"></testcase>
      <testcase name="[sig-auth] [Feature:NodeAuthorizer] A node shouldn&#39;t be able to delete an other node" classname="Kubernetes e2e suite" time="0">
          <skipped></skipped>
      </testcase>
      <testcase name="[sig-apps] StatefulSet [k8s.io] Basic StatefulSet functionality [StatefulSetBasic] should adopt matching orphans and release non-matching pods" classname="Kubernetes e2e suite" time="0">
          <skipped></skipped>
      </testcase>
      <testcase name="[sig-scheduling] ResourceQuota [Feature:Initializers] should create a ResourceQuota and capture the life of an uninitialized pod." classname="Kubernetes e2e suite" time="0">
          <skipped></skipped>
      </testcase>
      <testcase name="[sig-storage] ConfigMap should be consumable from pods in volume as non-root with defaultMode and fsGroup set [Feature:FSGroup]" classname="Kubernetes e2e suite" time="0">
          <skipped></skipped>
      </testcase>
      <testcase name="[sig-storage] Storage Policy Based Volume Provisioning [Feature:vsphere] verify VSAN storage capability with valid hostFailuresToTolerate and cacheReservation values is honored for dynamically provisioned pvc using storageclass" classname="Kubernetes e2e suite" time="0">
          <skipped></skipped>
      </testcase>
      <testcase name="[sig-cli] Kubectl client [k8s.io] Update Demo should do a rolling update of a replication controller  [Conformance]" classname="Kubernetes e2e suite" time="0">
          <skipped></skipped>
      </testcase>
      <testcase name="[sig-multicluster] Multi-AZ Clusters should schedule pods in the same zones as statically provisioned PVs [sig-storage]" classname="Kubernetes e2e suite" time="0">
          <skipped></skipped>
      </testcase>
      <testcase name="[sig-multicluster] Multi-AZ Clusters should only be allowed to provision PDs in zones where nodes exist" classname="Kubernetes e2e suite" time="0">
          <skipped></skipped>
      </testcase>
      <testcase name="[sig-storage] ConfigMap should be consumable from pods in volume as non-root with FSGroup [Feature:FSGroup]" classname="Kubernetes e2e suite" time="0">
          <skipped></skipped>
      </testcase>
      <testcase name="[k8s.io] [sig-node] Security Context [Feature:SecurityContext] should support volume SELinux relabeling when using hostPID" classname="Kubernetes e2e suite" time="0">
          <skipped></skipped>
      </testcase>
      <testcase name="[k8s.io] [sig-node] Pods Extended [k8s.io] Pods Set QOS Class should be submitted and removed  [Conformance]" classname="Kubernetes e2e suite" time="22.23722895"></testcase>
      <testcase name="[sig-scalability] Load capacity [Feature:ManualPerformance] should be able to handle 30 pods per node {batch Job} with 0 secrets, 0 configmaps and 0 daemons" classname="Kubernetes e2e suite" time="0">
          <skipped></skipped>
      </testcase>
      <testcase name="[sig-auth] [Feature:NodeAuthorizer] Getting a non-existent secret should exit with the Forbidden error, not a NotFound error" classname="Kubernetes e2e suite" time="0">
          <skipped></skipped>
      </testcase>
      <testcase name="[sig-storage] Dynamic Provisioning DynamicProvisioner should provision storage with different parameters [Slow]" classname="Kubernetes e2e suite" time="0">
          <skipped></skipped>
      </testcase>
      <testcase name="[sig-autoscaling] Cluster size autoscaling [Slow] Should be able to scale a node group down to 0[Feature:ClusterSizeAutoscalingScaleDown]" classname="Kubernetes e2e suite" time="0">
          <skipped></skipped>
      </testcase>
      <testcase name="[sig-network] Loadbalancing: L7 GCE [Slow] [Feature:Ingress] should create ingress with given static-ip" classname="Kubernetes e2e suite" time="0">
          <skipped></skipped>
      </testcase>
      <testcase name="[sig-storage] Secrets optional updates should be reflected in volume  [Conformance]" classname="Kubernetes e2e suite" time="22.393328267"></testcase>
      <testcase name="[sig-apps] Deployment test Deployment ReplicaSet orphaning and adoption regarding controllerRef" classname="Kubernetes e2e suite" time="0">
          <skipped></skipped>
      </testcase>
      <testcase name="[sig-instrumentation] Cluster level logging implemented by Stackdriver [Feature:StackdriverLogging] [Soak] should ingest logs from applications running for a prolonged amount of time" classname="Kubernetes e2e suite" time="0">
          <skipped></skipped>
      </testcase>
      <testcase name="[sig-storage] PersistentVolumes NFS with Single PV - PVC pairs create a PV and a pre-bound PVC: test write access" classname="Kubernetes e2e suite" time="0">
          <skipped></skipped>
      </testcase>
      <testcase name="[k8s.io] [sig-node] SSH should SSH to all nodes and run commands" classname="Kubernetes e2e suite" time="0">
          <skipped></skipped>
      </testcase>
      <testcase name="[sig-storage] Volume Disk Format [Feature:vsphere] verify disk format type - eagerzeroedthick is honored for dynamically provisioned pv using storageclass" classname="Kubernetes e2e suite" time="0">
          <skipped></skipped>
      </testcase>
      <testcase name="[sig-cluster-lifecycle] kube-proxy migration [Feature:KubeProxyDaemonSetMigration] Downgrade kube-proxy from a DaemonSet to static pods should maintain a functioning cluster [Feature:KubeProxyDaemonSetDowngrade]" classname="Kubernetes e2e suite" time="0">
          <skipped></skipped>
      </testcase>
      <testcase name="[sig-autoscaling] Cluster size autoscaling [Slow] should be able to scale down by draining system pods with pdb[Feature:ClusterSizeAutoscalingScaleDown]" classname="Kubernetes e2e suite" time="0">
          <skipped></skipped>
      </testcase>
      <testcase name="[sig-autoscaling] Cluster size autoscaling [Slow] should be able to scale down by draining multiple pods one by one as dictated by pdb[Feature:ClusterSizeAutoscalingScaleDown]" classname="Kubernetes e2e suite" time="0">
          <skipped></skipped>
      </testcase>
      <testcase name="[k8s.io] InitContainer should invoke init containers on a RestartAlways pod" classname="Kubernetes e2e suite" time="0">
          <skipped></skipped>
      </testcase>
      <testcase name="[sig-storage] Dynamic Provisioning DynamicProvisioner should test that deleting a claim before the volume is provisioned deletes the volume." classname="Kubernetes e2e suite" time="0">
          <skipped></skipped>
      </testcase>
      <testcase name="[sig-storage] Projected should project all components that make up the projection API [Projection] [Conformance]" classname="Kubernetes e2e suite" time="12.328385901"></testcase>
      <testcase name="[sig-storage] Downward API volume should provide container&#39;s cpu limit  [Conformance]" classname="Kubernetes e2e suite" time="6.271665397"></testcase>
      <testcase name="[sig-storage] PersistentVolumes NFS with multiple PVs and PVCs all in same ns should create 3 PVs and 3 PVCs: test write access" classname="Kubernetes e2e suite" time="0">
          <skipped></skipped>
      </testcase>
      <testcase name="[sig-cli] Kubectl client [k8s.io] Kubectl create quota should create a quota without scopes" classname="Kubernetes e2e suite" time="0">
          <skipped></skipped>
      </testcase>
      <testcase name="[sig-cluster-lifecycle] Nodes [Disruptive] Resize [Slow] should be able to delete nodes" classname="Kubernetes e2e suite" time="0">
          <skipped></skipped>
      </testcase>
      <testcase name="[sig-cli] Kubectl client [k8s.io] Kubectl rolling-update should support rolling-update to same image  [Conformance]" classname="Kubernetes e2e suite" time="0">
          <skipped></skipped>
      </testcase>
      <testcase name="[sig-network] Networking IPerf IPv4 [Experimental] [Feature:Networking-IPv4] [Slow] [Feature:Networking-Performance] should transfer ~ 1GB onto the service endpoint 1 servers (maximum of 1 clients)" classname="Kubernetes e2e suite" time="0">
          <skipped></skipped>
      </testcase>
      <testcase name="[sig-instrumentation] MetricsGrabber should grab all metrics from API server." classname="Kubernetes e2e suite" time="0">
          <skipped></skipped>
      </testcase>
      <testcase name="[sig-service-catalog] [Feature:PodPreset] PodPreset should not modify the pod on conflict" classname="Kubernetes e2e suite" time="0">
          <skipped></skipped>
      </testcase>
      <testcase name="[sig-network] Firewall rule should have correct firewall rules for e2e cluster" classname="Kubernetes e2e suite" time="0">
          <skipped></skipped>
      </testcase>
      <testcase name="[sig-instrumentation] Cluster level logging implemented by Stackdriver should ingest events" classname="Kubernetes e2e suite" time="0">
          <skipped></skipped>
      </testcase>
      <testcase name="[sig-storage] EmptyDir volumes volume on default medium should have the correct mode [Conformance]" classname="Kubernetes e2e suite" time="6.283278827"></testcase>
      <testcase name="[sig-apps] Job should run a job to completion when tasks succeed" classname="Kubernetes e2e suite" time="0">
          <skipped></skipped>
      </testcase>
      <testcase name="[sig-apps] Daemon set [Serial] Should update pod when spec was updated and update strategy is RollingUpdate" classname="Kubernetes e2e suite" time="0">
          <skipped></skipped>
      </testcase>
      <testcase name="[sig-storage] PersistentVolumes-local [Feature:LocalPersistentVolumes] [Serial] [Volume type: gce-localssd-scsi-fs] when pod&#39;s node is different from PV&#39;s NodeName should not be able to mount due to different NodeName" classname="Kubernetes e2e suite" time="0">
          <skipped></skipped>
      </testcase>
      <testcase name="[sig-cli] Kubectl client [k8s.io] Kubectl apply apply set/view last-applied" classname="Kubernetes e2e suite" time="0">
          <skipped></skipped>
      </testcase>
      <testcase name="[sig-auth] Metadata Concealment should run a check-metadata-concealment job to completion" classname="Kubernetes e2e suite" time="0">
          <skipped></skipped>
      </testcase>
      <testcase name="[k8s.io] Probing container should be restarted with a docker exec liveness probe with timeout  [Conformance]" classname="Kubernetes e2e suite" time="6.194169915">
          <skipped></skipped>
      </testcase>
      <testcase name="[sig-auth] [Feature:NodeAuthorizer] A node shouldn&#39;t be able to create an other node" classname="Kubernetes e2e suite" time="0">
          <skipped></skipped>
      </testcase>
      <testcase name="[sig-storage] PersistentVolumes-local [Feature:LocalPersistentVolumes] [Serial] [Volume type: tmpfs] when two pods mount a local volume at the same time should be able to write from pod1 and read from pod2" classname="Kubernetes e2e suite" time="0">
          <skipped></skipped>
      </testcase>
      <testcase name="[sig-storage] Flexvolumes [Disruptive] [Feature:FlexVolume] should be mountable when non-attachable" classname="Kubernetes e2e suite" time="0">
          <skipped></skipped>
      </testcase>
      <testcase name="[sig-storage] Volume Placement should create and delete pod with multiple volumes from different datastore" classname="Kubernetes e2e suite" time="0">
          <skipped></skipped>
      </testcase>
      <testcase name="[sig-apps] Daemon set [Serial] Should not update pod when spec was updated and update strategy is OnDelete" classname="Kubernetes e2e suite" time="0">
          <skipped></skipped>
      </testcase>
      <testcase name="[sig-storage] Dynamic Provisioning DynamicProvisioner Default should be disabled by changing the default annotation[Slow] [Serial] [Disruptive]" classname="Kubernetes e2e suite" time="0">
          <skipped></skipped>
      </testcase>
      <testcase name="[sig-storage] PersistentVolumes-local [Feature:LocalPersistentVolumes] [Serial] [Volume type: gce-localssd-scsi-fs] when pod&#39;s node is different from PV&#39;s NodeAffinity should not be able to mount due to different NodeAffinity" classname="Kubernetes e2e suite" time="0">
          <skipped></skipped>
      </testcase>
      <testcase name="[sig-auth] Certificates API should support building a client with a CSR" classname="Kubernetes e2e suite" time="0">
          <skipped></skipped>
      </testcase>
      <testcase name="[k8s.io] [sig-node] Kubelet [Serial] [Slow] [k8s.io] [sig-node] experimental resource usage tracking [Feature:ExperimentalResourceUsageTracking] resource tracking for 100 pods per node" classname="Kubernetes e2e suite" time="0">
          <skipped></skipped>
      </testcase>
      <testcase name="[sig-auth] Advanced Audit should audit API calls [DisabledForLargeClusters]" classname="Kubernetes e2e suite" time="0">
          <skipped></skipped>
      </testcase>
      <testcase name="[sig-apps] Network Partition [Disruptive] [Slow] [k8s.io] [StatefulSet] should come back up if node goes down [Slow] [Disruptive]" classname="Kubernetes e2e suite" time="0">
          <skipped></skipped>
      </testcase>
      <testcase name="[sig-storage] Secrets should be consumable from pods in volume  [Conformance]" classname="Kubernetes e2e suite" time="6.449676621"></testcase>
      <testcase name="[sig-autoscaling] Cluster size autoscaling [Slow] should create new node if there is no node for node selector [Feature:ClusterSizeAutoscalingScaleWithNAP]" classname="Kubernetes e2e suite" time="0">
          <skipped></skipped>
      </testcase>
      <testcase name="[sig-network] Proxy version v1 should proxy logs on node  [Conformance]" classname="Kubernetes e2e suite" time="6.301674042"></testcase>
      <testcase name="[sig-cli] Kubectl alpha client [k8s.io] Kubectl run CronJob should create a CronJob" classname="Kubernetes e2e suite" time="0">
          <skipped></skipped>
      </testcase>
      <testcase name="[sig-storage] Volumes Azure Disk [Feature:Volumes] should be mountable [Slow]" classname="Kubernetes e2e suite" time="0">
          <skipped></skipped>
      </testcase>
      <testcase name="[sig-storage] Projected should provide node allocatable (cpu) as default cpu limit if the limit is not set [Conformance]" classname="Kubernetes e2e suite" time="6.274754859"></testcase>
      <testcase name="[sig-storage] ConfigMap should be consumable from pods in volume with mappings  [Conformance]" classname="Kubernetes e2e suite" time="6.337367147"></testcase>
      <testcase name="[sig-autoscaling] Cluster size autoscaling [Slow] should correctly scale down after a node is not needed [Feature:ClusterSizeAutoscalingScaleDown]" classname="Kubernetes e2e suite" time="0">
          <skipped></skipped>
      </testcase>
      <testcase name="[sig-api-machinery] Namespaces [Serial] should ensure that all pods are removed when a namespace is deleted." classname="Kubernetes e2e suite" time="0">
          <skipped></skipped>
      </testcase>
      <testcase name="[sig-storage] ConfigMap optional updates should be reflected in volume  [Conformance]" classname="Kubernetes e2e suite" time="88.701026292"></testcase>
      <testcase name="[sig-storage] Storage Policy Based Volume Provisioning [Feature:vsphere] verify VSAN storage capability with non-vsan datastore is not honored for dynamically provisioned pvc using storageclass" classname="Kubernetes e2e suite" time="0">
          <skipped></skipped>
      </testcase>
      <testcase name="[sig-auth] [Feature:NodeAuthorizer] Getting a secret for a workload the node has access to should succeed" classname="Kubernetes e2e suite" time="0">
          <skipped></skipped>
      </testcase>
      <testcase name="[sig-network] ESIPP [Slow] [DisabledForLargeClusters] should only target nodes with endpoints" classname="Kubernetes e2e suite" time="0">
          <skipped></skipped>
      </testcase>
      <testcase name="[sig-scheduling] ResourceQuota should verify ResourceQuota with terminating scopes." classname="Kubernetes e2e suite" time="0">
          <skipped></skipped>
      </testcase>
      <testcase name="[sig-instrumentation] Stackdriver Monitoring should run Custom Metrics - Stackdriver Adapter [Feature:StackdriverCustomMetrics]" classname="Kubernetes e2e suite" time="0">
          <skipped></skipped>
      </testcase>
      <testcase name="[sig-storage] Pod Disks schedule a pod w/ RW PD(s) mounted to 1 or more containers, write to PD, verify content, delete pod, and repeat in rapid succession [Slow] using 1 containers and 2 PDs" classname="Kubernetes e2e suite" time="0">
          <skipped></skipped>
      </testcase>
      <testcase name="[sig-api-machinery] Servers with support for Table transformation should return a 406 for a backend which does not implement metadata" classname="Kubernetes e2e suite" time="0">
          <skipped></skipped>
      </testcase>
      <testcase name="[sig-autoscaling] [HPA] Horizontal pod autoscaling (scale resource: CPU) [sig-autoscaling] [DisabledForLargeClusters] ReplicationController light Should scale from 2 pods to 1 pod" classname="Kubernetes e2e suite" time="0">
          <skipped></skipped>
      </testcase>
      <testcase name="[sig-api-machinery] AdmissionWebhook Should be able to deny pod and configmap creation" classname="Kubernetes e2e suite" time="0">
          <skipped></skipped>
      </testcase>
      <testcase name="[sig-storage] Volume Provisioning On Clustered Datastore [Feature:vsphere] verify dynamic provision with default parameter on clustered datastore" classname="Kubernetes e2e suite" time="0">
          <skipped></skipped>
      </testcase>
      <testcase name="[sig-network] Networking Granular Checks: Pods should function for node-pod communication: http  [Conformance]" classname="Kubernetes e2e suite" time="52.52888752"></testcase>
      <testcase name="[k8s.io] Pods should cap back-off at MaxContainerBackOff [Slow]" classname="Kubernetes e2e suite" time="0">
          <skipped></skipped>
      </testcase>
      <testcase name="[sig-network] NetworkPolicy NetworkPolicy between server and client should enforce policy based on NamespaceSelector [Feature:NetworkPolicy]" classname="Kubernetes e2e suite" time="0">
          <skipped></skipped>
      </testcase>
      <testcase name="[sig-storage] Projected should update labels on modification [Conformance]" classname="Kubernetes e2e suite" time="28.778503864"></testcase>
      <testcase name="[sig-storage] Downward API volume should provide podname only  [Conformance]" classname="Kubernetes e2e suite" time="6.24077151"></testcase>
      <testcase name="[sig-network] Loadbalancing: L7 GCE [Slow] [Feature:Ingress] should conform to Ingress spec" classname="Kubernetes e2e suite" time="0">
          <skipped></skipped>
      </testcase>
      <testcase name="[sig-scheduling] SchedulerPredicates [Serial] validates local ephemeral storage resource limits of pods that are allowed to run [Feature:LocalStorageCapacityIsolation]" classname="Kubernetes e2e suite" time="0">
          <skipped></skipped>
      </testcase>
      <testcase name="[sig-storage] EmptyDir volumes should support (non-root,0644,tmpfs) [Conformance]" classname="Kubernetes e2e suite" time="12.264588057"></testcase>
      <testcase name="[sig-storage] EmptyDir volumes should support (root,0666,default) [Conformance]" classname="Kubernetes e2e suite" time="6.364128642"></testcase>
      <testcase name="[sig-autoscaling] [HPA] Horizontal pod autoscaling (scale resource: CPU) [sig-autoscaling] [Serial] [Slow] Deployment Should scale from 1 pod to 3 pods and from 3 to 5" classname="Kubernetes e2e suite" time="0">
          <skipped></skipped>
      </testcase>
      <testcase name="[k8s.io] Sysctls should support sysctls" classname="Kubernetes e2e suite" time="0">
          <skipped></skipped>
      </testcase>
      <testcase name="[k8s.io] Docker Containers should be able to override the image&#39;s default command and arguments  [Conformance]" classname="Kubernetes e2e suite" time="12.340961415"></testcase>
      <testcase name="[sig-storage] EmptyDir wrapper volumes should not cause race condition when used for configmaps [Serial] [Slow]" classname="Kubernetes e2e suite" time="0">
          <skipped></skipped>
      </testcase>
      <testcase name="[sig-scheduling] SchedulerPredicates [Serial] validates that taints-tolerations is respected if not matching" classname="Kubernetes e2e suite" time="0">
          <skipped></skipped>
      </testcase>
      <testcase name="[sig-scalability] Load capacity [Feature:ManualPerformance] should be able to handle 3 pods per node { ReplicationController} with 0 secrets, 0 configmaps and 0 daemons" classname="Kubernetes e2e suite" time="0">
          <skipped></skipped>
      </testcase>
      <testcase name="[sig-storage] Projected optional updates should be reflected in volume [Conformance]" classname="Kubernetes e2e suite" time="28.340066732"></testcase>
      <testcase name="[sig-autoscaling] Cluster size autoscaling [Slow] should increase cluster size if pending pods are small and one node is broken [Feature:ClusterSizeAutoscalingScaleUp]" classname="Kubernetes e2e suite" time="0">
          <skipped></skipped>
      </testcase>
      <testcase name="[sig-storage] PersistentVolumes[Disruptive][Flaky] when kubelet restarts Should test that a volume mounted to a pod that is deleted while the kubelet is down unmounts when the kubelet returns." classname="Kubernetes e2e suite" time="0">
          <skipped></skipped>
      </testcase>
      <testcase name="[sig-storage] Projected should be consumable from pods in volume with mappings as non-root with FSGroup [Feature:FSGroup]" classname="Kubernetes e2e suite" time="0">
          <skipped></skipped>
      </testcase>
      <testcase name="[sig-network] Proxy version v1 should proxy logs on node using proxy subresource  [Conformance]" classname="Kubernetes e2e suite" time="6.283979253"></testcase>
      <testcase name="[sig-network] Firewall rule [Slow] [Serial] should create valid firewall rules for LoadBalancer type service" classname="Kubernetes e2e suite" time="0">
          <skipped></skipped>
      </testcase>
      <testcase name="[k8s.io] EquivalenceCache [Serial] validates pod anti-affinity works properly when new replica pod is scheduled" classname="Kubernetes e2e suite" time="0">
          <skipped></skipped>
      </testcase>
      <testcase name="[sig-storage] ConfigMap updates should be reflected in volume  [Conformance]" classname="Kubernetes e2e suite" time="22.292627429"></testcase>
      <testcase name="[sig-storage] Flexvolumes [Disruptive] [Feature:FlexVolume] should install plugin without kubelet restart" classname="Kubernetes e2e suite" time="0">
          <skipped></skipped>
      </testcase>
      <testcase name="[sig-cli] Kubectl client [k8s.io] Kubectl replace should update a single-container pod&#39;s image  [Conformance]" classname="Kubernetes e2e suite" time="0">
          <skipped></skipped>
      </testcase>
      <testcase name="[sig-storage] Projected should be consumable from pods in volume with mappings and Item Mode set [Conformance]" classname="Kubernetes e2e suite" time="6.250858257"></testcase>
      <testcase name="[sig-storage] PersistentVolumes-local [Feature:LocalPersistentVolumes] [Serial] when one pod requests one prebound PVC should be able to mount volume and read from pod1" classname="Kubernetes e2e suite" time="0">
          <skipped></skipped>
      </testcase>
      <testcase name="[sig-api-machinery] CustomResourceDefinition resources Simple CustomResourceDefinition creating/deleting custom resource definition objects works  [Conformance]" classname="Kubernetes e2e suite" time="6.469175126">
          <failure type="Failure">/go/src/k8s.io/kubernetes/_output/dockerized/go/src/k8s.io/kubernetes/test/e2e/framework/framework.go:648&#xA;Feb 23 10:07:38.290: Failed to get server version: Unable to parse server version &#34;v1.6.8+$Format:%h$&#34;: could not parse pre-release/metadata (+$Format:%h$) in version &#34;v1.6.8+$Format:%h$&#34;&#xA;/go/src/k8s.io/kubernetes/_output/dockerized/go/src/k8s.io/kubernetes/test/e2e/framework/util.go:446</failure>
          <system-out>[BeforeEach] [sig-api-machinery] CustomResourceDefinition resources&#xA;  /go/src/k8s.io/kubernetes/_output/dockerized/go/src/k8s.io/kubernetes/test/e2e/framework/framework.go:134&#xA;STEP: Creating a kubernetes client&#xA;Feb 23 10:07:38.209: INFO: &gt;&gt;&gt; kubeConfig: /tmp/kubeconfig-645151644&#xA;STEP: Building a namespace api object&#xA;STEP: Waiting for a default service account to be provisioned in namespace&#xA;[It] creating/deleting custom resource definition objects works  [Conformance]&#xA;  /go/src/k8s.io/kubernetes/_output/dockerized/go/src/k8s.io/kubernetes/test/e2e/framework/framework.go:648&#xA;Feb 23 10:07:38.290: INFO: Failed to get server version: Unable to parse server version &#34;v1.6.8+$Format:%!h(MISSING)$&#34;: could not parse pre-release/metadata (+$Format:%!h(MISSING)$) in version &#34;v1.6.8+$Format:%!h(MISSING)$&#34;&#xA;[AfterEach] [sig-api-machinery] CustomResourceDefinition resources&#xA;  /go/src/k8s.io/kubernetes/_output/dockerized/go/src/k8s.io/kubernetes/test/e2e/framework/framework.go:135&#xA;STEP: Collecting events from namespace &#34;e2e-tests-custom-resource-definition-4j29p&#34;.&#xA;STEP: Found 0 events.&#xA;Feb 23 10:07:38.325: INFO: POD                                    NODE           PHASE    GRACE  CONDITIONS&#xA;Feb 23 10:07:38.325: INFO: curl-57077659-pnzns                    172.28.40.253  Running         [{Initialized True 0001-01-01 00:00:00 +0000 UTC 2018-02-06 07:57:21 +0000 UTC  } {Ready True 0001-01-01 00:00:00 +0000 UTC 2018-02-23 07:48:37 +0000 UTC  } {PodScheduled True 0001-01-01 00:00:00 +0000 UTC 2018-02-06 07:57:21 +0000 UTC  }]&#xA;Feb 23 10:07:38.325: INFO: default-http-backend-3573850553-shs2f  172.28.40.252  Running         [{Initialized True 0001-01-01 00:00:00 +0000 UTC 2018-01-24 09:18:57 +0000 UTC  } {Ready True 0001-01-01 00:00:00 +0000 UTC 2018-02-23 07:48:43 +0000 UTC  } {PodScheduled True 0001-01-01 00:00:00 +0000 UTC 2018-01-24 09:18:57 +0000 UTC  }]&#xA;Feb 23 10:07:38.325: INFO: my-nginx-4190440701-6x3d1              172.28.40.253  Running         [{Initialized True 0001-01-01 00:00:00 +0000 UTC 2018-02-06 06:19:52 +0000 UTC  } {Ready True 0001-01-01 00:00:00 +0000 UTC 2018-02-23 07:48:37 +0000 UTC  } {PodScheduled True 0001-01-01 00:00:00 +0000 UTC 2018-02-06 06:19:52 +0000 UTC  }]&#xA;Feb 23 10:07:38.325: INFO: my-nginx-4190440701-p5k0x              172.28.40.253  Running         [{Initialized True 0001-01-01 00:00:00 +0000 UTC 2018-02-06 06:19:53 +0000 UTC  } {Ready True 0001-01-01 00:00:00 +0000 UTC 2018-02-23 07:48:37 +0000 UTC  } {PodScheduled True 0001-01-01 00:00:00 +0000 UTC 2018-02-06 06:19:53 +0000 UTC  }]&#xA;Feb 23 10:07:38.325: INFO: test-deployment-408745850-00zls        172.28.40.252  Running         [{Initialized True 0001-01-01 00:00:00 +0000 UTC 2018-02-02 05:44:53 +0000 UTC  } {Ready True 0001-01-01 00:00:00 +0000 UTC 2018-02-23 07:48:46 +0000 UTC  } {PodScheduled True 0001-01-01 00:00:00 +0000 UTC 2018-02-02 05:44:53 +0000 UTC  }]&#xA;Feb 23 10:07:38.325: INFO: test-deployment-408745850-j3n1h        172.28.40.253  Running         [{Initialized True 0001-01-01 00:00:00 +0000 UTC 2018-02-02 05:44:53 +0000 UTC  } {Ready True 0001-01-01 00:00:00 +0000 UTC 2018-02-23 07:48:38 +0000 UTC  } {PodScheduled True 0001-01-01 00:00:00 +0000 UTC 2018-02-02 05:44:53 +0000 UTC  }]&#xA;Feb 23 10:07:38.325: INFO: sonobuoy                               172.28.40.253  Running         [{Initialized True 0001-01-01 00:00:00 +0000 UTC 2018-02-23 09:22:16 +0000 UTC  } {Ready True 0001-01-01 00:00:00 +0000 UTC 2018-02-23 09:27:38 +0000 UTC  } {PodScheduled True 0001-01-01 00:00:00 +0000 UTC 2018-02-23 09:22:16 +0000 UTC  }]&#xA;Feb 23 10:07:38.325: INFO: sonobuoy-e2e-job-582fc1e8360c48cc      172.28.40.253  Running         [{Initialized True 0001-01-01 00:00:00 +0000 UTC 2018-02-23 09:25:09 +0000 UTC  } {Ready True 0001-01-01 00:00:00 +0000 UTC 2018-02-23 09:28:07 +0000 UTC  } {PodScheduled True 0001-01-01 00:00:00 +0000 UTC 2018-02-23 09:25:09 +0000 UTC  }]&#xA;Feb 23 10:07:38.325: INFO: heapster-3541315297-879n8              172.28.40.252  Running         [{Initialized True 0001-01-01 00:00:00 +0000 UTC 2018-01-24 09:19:01 +0000 UTC  } {Ready True 0001-01-01 00:00:00 +0000 UTC 2018-02-23 07:48:43 +0000 UTC  } {PodScheduled True 0001-01-01 00:00:00 +0000 UTC 2018-01-24 09:18:59 +0000 UTC  }]&#xA;Feb 23 10:07:38.325: INFO: kube-dns-2151606476-3fxqh              172.28.40.252  Running         [{Initialized True 0001-01-01 00:00:00 +0000 UTC 2018-01-24 09:19:01 +0000 UTC  } {Ready True 0001-01-01 00:00:00 +0000 UTC 2018-02-23 07:48:45 +0000 UTC  } {PodScheduled True 0001-01-01 00:00:00 +0000 UTC 2018-01-24 09:18:59 +0000 UTC  }]&#xA;Feb 23 10:07:38.325: INFO: kube-dns-2151606476-57rt7              172.28.40.252  Running         [{Initialized True 0001-01-01 00:00:00 +0000 UTC 2018-01-25 07:29:52 +0000 UTC  } {Ready True 0001-01-01 00:00:00 +0000 UTC 2018-02-23 07:48:55 +0000 UTC  } {PodScheduled True 0001-01-01 00:00:00 +0000 UTC 2018-01-25 07:29:52 +0000 UTC  }]&#xA;Feb 23 10:07:38.325: INFO: kubernetes-dashboard-3564957082-zz0jt  172.28.40.253  Running         [{Initialized True 0001-01-01 00:00:00 +0000 UTC 2018-02-07 10:38:08 +0000 UTC  } {Ready True 0001-01-01 00:00:00 +0000 UTC 2018-02-23 07:48:37 +0000 UTC  } {PodScheduled True 0001-01-01 00:00:00 +0000 UTC 2018-02-07 10:38:08 +0000 UTC  }]&#xA;Feb 23 10:07:38.325: INFO: kubernetes-dashboard-4067619534-hd9rg  172.28.40.253  Running         [{Initialized True 0001-01-01 00:00:00 +0000 UTC 2018-02-07 10:10:50 +0000 UTC  } {Ready True 0001-01-01 00:00:00 +0000 UTC 2018-02-23 07:48:37 +0000 UTC  } {PodScheduled True 0001-01-01 00:00:00 +0000 UTC 2018-02-07 10:10:50 +0000 UTC  }]&#xA;Feb 23 10:07:38.325: INFO: monitoring-grafana-182961395-t1wdz     172.28.40.252  Running         [{Initialized True 0001-01-01 00:00:00 +0000 UTC 2018-01-24 09:19:01 +0000 UTC  } {Ready True 0001-01-01 00:00:00 +0000 UTC 2018-02-23 07:48:44 +0000 UTC  } {PodScheduled True 0001-01-01 00:00:00 +0000 UTC 2018-01-24 09:19:00 +0000 UTC  }]&#xA;Feb 23 10:07:38.325: INFO: monitoring-influxdb-742840477-02058    172.28.40.252  Running         [{Initialized True 0001-01-01 00:00:00 +0000 UTC 2018-01-24 09:19:01 +0000 UTC  } {Ready True 0001-01-01 00:00:00 +0000 UTC 2018-02-23 07:48:43 +0000 UTC  } {PodScheduled True 0001-01-01 00:00:00 +0000 UTC 2018-01-24 09:19:00 +0000 UTC  }]&#xA;Feb 23 10:07:38.325: INFO: nginx-ingress-lb-568296160-55s99       172.28.40.252  Running         [{Initialized True 0001-01-01 00:00:00 +0000 UTC 2018-01-24 09:19:01 +0000 UTC  } {Ready True 0001-01-01 00:00:00 +0000 UTC 2018-02-23 07:48:45 +0000 UTC  } {PodScheduled True 0001-01-01 00:00:00 +0000 UTC 2018-01-24 09:19:00 +0000 UTC  }]&#xA;Feb 23 10:07:38.325: INFO: loan-manager-web-3708347581-hr6gf      172.28.40.252  Running         [{Initialized True 0001-01-01 00:00:00 +0000 UTC 2018-01-24 09:19:01 +0000 UTC  } {Ready True 0001-01-01 00:00:00 +0000 UTC 2018-02-23 07:48:44 +0000 UTC  } {PodScheduled True 0001-01-01 00:00:00 +0000 UTC 2018-01-24 09:19:01 +0000 UTC  }]&#xA;Feb 23 10:07:38.325: INFO: sonobuoy                               172.28.40.253  Running         [{Initialized True 0001-01-01 00:00:00 +0000 UTC 2018-02-23 08:09:50 +0000 UTC  } {Ready True 0001-01-01 00:00:00 +0000 UTC 2018-02-23 08:09:57 +0000 UTC  } {PodScheduled True 0001-01-01 00:00:00 +0000 UTC 2018-02-23 08:09:50 +0000 UTC  }]&#xA;Feb 23 10:07:38.325: INFO: &#xA;Feb 23 10:07:38.336: INFO: &#xA;Logging node info for node 172.28.40.252&#xA;Feb 23 10:07:38.337: INFO: Node Info: &amp;Node{ObjectMeta:k8s_io_apimachinery_pkg_apis_meta_v1.ObjectMeta{Name:172.28.40.252,GenerateName:,Namespace:,SelfLink:/api/v1/nodes172.28.40.252,UID:89f1ca06-8361-11e7-83be-c85b76af3a19,ResourceVersion:25691682,Generation:0,CreationTimestamp:2017-08-17 15:34:20 +0000 UTC,DeletionTimestamp:&lt;nil&gt;,DeletionGracePeriodSeconds:nil,Labels:map[string]string{beta.kubernetes.io/arch: amd64,beta.kubernetes.io/fluentd-ds-ready: true,beta.kubernetes.io/os: linux,kubernetes.io/hostname: 172.28.40.252,},Annotations:map[string]string{node.alpha.kubernetes.io/ttl: 0,volumes.kubernetes.io/controller-managed-attach-detach: true,},OwnerReferences:[],Finalizers:[],ClusterName:,Initializers:nil,},Spec:NodeSpec{PodCIDR:172.28.44.0/24,ExternalID:172.28.40.252,ProviderID:,Unschedulable:false,Taints:[],ConfigSource:nil,},Status:NodeStatus{Capacity:ResourceList{cpu: {{4 0} {&lt;nil&gt;} 4 DecimalSI},memory: {{8112148480 0} {&lt;nil&gt;} 7922020Ki BinarySI},pods: {{110 0} {&lt;nil&gt;} 110 DecimalSI},},Allocatable:ResourceList{cpu: {{4 0} {&lt;nil&gt;} 4 DecimalSI},memory: {{8007290880 0} {&lt;nil&gt;} 7819620Ki BinarySI},pods: {{110 0} {&lt;nil&gt;} 110 DecimalSI},},Phase:,Conditions:[{OutOfDisk False 2018-02-23 10:07:35 +0000 UTC 2018-01-24 09:04:44 +0000 UTC KubeletHasSufficientDisk kubelet has sufficient disk space available} {MemoryPressure False 2018-02-23 10:07:35 +0000 UTC 2018-01-24 09:04:44 +0000 UTC KubeletHasSufficientMemory kubelet has sufficient memory available} {DiskPressure False 2018-02-23 10:07:35 +0000 UTC 2018-01-24 09:04:44 +0000 UTC KubeletHasNoDiskPressure kubelet has no disk pressure} {Ready True 2018-02-23 10:07:35 +0000 UTC 2018-01-24 09:04:44 +0000 UTC KubeletReady kubelet is posting ready status}],Addresses:[{LegacyHostIP 172.28.40.252} {InternalIP 172.28.40.252} {Hostname 172.28.40.252}],DaemonEndpoints:NodeDaemonEndpoints{KubeletEndpoint:DaemonEndpoint{Port:10250,},},NodeInfo:NodeSystemInfo{MachineID:7f0e2da3e5b1430599f3d0c42078a450,SystemUUID:4DB41674-1B15-11E7-B32F-FD03500C3300,BootID:e7bea30b-3800-4667-864e-e4df488dafc3,KernelVersion:3.10.0-514.26.2.el7.x86_64,OSImage:CentOS Linux 7 (Core),ContainerRuntimeVersion:docker://Unknown,KubeletVersion:v1.6.8,KubeProxyVersion:v1.6.8,OperatingSystem:linux,Architecture:amd64,},Images:[{[dorowu/ubuntu-desktop-lxde-vnc@sha256:9e79e40c997ea6c0789ce695e9530ea13140f561669c1cacd50dbe054289c0cd dorowu/ubuntu-desktop-lxde-vnc:latest] 1310395082} {[perl@sha256:602d654765ebdd0881c435ddfa09c0a8e2ce81581c5415bc608183cd388ba555 perl:latest] 879012185} {[reg.qianbao-inc.com/base/centos7-fluentd@sha256:9e99a2b7a178a804d7ecb7cd25a8b78bdbfa2681b614f5bea27d3fd3dbe603a5 172.28.40.90/base/centos7-fluentd:latest reg.qianbao-inc.com/base/centos7-fluentd:latest] 778846664} {[172.28.40.90/base/centos7-fluentd@sha256:52808e02527a1065bf00bbd0410c83e56f7db0d452f6631e597a2f66af92ea65] 778842535} {[172.28.40.90/base/centos7-fluentd@sha256:3a03cbf6c1c2d1876010e451af3f2596ce24416e324d5d702db9e3db46c7fead] 778840917} {[reg.qianbao-inc.com/appimages/loan_manager_web@sha256:5cd3519d4c114b797a4e2612c8c83ecb02302f72c5441ba4ca92181a8cfa07f9 reg.qianbao-inc.com/appimages/loan_manager_web:201708241425] 648340819} {[reg.qianbao-inc.com/appimages/loan_manager_web@sha256:60c5c82a61d75acd7d431a8f86d0223a075d274ddcdb3d9a81fb51f45bd14581 reg.qianbao-inc.com/appimages/loan_manager_web:201708231829] 646662057} {[172.28.40.90/appimages/loan_manager_web@sha256:e85b4db8d72adfa126c294b07cde892d72ca7af7d51bf025ffaba06e7c7b5551 reg.qianbao-inc.com/appimages/loan_manager_web@sha256:e85b4db8d72adfa126c294b07cde892d72ca7af7d51bf025ffaba06e7c7b5551 172.28.40.90/appimages/loan_manager_web:201708231533 reg.qianbao-inc.com/appimages/loan_manager_web:201708231533] 646661488} {[172.28.40.90/appimages/loan_manager_web@sha256:884bc64e6833bca7eb0cb7f88846c89908813fedc6142b006b164371bf342d24 172.28.40.90/appimages/loan_manager_web:201708231053] 644865336} {[reg.qianbao-inc.com/base/centos7-jdk1.7-tomcat8-base@sha256:a52a51fcecd30b2670c9e4c5766ab1b6b36498d6e99c318e453371e96a3b7e40 reg.qianbao-inc.com/base/centos7-jdk1.7-tomcat8-base:latest] 568866130} {[172.28.40.90/base/centos7-fluentd@sha256:0ba96c5a4dad3989f770c301cfaaedc5e5ff3cf8d4102cf08c957099ab2bb674 172.28.40.90/base/centos7-jdk1.7-tomcat8-base:latest] 546080806} {[172.28.40.90/base/centos7-fluentd@sha256:301966ed37ebeb9197c6d913a1e3f348c5568272c6b45cf99f202729162fb96f] 546080806} {[172.28.40.90/base/centos7-jdk1.7-tomcat8-base@sha256:9509e3d2fffffde2054608d3e915bd3e586974d396f7c1d8cd9fb94dd28fed6a] 546080806} {[reg.qianbao-inc.com/base/centos7-nginx@sha256:6532f22828d508602e209e298618786db57bf0e8b2d8fad12b605738356bfa57 nginx:latest reg.qianbao-inc.com/base/centos7-nginx:latest] 397033431} {[reg.qianbao-inc.com/base/centos7-nginx@sha256:83465df5c8e34e2836ecbc15767feff447263fb682b7826b6490d5cf7173d227] 397024018} {[reg.qianbao-inc.com/base/centos7-nginx@sha256:250bbaf9ff1fe83b582f129819d966e3e4e2e8c34af7ede5f78b49ccdcafee2a] 397006282} {[&lt;none&gt;@&lt;none&gt; &lt;none&gt;:&lt;none&gt;] 397006085} {[&lt;none&gt;@&lt;none&gt; &lt;none&gt;:&lt;none&gt;] 397001116} {[&lt;none&gt;@&lt;none&gt; &lt;none&gt;:&lt;none&gt;] 319205511} {[&lt;none&gt;@&lt;none&gt; &lt;none&gt;:&lt;none&gt;] 319205511} {[onlyerich/fluentd-elasticsearch@sha256:8b2244d0c10c70fad3dac392aab8efbb235cc84e0d2f3ae6a11291b6b35f0845 onlyerich/fluentd-elasticsearch:1.22] 266212638} {[registry.access.redhat.com/rhel7/pod-infrastructure@sha256:a269caa130cc66f83de0f5ff96305d0ed80cbab279279bca61db8cb50b38ed13 registry.access.redhat.com/rhel7/pod-infrastructure:latest] 205810221} {[zhaixigui/heapster-grafana-amd64@sha256:f971e645adb7f9ea355b3ade0c0eb799299fb7bdb21775436ce910e344166cef zhaixigui/heapster-grafana-amd64:v4.2.0] 145850413} {[zhaixigui/nginx-ingress-controller@sha256:cc6f47793afdc422f5c058f1ea073a53b540a3e9213e715183995abdb91114d8 zhaixigui/nginx-ingress-controller:0.9.0-beta.10] 131649888} {[lvanneo/heapster-grafana-amd64@sha256:693811e8824f87757859cfe5974fb7358fe827ea9078a0b87be76159674b97e6 lvanneo/heapster-grafana-amd64:v4.0.2] 131461556} {[prom/prometheus@sha256:aae7f9829bbbba8f98b3ebd4f2b5c47c09ed8f2e47a4f3022cae5aed546a4c3c prom/prometheus:latest] 111714634} {[cokabug/kubernetes-dashboard-amd64@sha256:6e761c36d295dd90e2117cc4dd7a7bcb7a8f5bca1384202031760813110c4dcc cokabug/kubernetes-dashboard-amd64:v1.6.0] 108572029} {[nginx@sha256:e3456c851a152494c3e4ff5fcc26f240206abac0c9d794affb40e0714846c451 nginx:1.7.9] 91641000} {[zhaixigui/heapster-amd64@sha256:f70f044db6e609737efa28d1007e22761af3cddfefbe3688033de46ac6389455 zhaixigui/heapster-amd64:v1.4.0] 73395475} {[zhaixigui/k8s-dns-kube-dns-amd64@sha256:03552e82aff26e70ee56744678f1660e7df71ba083ad8e428ad10fb941ecdc4f zhaixigui/k8s-dns-kube-dns-amd64:1.14.4] 49383112} {[zhaixigui/k8s-dns-sidecar-amd64@sha256:e4592661b68a5a029b76d45575a48cd69c95b96d1e312aaf7e3c22797ef0d823 zhaixigui/k8s-dns-sidecar-amd64:1.14.4] 41814878} {[zhaixigui/k8s-dns-dnsmasq-nanny-amd64@sha256:970af113854db3e70be7079ad27af22061aee9fd18ae28775ddd9d76130410ce zhaixigui/k8s-dns-dnsmasq-nanny-amd64:1.14.4] 41410758} {[lvanneo/heapster-influxdb-amd64@sha256:32b43d82e50588990bb6ec3947507f9c247330695870108bacfc23a8a6f96db4 lvanneo/heapster-influxdb-amd64:v1.1.1] 11585302} {[zhaixigui/heapster-influxdb-amd64@sha256:4fbe175e4202a2812f4fdc245c63a7d04e59e5ac754957fbe2bdd3bc29eb8e6d zhaixigui/heapster-influxdb-amd64:v1.1.1] 11585302} {[zhaixigui/nginx-defaultbackend@sha256:94d32dc1142c5fa22971ceaaabf4a78ac87d76c53c3f82c6c30a20b3ed197fc6 zhaixigui/nginx-defaultbackend:1.0] 7510068} {[gcr.io/kubernetes-e2e-test-images/netexec-amd64@sha256:2edfad424a541b9e024f26368d3a5b7dcc1d7cd27a4ee8c1d8c3f81d9209ab2e gcr.io/kubernetes-e2e-test-images/netexec-amd64:1.0] 6227659} {[busybox@sha256:1669a6aa7350e1cdd28f972ddad5aceba2912f589f19a090ac75b7083da748db busybox@sha256:1b124b4f31609dfdd23563b0f6f37430a85cd485cf8224e09f9cb376b7756347 busybox@sha256:c18e3bde44f31297b5a8f6965ac0f523789dc6b7a6bb60de219ba63daee6675b busybox:latest] 1146369} {[busybox@sha256:7a7714572b84fe1fafbc6b4f8374925249da8642b723d941a5ea214dac19b164] 1143105} {[gcr.io/google_containers/pause-amd64@sha256:163ac025575b775d1c0f9bf0bdd0f086883171eb475b5068e7defa4ca9e76516 gcr.io/google_containers/pause-amd64:3.0] 746888}],VolumesInUse:[],VolumesAttached:[],},}&#xA;Feb 23 10:07:38.337: INFO: &#xA;Logging kubelet events for node 172.28.40.252&#xA;Feb 23 10:07:38.340: INFO: &#xA;Logging pods the kubelet thinks is on node 172.28.40.252&#xA;Feb 23 10:07:38.344: INFO: default-http-backend-3573850553-shs2f started at 2018-01-24 09:18:57 +0000 UTC (0+1 container statuses recorded)&#xA;Feb 23 10:07:38.344: INFO: &#x9;Container default-http-backend ready: true, restart count 4&#xA;Feb 23 10:07:38.344: INFO: heapster-3541315297-879n8 started at 2018-01-24 09:19:01 +0000 UTC (0+1 container statuses recorded)&#xA;Feb 23 10:07:38.344: INFO: &#x9;Container heapster ready: true, restart count 4&#xA;Feb 23 10:07:38.344: INFO: kube-dns-2151606476-3fxqh started at 2018-01-24 09:19:01 +0000 UTC (0+3 container statuses recorded)&#xA;Feb 23 10:07:38.344: INFO: &#x9;Container dnsmasq ready: true, restart count 4&#xA;Feb 23 10:07:38.344: INFO: &#x9;Container kubedns ready: true, restart count 5&#xA;Feb 23 10:07:38.344: INFO: &#x9;Container sidecar ready: true, restart count 4&#xA;Feb 23 10:07:38.344: INFO: kube-dns-2151606476-57rt7 started at 2018-01-25 07:29:52 +0000 UTC (0+3 container statuses recorded)&#xA;Feb 23 10:07:38.344: INFO: &#x9;Container dnsmasq ready: true, restart count 5&#xA;Feb 23 10:07:38.344: INFO: &#x9;Container kubedns ready: true, restart count 5&#xA;Feb 23 10:07:38.344: INFO: &#x9;Container sidecar ready: true, restart count 5&#xA;Feb 23 10:07:38.344: INFO: monitoring-grafana-182961395-t1wdz started at 2018-01-24 09:19:01 +0000 UTC (0+1 container statuses recorded)&#xA;Feb 23 10:07:38.344: INFO: &#x9;Container grafana ready: true, restart count 4&#xA;Feb 23 10:07:38.344: INFO: monitoring-influxdb-742840477-02058 started at 2018-01-24 09:19:01 +0000 UTC (0+1 container statuses recorded)&#xA;Feb 23 10:07:38.344: INFO: &#x9;Container influxdb ready: true, restart count 5&#xA;Feb 23 10:07:38.344: INFO: nginx-ingress-lb-568296160-55s99 started at 2018-01-24 09:19:01 +0000 UTC (0+1 container statuses recorded)&#xA;Feb 23 10:07:38.344: INFO: &#x9;Container nginx-ingress-lb ready: true, restart count 5&#xA;Feb 23 10:07:38.344: INFO: loan-manager-web-3708347581-hr6gf started at 2018-01-24 09:19:01 +0000 UTC (0+1 container statuses recorded)&#xA;Feb 23 10:07:38.344: INFO: &#x9;Container http-lmw ready: true, restart count 4&#xA;Feb 23 10:07:38.344: INFO: test-deployment-408745850-00zls started at 2018-02-02 05:44:53 +0000 UTC (0+1 container statuses recorded)&#xA;Feb 23 10:07:38.344: INFO: &#x9;Container test-container ready: true, restart count 54&#xA;Feb 23 10:07:38.420: INFO: &#xA;Latency metrics for node 172.28.40.252&#xA;Feb 23 10:07:38.420: INFO: &#xA;Logging node info for node 172.28.40.253&#xA;Feb 23 10:07:38.422: INFO: Node Info: &amp;Node{ObjectMeta:k8s_io_apimachinery_pkg_apis_meta_v1.ObjectMeta{Name:172.28.40.253,GenerateName:,Namespace:,SelfLink:/api/v1/nodes172.28.40.253,UID:588c0b4a-8c81-11e7-9e8c-c85b76af3a19,ResourceVersion:25691679,Generation:0,CreationTimestamp:2017-08-29 06:14:42 +0000 UTC,DeletionTimestamp:&lt;nil&gt;,DeletionGracePeriodSeconds:nil,Labels:map[string]string{beta.kubernetes.io/arch: amd64,beta.kubernetes.io/os: linux,kubernetes.io/hostname: 172.28.40.253,nodetype: test,},Annotations:map[string]string{node.alpha.kubernetes.io/ttl: 0,volumes.kubernetes.io/controller-managed-attach-detach: true,},OwnerReferences:[],Finalizers:[],ClusterName:,Initializers:nil,},Spec:NodeSpec{PodCIDR:,ExternalID:172.28.40.253,ProviderID:,Unschedulable:false,Taints:[],ConfigSource:nil,},Status:NodeStatus{Capacity:ResourceList{cpu: {{4 0} {&lt;nil&gt;} 4 DecimalSI},memory: {{8112148480 0} {&lt;nil&gt;} 7922020Ki BinarySI},pods: {{110 0} {&lt;nil&gt;} 110 DecimalSI},},Allocatable:ResourceList{cpu: {{3 0} {&lt;nil&gt;} 3 DecimalSI},memory: {{6933549056 0} {&lt;nil&gt;} 6771044Ki BinarySI},pods: {{110 0} {&lt;nil&gt;} 110 DecimalSI},},Phase:,Conditions:[{OutOfDisk False 2018-02-23 10:07:35 +0000 UTC 2018-01-30 11:01:32 +0000 UTC KubeletHasSufficientDisk kubelet has sufficient disk space available} {MemoryPressure False 2018-02-23 10:07:35 +0000 UTC 2018-01-30 11:01:32 +0000 UTC KubeletHasSufficientMemory kubelet has sufficient memory available} {DiskPressure False 2018-02-23 10:07:35 +0000 UTC 2018-01-30 11:01:32 +0000 UTC KubeletHasNoDiskPressure kubelet has no disk pressure} {Ready True 2018-02-23 10:07:35 +0000 UTC 2018-01-30 11:01:32 +0000 UTC KubeletReady kubelet is posting ready status}],Addresses:[{LegacyHostIP 172.28.40.253} {InternalIP 172.28.40.253} {Hostname 172.28.40.253}],DaemonEndpoints:NodeDaemonEndpoints{KubeletEndpoint:DaemonEndpoint{Port:10250,},},NodeInfo:NodeSystemInfo{MachineID:bfb4a22c942b43b9afe4632a394a0b93,SystemUUID:ADF6893C-1B14-11E7-95E2-034D77011300,BootID:6fa87097-bce2-43e2-9670-2d348a1d3d3e,KernelVersion:3.10.0-514.26.2.el7.x86_64,OSImage:CentOS Linux 7 (Core),ContainerRuntimeVersion:docker://Unknown,KubeletVersion:v1.6.8,KubeProxyVersion:v1.6.8,OperatingSystem:linux,Architecture:amd64,},Images:[{[reg.qianbao-inc.com/appimages/zrj_biz_cashier_admin@sha256:1da6490bcffb9710ee9cfc91a4278edbe409eee062ea590a6a548c2fe4cababa reg.qianbao-inc.com/appimages/zrj_biz_cashier_admin:201709061556] 637468996} {[reg.qianbao-inc.com/appimages/zrj_biz_cashier_service@sha256:cd4f114db537e6a2e4819b00b167e5a9c80208eb7f852e4ac95b031da80f2d4e reg.qianbao-inc.com/appimages/zrj_biz_cashier_service:201709051616] 594016818} {[gcr.io/heptio-images/kube-conformance@sha256:0918b6ac69ac566107e30d2a82b48b556e1d141ed172a7abe203ca5930baf26e gcr.io/heptio-images/kube-conformance:latest] 520629728} {[gcr.io/heptio-images/sonobuoy@sha256:9f2a352b44143c8c4dc72ea2df07d1b3c9d37e45a2ebcfa72c048cca17b9d6eb gcr.io/heptio-images/sonobuoy:v0.10.0] 480143853} {[gcr.io/heptio-images/sonobuoy@sha256:1132c9365edbea54aa574880cd2511c09e0f0b4476cbfe0e09e8ca8e536f6f17 gcr.io/heptio-images/sonobuoy:v0.9.0] 326230178} {[rastasheep/ubuntu-sshd@sha256:1abe85b1cdb81ade6d475f9e9ee819f5d6b6568d979731a71e030a83da028f2a rastasheep/ubuntu-sshd:latest] 250936518} {[registry.access.redhat.com/rhel7/pod-infrastructure@sha256:92d43c37297da3ab187fc2b9e9ebfb243c1110d446c783ae1b989088495db931 registry.access.redhat.com/rhel7/pod-infrastructure:latest] 208612920} {[centos@sha256:c1010e2fe2b635822d99a096b1f4184becf5d1c98707cbccae00be663a9b9131 centos:latest] 192529651} {[siriuszg/kubernetes-dashboard-amd64@sha256:aa7a82994db197281396931523700ef55be19a890dd26899615cc709c165f940 siriuszg/kubernetes-dashboard-amd64:v1.6.0] 108572029} {[reg.qianbao-inc.com/base/kubernetes-dashboard-amd64@sha256:5dcc2f5825efef849787ba530a46e82213a2da8a6be65c40efc8bb9459c03b4c reg.qianbao-inc.com/base/kubernetes-dashboard-amd64:v1.6.0] 108572029} {[nginx@sha256:285b49d42c703fdf257d1e2422765c4ba9d3e37768d6ea83d7fe2043dad6e63d nginx:latest] 108472156} {[nginx@sha256:e3456c851a152494c3e4ff5fcc26f240206abac0c9d794affb40e0714846c451 nginx:1.7.9] 91641000} {[gcr.io/heptio-images/namespace-deleter@sha256:3ae93c027111ac894a5093663572e1afd5872597d7ecc6af0a2a75d6e6be8b3d gcr.io/heptio-images/namespace-deleter:v0.0.1] 43012728} {[gcr.io/heptio-images/scanner-forwarder@sha256:a4a1761a4cb5c6aed71302e8a605926cc297c58907018fefe5436a65aaaf884f gcr.io/heptio-images/scanner-forwarder:v0.0.4] 10882452} {[gcr.io/kubernetes-e2e-test-images/hostexec-amd64@sha256:066848e78b757074c932cbafd33958685a9dc0627a5061cdf98a6143db055fbd gcr.io/kubernetes-e2e-test-images/hostexec-amd64:1.0] 8351345} {[gcr.io/kubernetes-e2e-test-images/netexec-amd64@sha256:2edfad424a541b9e024f26368d3a5b7dcc1d7cd27a4ee8c1d8c3f81d9209ab2e gcr.io/kubernetes-e2e-test-images/netexec-amd64:1.0] 6227659} {[gcr.io/kubernetes-e2e-test-images/serve-hostname-amd64@sha256:2dd4032e98a0450d95a0ac71a5e465f542a900812d8c41bc6ca635aed1a5fc91 gcr.io/kubernetes-e2e-test-images/serve-hostname-amd64:1.0] 5470001} {[radial/busyboxplus@sha256:a68c05ab1112fd90ad7b14985a48520e9d26dbbe00cb9c09aa79fdc0ef46b372 radial/busyboxplus:curl] 4212341} {[gcr.io/kubernetes-e2e-test-images/entrypoint-tester-amd64@sha256:ed08ffff86b0a2016fa650ff76ea4b85fc3dfcab30ee4b7bd47d514ab765da89 gcr.io/kubernetes-e2e-test-images/entrypoint-tester-amd64:1.0] 2276578} {[gcr.io/kubernetes-e2e-test-images/mounttest-amd64@sha256:dc4e2dcfbde16249c4662de673295d00778577bc2e2ca7013a1b85d4f47398ca gcr.io/kubernetes-e2e-test-images/mounttest-amd64:1.0] 1450451} {[gcr.io/kubernetes-e2e-test-images/mounttest-user-amd64@sha256:dda6519a95c934b46731a6b1492fed1b48ccc6d4aed4b754a46d7de8063a3e2b gcr.io/kubernetes-e2e-test-images/mounttest-user-amd64:1.0] 1450451} {[busybox@sha256:1669a6aa7350e1cdd28f972ddad5aceba2912f589f19a090ac75b7083da748db busybox:latest] 1146369} {[gcr.io/google_containers/pause-amd64@sha256:163ac025575b775d1c0f9bf0bdd0f086883171eb475b5068e7defa4ca9e76516 gcr.io/google_containers/pause-amd64:3.0] 746888}],VolumesInUse:[],VolumesAttached:[],},}&#xA;Feb 23 10:07:38.422: INFO: &#xA;Logging kubelet events for node 172.28.40.253&#xA;Feb 23 10:07:38.448: INFO: &#xA;Logging pods the kubelet thinks is on node 172.28.40.253&#xA;Feb 23 10:07:38.452: INFO: my-nginx-4190440701-p5k0x started at 2018-02-06 06:19:53 +0000 UTC (0+1 container statuses recorded)&#xA;Feb 23 10:07:38.452: INFO: &#x9;Container my-nginx ready: true, restart count 3&#xA;Feb 23 10:07:38.452: INFO: test-deployment-408745850-j3n1h started at 2018-02-02 05:44:53 +0000 UTC (0+1 container statuses recorded)&#xA;Feb 23 10:07:38.452: INFO: &#x9;Container test-container ready: true, restart count 53&#xA;Feb 23 10:07:38.452: INFO: kubernetes-dashboard-4067619534-hd9rg started at 2018-02-07 10:10:50 +0000 UTC (0+1 container statuses recorded)&#xA;Feb 23 10:07:38.452: INFO: &#x9;Container kubernetes-dashboard ready: true, restart count 3&#xA;Feb 23 10:07:38.452: INFO: my-nginx-4190440701-6x3d1 started at 2018-02-06 06:19:52 +0000 UTC (0+1 container statuses recorded)&#xA;Feb 23 10:07:38.452: INFO: &#x9;Container my-nginx ready: true, restart count 3&#xA;Feb 23 10:07:38.452: INFO: curl-57077659-pnzns started at 2018-02-06 07:57:21 +0000 UTC (0+1 container statuses recorded)&#xA;Feb 23 10:07:38.452: INFO: &#x9;Container curl ready: true, restart count 5&#xA;Feb 23 10:07:38.452: INFO: sonobuoy started at 2018-02-23 09:22:16 +0000 UTC (0+3 container statuses recorded)&#xA;Feb 23 10:07:38.452: INFO: &#x9;Container cleanup ready: true, restart count 0&#xA;Feb 23 10:07:38.452: INFO: &#x9;Container forwarder ready: true, restart count 0&#xA;Feb 23 10:07:38.452: INFO: &#x9;Container kube-sonobuoy ready: true, restart count 0&#xA;Feb 23 10:07:38.452: INFO: kubernetes-dashboard-3564957082-zz0jt started at 2018-02-07 10:38:08 +0000 UTC (0+1 container statuses recorded)&#xA;Feb 23 10:07:38.452: INFO: &#x9;Container kubernetes-dashboard ready: true, restart count 3&#xA;Feb 23 10:07:38.452: INFO: sonobuoy started at 2018-02-23 08:09:50 +0000 UTC (0+1 container statuses recorded)&#xA;Feb 23 10:07:38.452: INFO: &#x9;Container kube-sonobuoy ready: true, restart count 0&#xA;Feb 23 10:07:38.452: INFO: sonobuoy-e2e-job-582fc1e8360c48cc started at 2018-02-23 09:25:09 +0000 UTC (0+2 container statuses recorded)&#xA;Feb 23 10:07:38.452: INFO: &#x9;Container e2e ready: true, restart count 0&#xA;Feb 23 10:07:38.452: INFO: &#x9;Container sonobuoy-worker ready: true, restart count 0&#xA;Feb 23 10:07:38.544: INFO: &#xA;Latency metrics for node 172.28.40.253&#xA;Feb 23 10:07:38.544: INFO: {Operation:sync Method:pod_worker_latency_microseconds Quantile:0.99 Latency:2m3.021166s}&#xA;Feb 23 10:07:38.544: INFO: {Operation:sync Method:pod_worker_latency_microseconds Quantile:0.9 Latency:2m3.021094s}&#xA;Feb 23 10:07:38.544: INFO: {Operation:sync Method:pod_worker_latency_microseconds Quantile:0.5 Latency:2m1.009218s}&#xA;STEP: Dumping a list of prepulled images on each node to file /tmp/results/image-puller.txt&#xA;Feb 23 10:07:38.548: INFO: Waiting up to 3m0s for all (but 0) nodes to be ready&#xA;STEP: Destroying namespace &#34;e2e-tests-custom-resource-definition-4j29p&#34; for this suite.&#xA;Feb 23 10:07:44.576: INFO: Waiting up to 30s for server preferred namespaced resources to be successfully discovered&#xA;Feb 23 10:07:44.589: INFO: namespace: e2e-tests-custom-resource-definition-4j29p, resource: bindings, ignored listing per whitelist&#xA;Feb 23 10:07:44.678: INFO: namespace e2e-tests-custom-resource-definition-4j29p deletion completed in 6.125324219s&#xA;</system-out>
      </testcase>
      <testcase name="[sig-api-machinery] Garbage collector should delete jobs and pods created by cronjob" classname="Kubernetes e2e suite" time="0">
          <skipped></skipped>
      </testcase>
      <testcase name="[sig-api-machinery] Downward API should provide pod UID as env vars  [Conformance]" classname="Kubernetes e2e suite" time="6.47496482">
          <failure type="Failure">/go/src/k8s.io/kubernetes/_output/dockerized/go/src/k8s.io/kubernetes/test/e2e/framework/framework.go:648&#xA;Feb 23 10:07:44.784: Failed to get server version: Unable to parse server version &#34;v1.6.8+$Format:%h$&#34;: could not parse pre-release/metadata (+$Format:%h$) in version &#34;v1.6.8+$Format:%h$&#34;&#xA;/go/src/k8s.io/kubernetes/_output/dockerized/go/src/k8s.io/kubernetes/test/e2e/framework/util.go:446</failure>
          <system-out>[BeforeEach] [sig-api-machinery] Downward API&#xA;  /go/src/k8s.io/kubernetes/_output/dockerized/go/src/k8s.io/kubernetes/test/e2e/framework/framework.go:134&#xA;STEP: Creating a kubernetes client&#xA;Feb 23 10:07:44.678: INFO: &gt;&gt;&gt; kubeConfig: /tmp/kubeconfig-645151644&#xA;STEP: Building a namespace api object&#xA;STEP: Waiting for a default service account to be provisioned in namespace&#xA;[It] should provide pod UID as env vars  [Conformance]&#xA;  /go/src/k8s.io/kubernetes/_output/dockerized/go/src/k8s.io/kubernetes/test/e2e/framework/framework.go:648&#xA;Feb 23 10:07:44.784: INFO: Failed to get server version: Unable to parse server version &#34;v1.6.8+$Format:%!h(MISSING)$&#34;: could not parse pre-release/metadata (+$Format:%!h(MISSING)$) in version &#34;v1.6.8+$Format:%!h(MISSING)$&#34;&#xA;[AfterEach] [sig-api-machinery] Downward API&#xA;  /go/src/k8s.io/kubernetes/_output/dockerized/go/src/k8s.io/kubernetes/test/e2e/framework/framework.go:135&#xA;STEP: Collecting events from namespace &#34;e2e-tests-downward-api-mj1kd&#34;.&#xA;STEP: Found 0 events.&#xA;Feb 23 10:07:44.801: INFO: POD                                    NODE           PHASE    GRACE  CONDITIONS&#xA;Feb 23 10:07:44.801: INFO: curl-57077659-pnzns                    172.28.40.253  Running         [{Initialized True 0001-01-01 00:00:00 +0000 UTC 2018-02-06 07:57:21 +0000 UTC  } {Ready True 0001-01-01 00:00:00 +0000 UTC 2018-02-23 07:48:37 +0000 UTC  } {PodScheduled True 0001-01-01 00:00:00 +0000 UTC 2018-02-06 07:57:21 +0000 UTC  }]&#xA;Feb 23 10:07:44.801: INFO: default-http-backend-3573850553-shs2f  172.28.40.252  Running         [{Initialized True 0001-01-01 00:00:00 +0000 UTC 2018-01-24 09:18:57 +0000 UTC  } {Ready True 0001-01-01 00:00:00 +0000 UTC 2018-02-23 07:48:43 +0000 UTC  } {PodScheduled True 0001-01-01 00:00:00 +0000 UTC 2018-01-24 09:18:57 +0000 UTC  }]&#xA;Feb 23 10:07:44.801: INFO: my-nginx-4190440701-6x3d1              172.28.40.253  Running         [{Initialized True 0001-01-01 00:00:00 +0000 UTC 2018-02-06 06:19:52 +0000 UTC  } {Ready True 0001-01-01 00:00:00 +0000 UTC 2018-02-23 07:48:37 +0000 UTC  } {PodScheduled True 0001-01-01 00:00:00 +0000 UTC 2018-02-06 06:19:52 +0000 UTC  }]&#xA;Feb 23 10:07:44.801: INFO: my-nginx-4190440701-p5k0x              172.28.40.253  Running         [{Initialized True 0001-01-01 00:00:00 +0000 UTC 2018-02-06 06:19:53 +0000 UTC  } {Ready True 0001-01-01 00:00:00 +0000 UTC 2018-02-23 07:48:37 +0000 UTC  } {PodScheduled True 0001-01-01 00:00:00 +0000 UTC 2018-02-06 06:19:53 +0000 UTC  }]&#xA;Feb 23 10:07:44.801: INFO: test-deployment-408745850-00zls        172.28.40.252  Running         [{Initialized True 0001-01-01 00:00:00 +0000 UTC 2018-02-02 05:44:53 +0000 UTC  } {Ready True 0001-01-01 00:00:00 +0000 UTC 2018-02-23 07:48:46 +0000 UTC  } {PodScheduled True 0001-01-01 00:00:00 +0000 UTC 2018-02-02 05:44:53 +0000 UTC  }]&#xA;Feb 23 10:07:44.801: INFO: test-deployment-408745850-j3n1h        172.28.40.253  Running         [{Initialized True 0001-01-01 00:00:00 +0000 UTC 2018-02-02 05:44:53 +0000 UTC  } {Ready True 0001-01-01 00:00:00 +0000 UTC 2018-02-23 07:48:38 +0000 UTC  } {PodScheduled True 0001-01-01 00:00:00 +0000 UTC 2018-02-02 05:44:53 +0000 UTC  }]&#xA;Feb 23 10:07:44.801: INFO: sonobuoy                               172.28.40.253  Running         [{Initialized True 0001-01-01 00:00:00 +0000 UTC 2018-02-23 09:22:16 +0000 UTC  } {Ready True 0001-01-01 00:00:00 +0000 UTC 2018-02-23 09:27:38 +0000 UTC  } {PodScheduled True 0001-01-01 00:00:00 +0000 UTC 2018-02-23 09:22:16 +0000 UTC  }]&#xA;Feb 23 10:07:44.801: INFO: sonobuoy-e2e-job-582fc1e8360c48cc      172.28.40.253  Running         [{Initialized True 0001-01-01 00:00:00 +0000 UTC 2018-02-23 09:25:09 +0000 UTC  } {Ready True 0001-01-01 00:00:00 +0000 UTC 2018-02-23 09:28:07 +0000 UTC  } {PodScheduled True 0001-01-01 00:00:00 +0000 UTC 2018-02-23 09:25:09 +0000 UTC  }]&#xA;Feb 23 10:07:44.801: INFO: heapster-3541315297-879n8              172.28.40.252  Running         [{Initialized True 0001-01-01 00:00:00 +0000 UTC 2018-01-24 09:19:01 +0000 UTC  } {Ready True 0001-01-01 00:00:00 +0000 UTC 2018-02-23 07:48:43 +0000 UTC  } {PodScheduled True 0001-01-01 00:00:00 +0000 UTC 2018-01-24 09:18:59 +0000 UTC  }]&#xA;Feb 23 10:07:44.801: INFO: kube-dns-2151606476-3fxqh              172.28.40.252  Running         [{Initialized True 0001-01-01 00:00:00 +0000 UTC 2018-01-24 09:19:01 +0000 UTC  } {Ready True 0001-01-01 00:00:00 +0000 UTC 2018-02-23 07:48:45 +0000 UTC  } {PodScheduled True 0001-01-01 00:00:00 +0000 UTC 2018-01-24 09:18:59 +0000 UTC  }]&#xA;Feb 23 10:07:44.801: INFO: kube-dns-2151606476-57rt7              172.28.40.252  Running         [{Initialized True 0001-01-01 00:00:00 +0000 UTC 2018-01-25 07:29:52 +0000 UTC  } {Ready True 0001-01-01 00:00:00 +0000 UTC 2018-02-23 07:48:55 +0000 UTC  } {PodScheduled True 0001-01-01 00:00:00 +0000 UTC 2018-01-25 07:29:52 +0000 UTC  }]&#xA;Feb 23 10:07:44.801: INFO: kubernetes-dashboard-3564957082-zz0jt  172.28.40.253  Running         [{Initialized True 0001-01-01 00:00:00 +0000 UTC 2018-02-07 10:38:08 +0000 UTC  } {Ready True 0001-01-01 00:00:00 +0000 UTC 2018-02-23 07:48:37 +0000 UTC  } {PodScheduled True 0001-01-01 00:00:00 +0000 UTC 2018-02-07 10:38:08 +0000 UTC  }]&#xA;Feb 23 10:07:44.801: INFO: kubernetes-dashboard-4067619534-hd9rg  172.28.40.253  Running         [{Initialized True 0001-01-01 00:00:00 +0000 UTC 2018-02-07 10:10:50 +0000 UTC  } {Ready True 0001-01-01 00:00:00 +0000 UTC 2018-02-23 07:48:37 +0000 UTC  } {PodScheduled True 0001-01-01 00:00:00 +0000 UTC 2018-02-07 10:10:50 +0000 UTC  }]&#xA;Feb 23 10:07:44.801: INFO: monitoring-grafana-182961395-t1wdz     172.28.40.252  Running         [{Initialized True 0001-01-01 00:00:00 +0000 UTC 2018-01-24 09:19:01 +0000 UTC  } {Ready True 0001-01-01 00:00:00 +0000 UTC 2018-02-23 07:48:44 +0000 UTC  } {PodScheduled True 0001-01-01 00:00:00 +0000 UTC 2018-01-24 09:19:00 +0000 UTC  }]&#xA;Feb 23 10:07:44.801: INFO: monitoring-influxdb-742840477-02058    172.28.40.252  Running         [{Initialized True 0001-01-01 00:00:00 +0000 UTC 2018-01-24 09:19:01 +0000 UTC  } {Ready True 0001-01-01 00:00:00 +0000 UTC 2018-02-23 07:48:43 +0000 UTC  } {PodScheduled True 0001-01-01 00:00:00 +0000 UTC 2018-01-24 09:19:00 +0000 UTC  }]&#xA;Feb 23 10:07:44.801: INFO: nginx-ingress-lb-568296160-55s99       172.28.40.252  Running         [{Initialized True 0001-01-01 00:00:00 +0000 UTC 2018-01-24 09:19:01 +0000 UTC  } {Ready True 0001-01-01 00:00:00 +0000 UTC 2018-02-23 07:48:45 +0000 UTC  } {PodScheduled True 0001-01-01 00:00:00 +0000 UTC 2018-01-24 09:19:00 +0000 UTC  }]&#xA;Feb 23 10:07:44.801: INFO: loan-manager-web-3708347581-hr6gf      172.28.40.252  Running         [{Initialized True 0001-01-01 00:00:00 +0000 UTC 2018-01-24 09:19:01 +0000 UTC  } {Ready True 0001-01-01 00:00:00 +0000 UTC 2018-02-23 07:48:44 +0000 UTC  } {PodScheduled True 0001-01-01 00:00:00 +0000 UTC 2018-01-24 09:19:01 +0000 UTC  }]&#xA;Feb 23 10:07:44.801: INFO: sonobuoy                               172.28.40.253  Running         [{Initialized True 0001-01-01 00:00:00 +0000 UTC 2018-02-23 08:09:50 +0000 UTC  } {Ready True 0001-01-01 00:00:00 +0000 UTC 2018-02-23 08:09:57 +0000 UTC  } {PodScheduled True 0001-01-01 00:00:00 +0000 UTC 2018-02-23 08:09:50 +0000 UTC  }]&#xA;Feb 23 10:07:44.801: INFO: &#xA;Feb 23 10:07:44.804: INFO: &#xA;Logging node info for node 172.28.40.252&#xA;Feb 23 10:07:44.805: INFO: Node Info: &amp;Node{ObjectMeta:k8s_io_apimachinery_pkg_apis_meta_v1.ObjectMeta{Name:172.28.40.252,GenerateName:,Namespace:,SelfLink:/api/v1/nodes172.28.40.252,UID:89f1ca06-8361-11e7-83be-c85b76af3a19,ResourceVersion:25691682,Generation:0,CreationTimestamp:2017-08-17 15:34:20 +0000 UTC,DeletionTimestamp:&lt;nil&gt;,DeletionGracePeriodSeconds:nil,Labels:map[string]string{beta.kubernetes.io/arch: amd64,beta.kubernetes.io/fluentd-ds-ready: true,beta.kubernetes.io/os: linux,kubernetes.io/hostname: 172.28.40.252,},Annotations:map[string]string{node.alpha.kubernetes.io/ttl: 0,volumes.kubernetes.io/controller-managed-attach-detach: true,},OwnerReferences:[],Finalizers:[],ClusterName:,Initializers:nil,},Spec:NodeSpec{PodCIDR:172.28.44.0/24,ExternalID:172.28.40.252,ProviderID:,Unschedulable:false,Taints:[],ConfigSource:nil,},Status:NodeStatus{Capacity:ResourceList{cpu: {{4 0} {&lt;nil&gt;} 4 DecimalSI},memory: {{8112148480 0} {&lt;nil&gt;} 7922020Ki BinarySI},pods: {{110 0} {&lt;nil&gt;} 110 DecimalSI},},Allocatable:ResourceList{cpu: {{4 0} {&lt;nil&gt;} 4 DecimalSI},memory: {{8007290880 0} {&lt;nil&gt;} 7819620Ki BinarySI},pods: {{110 0} {&lt;nil&gt;} 110 DecimalSI},},Phase:,Conditions:[{OutOfDisk False 2018-02-23 10:07:35 +0000 UTC 2018-01-24 09:04:44 +0000 UTC KubeletHasSufficientDisk kubelet has sufficient disk space available} {MemoryPressure False 2018-02-23 10:07:35 +0000 UTC 2018-01-24 09:04:44 +0000 UTC KubeletHasSufficientMemory kubelet has sufficient memory available} {DiskPressure False 2018-02-23 10:07:35 +0000 UTC 2018-01-24 09:04:44 +0000 UTC KubeletHasNoDiskPressure kubelet has no disk pressure} {Ready True 2018-02-23 10:07:35 +0000 UTC 2018-01-24 09:04:44 +0000 UTC KubeletReady kubelet is posting ready status}],Addresses:[{LegacyHostIP 172.28.40.252} {InternalIP 172.28.40.252} {Hostname 172.28.40.252}],DaemonEndpoints:NodeDaemonEndpoints{KubeletEndpoint:DaemonEndpoint{Port:10250,},},NodeInfo:NodeSystemInfo{MachineID:7f0e2da3e5b1430599f3d0c42078a450,SystemUUID:4DB41674-1B15-11E7-B32F-FD03500C3300,BootID:e7bea30b-3800-4667-864e-e4df488dafc3,KernelVersion:3.10.0-514.26.2.el7.x86_64,OSImage:CentOS Linux 7 (Core),ContainerRuntimeVersion:docker://Unknown,KubeletVersion:v1.6.8,KubeProxyVersion:v1.6.8,OperatingSystem:linux,Architecture:amd64,},Images:[{[dorowu/ubuntu-desktop-lxde-vnc@sha256:9e79e40c997ea6c0789ce695e9530ea13140f561669c1cacd50dbe054289c0cd dorowu/ubuntu-desktop-lxde-vnc:latest] 1310395082} {[perl@sha256:602d654765ebdd0881c435ddfa09c0a8e2ce81581c5415bc608183cd388ba555 perl:latest] 879012185} {[reg.qianbao-inc.com/base/centos7-fluentd@sha256:9e99a2b7a178a804d7ecb7cd25a8b78bdbfa2681b614f5bea27d3fd3dbe603a5 172.28.40.90/base/centos7-fluentd:latest reg.qianbao-inc.com/base/centos7-fluentd:latest] 778846664} {[172.28.40.90/base/centos7-fluentd@sha256:52808e02527a1065bf00bbd0410c83e56f7db0d452f6631e597a2f66af92ea65] 778842535} {[172.28.40.90/base/centos7-fluentd@sha256:3a03cbf6c1c2d1876010e451af3f2596ce24416e324d5d702db9e3db46c7fead] 778840917} {[reg.qianbao-inc.com/appimages/loan_manager_web@sha256:5cd3519d4c114b797a4e2612c8c83ecb02302f72c5441ba4ca92181a8cfa07f9 reg.qianbao-inc.com/appimages/loan_manager_web:201708241425] 648340819} {[reg.qianbao-inc.com/appimages/loan_manager_web@sha256:60c5c82a61d75acd7d431a8f86d0223a075d274ddcdb3d9a81fb51f45bd14581 reg.qianbao-inc.com/appimages/loan_manager_web:201708231829] 646662057} {[172.28.40.90/appimages/loan_manager_web@sha256:e85b4db8d72adfa126c294b07cde892d72ca7af7d51bf025ffaba06e7c7b5551 reg.qianbao-inc.com/appimages/loan_manager_web@sha256:e85b4db8d72adfa126c294b07cde892d72ca7af7d51bf025ffaba06e7c7b5551 172.28.40.90/appimages/loan_manager_web:201708231533 reg.qianbao-inc.com/appimages/loan_manager_web:201708231533] 646661488} {[172.28.40.90/appimages/loan_manager_web@sha256:884bc64e6833bca7eb0cb7f88846c89908813fedc6142b006b164371bf342d24 172.28.40.90/appimages/loan_manager_web:201708231053] 644865336} {[reg.qianbao-inc.com/base/centos7-jdk1.7-tomcat8-base@sha256:a52a51fcecd30b2670c9e4c5766ab1b6b36498d6e99c318e453371e96a3b7e40 reg.qianbao-inc.com/base/centos7-jdk1.7-tomcat8-base:latest] 568866130} {[172.28.40.90/base/centos7-fluentd@sha256:0ba96c5a4dad3989f770c301cfaaedc5e5ff3cf8d4102cf08c957099ab2bb674 172.28.40.90/base/centos7-jdk1.7-tomcat8-base:latest] 546080806} {[172.28.40.90/base/centos7-fluentd@sha256:301966ed37ebeb9197c6d913a1e3f348c5568272c6b45cf99f202729162fb96f] 546080806} {[172.28.40.90/base/centos7-jdk1.7-tomcat8-base@sha256:9509e3d2fffffde2054608d3e915bd3e586974d396f7c1d8cd9fb94dd28fed6a] 546080806} {[reg.qianbao-inc.com/base/centos7-nginx@sha256:6532f22828d508602e209e298618786db57bf0e8b2d8fad12b605738356bfa57 nginx:latest reg.qianbao-inc.com/base/centos7-nginx:latest] 397033431} {[reg.qianbao-inc.com/base/centos7-nginx@sha256:83465df5c8e34e2836ecbc15767feff447263fb682b7826b6490d5cf7173d227] 397024018} {[reg.qianbao-inc.com/base/centos7-nginx@sha256:250bbaf9ff1fe83b582f129819d966e3e4e2e8c34af7ede5f78b49ccdcafee2a] 397006282} {[&lt;none&gt;@&lt;none&gt; &lt;none&gt;:&lt;none&gt;] 397006085} {[&lt;none&gt;@&lt;none&gt; &lt;none&gt;:&lt;none&gt;] 397001116} {[&lt;none&gt;@&lt;none&gt; &lt;none&gt;:&lt;none&gt;] 319205511} {[&lt;none&gt;@&lt;none&gt; &lt;none&gt;:&lt;none&gt;] 319205511} {[onlyerich/fluentd-elasticsearch@sha256:8b2244d0c10c70fad3dac392aab8efbb235cc84e0d2f3ae6a11291b6b35f0845 onlyerich/fluentd-elasticsearch:1.22] 266212638} {[registry.access.redhat.com/rhel7/pod-infrastructure@sha256:a269caa130cc66f83de0f5ff96305d0ed80cbab279279bca61db8cb50b38ed13 registry.access.redhat.com/rhel7/pod-infrastructure:latest] 205810221} {[zhaixigui/heapster-grafana-amd64@sha256:f971e645adb7f9ea355b3ade0c0eb799299fb7bdb21775436ce910e344166cef zhaixigui/heapster-grafana-amd64:v4.2.0] 145850413} {[zhaixigui/nginx-ingress-controller@sha256:cc6f47793afdc422f5c058f1ea073a53b540a3e9213e715183995abdb91114d8 zhaixigui/nginx-ingress-controller:0.9.0-beta.10] 131649888} {[lvanneo/heapster-grafana-amd64@sha256:693811e8824f87757859cfe5974fb7358fe827ea9078a0b87be76159674b97e6 lvanneo/heapster-grafana-amd64:v4.0.2] 131461556} {[prom/prometheus@sha256:aae7f9829bbbba8f98b3ebd4f2b5c47c09ed8f2e47a4f3022cae5aed546a4c3c prom/prometheus:latest] 111714634} {[cokabug/kubernetes-dashboard-amd64@sha256:6e761c36d295dd90e2117cc4dd7a7bcb7a8f5bca1384202031760813110c4dcc cokabug/kubernetes-dashboard-amd64:v1.6.0] 108572029} {[nginx@sha256:e3456c851a152494c3e4ff5fcc26f240206abac0c9d794affb40e0714846c451 nginx:1.7.9] 91641000} {[zhaixigui/heapster-amd64@sha256:f70f044db6e609737efa28d1007e22761af3cddfefbe3688033de46ac6389455 zhaixigui/heapster-amd64:v1.4.0] 73395475} {[zhaixigui/k8s-dns-kube-dns-amd64@sha256:03552e82aff26e70ee56744678f1660e7df71ba083ad8e428ad10fb941ecdc4f zhaixigui/k8s-dns-kube-dns-amd64:1.14.4] 49383112} {[zhaixigui/k8s-dns-sidecar-amd64@sha256:e4592661b68a5a029b76d45575a48cd69c95b96d1e312aaf7e3c22797ef0d823 zhaixigui/k8s-dns-sidecar-amd64:1.14.4] 41814878} {[zhaixigui/k8s-dns-dnsmasq-nanny-amd64@sha256:970af113854db3e70be7079ad27af22061aee9fd18ae28775ddd9d76130410ce zhaixigui/k8s-dns-dnsmasq-nanny-amd64:1.14.4] 41410758} {[lvanneo/heapster-influxdb-amd64@sha256:32b43d82e50588990bb6ec3947507f9c247330695870108bacfc23a8a6f96db4 lvanneo/heapster-influxdb-amd64:v1.1.1] 11585302} {[zhaixigui/heapster-influxdb-amd64@sha256:4fbe175e4202a2812f4fdc245c63a7d04e59e5ac754957fbe2bdd3bc29eb8e6d zhaixigui/heapster-influxdb-amd64:v1.1.1] 11585302} {[zhaixigui/nginx-defaultbackend@sha256:94d32dc1142c5fa22971ceaaabf4a78ac87d76c53c3f82c6c30a20b3ed197fc6 zhaixigui/nginx-defaultbackend:1.0] 7510068} {[gcr.io/kubernetes-e2e-test-images/netexec-amd64@sha256:2edfad424a541b9e024f26368d3a5b7dcc1d7cd27a4ee8c1d8c3f81d9209ab2e gcr.io/kubernetes-e2e-test-images/netexec-amd64:1.0] 6227659} {[busybox@sha256:1669a6aa7350e1cdd28f972ddad5aceba2912f589f19a090ac75b7083da748db busybox@sha256:1b124b4f31609dfdd23563b0f6f37430a85cd485cf8224e09f9cb376b7756347 busybox@sha256:c18e3bde44f31297b5a8f6965ac0f523789dc6b7a6bb60de219ba63daee6675b busybox:latest] 1146369} {[busybox@sha256:7a7714572b84fe1fafbc6b4f8374925249da8642b723d941a5ea214dac19b164] 1143105} {[gcr.io/google_containers/pause-amd64@sha256:163ac025575b775d1c0f9bf0bdd0f086883171eb475b5068e7defa4ca9e76516 gcr.io/google_containers/pause-amd64:3.0] 746888}],VolumesInUse:[],VolumesAttached:[],},}&#xA;Feb 23 10:07:44.806: INFO: &#xA;Logging kubelet events for node 172.28.40.252&#xA;Feb 23 10:07:44.808: INFO: &#xA;Logging pods the kubelet thinks is on node 172.28.40.252&#xA;Feb 23 10:07:44.812: INFO: monitoring-grafana-182961395-t1wdz started at 2018-01-24 09:19:01 +0000 UTC (0+1 container statuses recorded)&#xA;Feb 23 10:07:44.812: INFO: &#x9;Container grafana ready: true, restart count 4&#xA;Feb 23 10:07:44.812: INFO: monitoring-influxdb-742840477-02058 started at 2018-01-24 09:19:01 +0000 UTC (0+1 container statuses recorded)&#xA;Feb 23 10:07:44.812: INFO: &#x9;Container influxdb ready: true, restart count 5&#xA;Feb 23 10:07:44.812: INFO: nginx-ingress-lb-568296160-55s99 started at 2018-01-24 09:19:01 +0000 UTC (0+1 container statuses recorded)&#xA;Feb 23 10:07:44.812: INFO: &#x9;Container nginx-ingress-lb ready: true, restart count 5&#xA;Feb 23 10:07:44.812: INFO: loan-manager-web-3708347581-hr6gf started at 2018-01-24 09:19:01 +0000 UTC (0+1 container statuses recorded)&#xA;Feb 23 10:07:44.812: INFO: &#x9;Container http-lmw ready: true, restart count 4&#xA;Feb 23 10:07:44.812: INFO: test-deployment-408745850-00zls started at 2018-02-02 05:44:53 +0000 UTC (0+1 container statuses recorded)&#xA;Feb 23 10:07:44.812: INFO: &#x9;Container test-container ready: true, restart count 54&#xA;Feb 23 10:07:44.812: INFO: default-http-backend-3573850553-shs2f started at 2018-01-24 09:18:57 +0000 UTC (0+1 container statuses recorded)&#xA;Feb 23 10:07:44.812: INFO: &#x9;Container default-http-backend ready: true, restart count 4&#xA;Feb 23 10:07:44.812: INFO: heapster-3541315297-879n8 started at 2018-01-24 09:19:01 +0000 UTC (0+1 container statuses recorded)&#xA;Feb 23 10:07:44.812: INFO: &#x9;Container heapster ready: true, restart count 4&#xA;Feb 23 10:07:44.812: INFO: kube-dns-2151606476-3fxqh started at 2018-01-24 09:19:01 +0000 UTC (0+3 container statuses recorded)&#xA;Feb 23 10:07:44.812: INFO: &#x9;Container dnsmasq ready: true, restart count 4&#xA;Feb 23 10:07:44.812: INFO: &#x9;Container kubedns ready: true, restart count 5&#xA;Feb 23 10:07:44.812: INFO: &#x9;Container sidecar ready: true, restart count 4&#xA;Feb 23 10:07:44.812: INFO: kube-dns-2151606476-57rt7 started at 2018-01-25 07:29:52 +0000 UTC (0+3 container statuses recorded)&#xA;Feb 23 10:07:44.812: INFO: &#x9;Container dnsmasq ready: true, restart count 5&#xA;Feb 23 10:07:44.812: INFO: &#x9;Container kubedns ready: true, restart count 5&#xA;Feb 23 10:07:44.812: INFO: &#x9;Container sidecar ready: true, restart count 5&#xA;Feb 23 10:07:44.883: INFO: &#xA;Latency metrics for node 172.28.40.252&#xA;Feb 23 10:07:44.883: INFO: &#xA;Logging node info for node 172.28.40.253&#xA;Feb 23 10:07:44.885: INFO: Node Info: &amp;Node{ObjectMeta:k8s_io_apimachinery_pkg_apis_meta_v1.ObjectMeta{Name:172.28.40.253,GenerateName:,Namespace:,SelfLink:/api/v1/nodes172.28.40.253,UID:588c0b4a-8c81-11e7-9e8c-c85b76af3a19,ResourceVersion:25691679,Generation:0,CreationTimestamp:2017-08-29 06:14:42 +0000 UTC,DeletionTimestamp:&lt;nil&gt;,DeletionGracePeriodSeconds:nil,Labels:map[string]string{beta.kubernetes.io/arch: amd64,beta.kubernetes.io/os: linux,kubernetes.io/hostname: 172.28.40.253,nodetype: test,},Annotations:map[string]string{node.alpha.kubernetes.io/ttl: 0,volumes.kubernetes.io/controller-managed-attach-detach: true,},OwnerReferences:[],Finalizers:[],ClusterName:,Initializers:nil,},Spec:NodeSpec{PodCIDR:,ExternalID:172.28.40.253,ProviderID:,Unschedulable:false,Taints:[],ConfigSource:nil,},Status:NodeStatus{Capacity:ResourceList{cpu: {{4 0} {&lt;nil&gt;} 4 DecimalSI},memory: {{8112148480 0} {&lt;nil&gt;} 7922020Ki BinarySI},pods: {{110 0} {&lt;nil&gt;} 110 DecimalSI},},Allocatable:ResourceList{cpu: {{3 0} {&lt;nil&gt;} 3 DecimalSI},memory: {{6933549056 0} {&lt;nil&gt;} 6771044Ki BinarySI},pods: {{110 0} {&lt;nil&gt;} 110 DecimalSI},},Phase:,Conditions:[{OutOfDisk False 2018-02-23 10:07:35 +0000 UTC 2018-01-30 11:01:32 +0000 UTC KubeletHasSufficientDisk kubelet has sufficient disk space available} {MemoryPressure False 2018-02-23 10:07:35 +0000 UTC 2018-01-30 11:01:32 +0000 UTC KubeletHasSufficientMemory kubelet has sufficient memory available} {DiskPressure False 2018-02-23 10:07:35 +0000 UTC 2018-01-30 11:01:32 +0000 UTC KubeletHasNoDiskPressure kubelet has no disk pressure} {Ready True 2018-02-23 10:07:35 +0000 UTC 2018-01-30 11:01:32 +0000 UTC KubeletReady kubelet is posting ready status}],Addresses:[{LegacyHostIP 172.28.40.253} {InternalIP 172.28.40.253} {Hostname 172.28.40.253}],DaemonEndpoints:NodeDaemonEndpoints{KubeletEndpoint:DaemonEndpoint{Port:10250,},},NodeInfo:NodeSystemInfo{MachineID:bfb4a22c942b43b9afe4632a394a0b93,SystemUUID:ADF6893C-1B14-11E7-95E2-034D77011300,BootID:6fa87097-bce2-43e2-9670-2d348a1d3d3e,KernelVersion:3.10.0-514.26.2.el7.x86_64,OSImage:CentOS Linux 7 (Core),ContainerRuntimeVersion:docker://Unknown,KubeletVersion:v1.6.8,KubeProxyVersion:v1.6.8,OperatingSystem:linux,Architecture:amd64,},Images:[{[reg.qianbao-inc.com/appimages/zrj_biz_cashier_admin@sha256:1da6490bcffb9710ee9cfc91a4278edbe409eee062ea590a6a548c2fe4cababa reg.qianbao-inc.com/appimages/zrj_biz_cashier_admin:201709061556] 637468996} {[reg.qianbao-inc.com/appimages/zrj_biz_cashier_service@sha256:cd4f114db537e6a2e4819b00b167e5a9c80208eb7f852e4ac95b031da80f2d4e reg.qianbao-inc.com/appimages/zrj_biz_cashier_service:201709051616] 594016818} {[gcr.io/heptio-images/kube-conformance@sha256:0918b6ac69ac566107e30d2a82b48b556e1d141ed172a7abe203ca5930baf26e gcr.io/heptio-images/kube-conformance:latest] 520629728} {[gcr.io/heptio-images/sonobuoy@sha256:9f2a352b44143c8c4dc72ea2df07d1b3c9d37e45a2ebcfa72c048cca17b9d6eb gcr.io/heptio-images/sonobuoy:v0.10.0] 480143853} {[gcr.io/heptio-images/sonobuoy@sha256:1132c9365edbea54aa574880cd2511c09e0f0b4476cbfe0e09e8ca8e536f6f17 gcr.io/heptio-images/sonobuoy:v0.9.0] 326230178} {[rastasheep/ubuntu-sshd@sha256:1abe85b1cdb81ade6d475f9e9ee819f5d6b6568d979731a71e030a83da028f2a rastasheep/ubuntu-sshd:latest] 250936518} {[registry.access.redhat.com/rhel7/pod-infrastructure@sha256:92d43c37297da3ab187fc2b9e9ebfb243c1110d446c783ae1b989088495db931 registry.access.redhat.com/rhel7/pod-infrastructure:latest] 208612920} {[centos@sha256:c1010e2fe2b635822d99a096b1f4184becf5d1c98707cbccae00be663a9b9131 centos:latest] 192529651} {[siriuszg/kubernetes-dashboard-amd64@sha256:aa7a82994db197281396931523700ef55be19a890dd26899615cc709c165f940 siriuszg/kubernetes-dashboard-amd64:v1.6.0] 108572029} {[reg.qianbao-inc.com/base/kubernetes-dashboard-amd64@sha256:5dcc2f5825efef849787ba530a46e82213a2da8a6be65c40efc8bb9459c03b4c reg.qianbao-inc.com/base/kubernetes-dashboard-amd64:v1.6.0] 108572029} {[nginx@sha256:285b49d42c703fdf257d1e2422765c4ba9d3e37768d6ea83d7fe2043dad6e63d nginx:latest] 108472156} {[nginx@sha256:e3456c851a152494c3e4ff5fcc26f240206abac0c9d794affb40e0714846c451 nginx:1.7.9] 91641000} {[gcr.io/heptio-images/namespace-deleter@sha256:3ae93c027111ac894a5093663572e1afd5872597d7ecc6af0a2a75d6e6be8b3d gcr.io/heptio-images/namespace-deleter:v0.0.1] 43012728} {[gcr.io/heptio-images/scanner-forwarder@sha256:a4a1761a4cb5c6aed71302e8a605926cc297c58907018fefe5436a65aaaf884f gcr.io/heptio-images/scanner-forwarder:v0.0.4] 10882452} {[gcr.io/kubernetes-e2e-test-images/hostexec-amd64@sha256:066848e78b757074c932cbafd33958685a9dc0627a5061cdf98a6143db055fbd gcr.io/kubernetes-e2e-test-images/hostexec-amd64:1.0] 8351345} {[gcr.io/kubernetes-e2e-test-images/netexec-amd64@sha256:2edfad424a541b9e024f26368d3a5b7dcc1d7cd27a4ee8c1d8c3f81d9209ab2e gcr.io/kubernetes-e2e-test-images/netexec-amd64:1.0] 6227659} {[gcr.io/kubernetes-e2e-test-images/serve-hostname-amd64@sha256:2dd4032e98a0450d95a0ac71a5e465f542a900812d8c41bc6ca635aed1a5fc91 gcr.io/kubernetes-e2e-test-images/serve-hostname-amd64:1.0] 5470001} {[radial/busyboxplus@sha256:a68c05ab1112fd90ad7b14985a48520e9d26dbbe00cb9c09aa79fdc0ef46b372 radial/busyboxplus:curl] 4212341} {[gcr.io/kubernetes-e2e-test-images/entrypoint-tester-amd64@sha256:ed08ffff86b0a2016fa650ff76ea4b85fc3dfcab30ee4b7bd47d514ab765da89 gcr.io/kubernetes-e2e-test-images/entrypoint-tester-amd64:1.0] 2276578} {[gcr.io/kubernetes-e2e-test-images/mounttest-amd64@sha256:dc4e2dcfbde16249c4662de673295d00778577bc2e2ca7013a1b85d4f47398ca gcr.io/kubernetes-e2e-test-images/mounttest-amd64:1.0] 1450451} {[gcr.io/kubernetes-e2e-test-images/mounttest-user-amd64@sha256:dda6519a95c934b46731a6b1492fed1b48ccc6d4aed4b754a46d7de8063a3e2b gcr.io/kubernetes-e2e-test-images/mounttest-user-amd64:1.0] 1450451} {[busybox@sha256:1669a6aa7350e1cdd28f972ddad5aceba2912f589f19a090ac75b7083da748db busybox:latest] 1146369} {[gcr.io/google_containers/pause-amd64@sha256:163ac025575b775d1c0f9bf0bdd0f086883171eb475b5068e7defa4ca9e76516 gcr.io/google_containers/pause-amd64:3.0] 746888}],VolumesInUse:[],VolumesAttached:[],},}&#xA;Feb 23 10:07:44.885: INFO: &#xA;Logging kubelet events for node 172.28.40.253&#xA;Feb 23 10:07:44.900: INFO: &#xA;Logging pods the kubelet thinks is on node 172.28.40.253&#xA;Feb 23 10:07:44.923: INFO: my-nginx-4190440701-p5k0x started at 2018-02-06 06:19:53 +0000 UTC (0+1 container statuses recorded)&#xA;Feb 23 10:07:44.923: INFO: &#x9;Container my-nginx ready: true, restart count 3&#xA;Feb 23 10:07:44.923: INFO: test-deployment-408745850-j3n1h started at 2018-02-02 05:44:53 +0000 UTC (0+1 container statuses recorded)&#xA;Feb 23 10:07:44.923: INFO: &#x9;Container test-container ready: true, restart count 53&#xA;Feb 23 10:07:44.923: INFO: kubernetes-dashboard-4067619534-hd9rg started at 2018-02-07 10:10:50 +0000 UTC (0+1 container statuses recorded)&#xA;Feb 23 10:07:44.924: INFO: &#x9;Container kubernetes-dashboard ready: true, restart count 3&#xA;Feb 23 10:07:44.924: INFO: my-nginx-4190440701-6x3d1 started at 2018-02-06 06:19:52 +0000 UTC (0+1 container statuses recorded)&#xA;Feb 23 10:07:44.924: INFO: &#x9;Container my-nginx ready: true, restart count 3&#xA;Feb 23 10:07:44.924: INFO: curl-57077659-pnzns started at 2018-02-06 07:57:21 +0000 UTC (0+1 container statuses recorded)&#xA;Feb 23 10:07:44.924: INFO: &#x9;Container curl ready: true, restart count 5&#xA;Feb 23 10:07:44.924: INFO: sonobuoy started at 2018-02-23 09:22:16 +0000 UTC (0+3 container statuses recorded)&#xA;Feb 23 10:07:44.924: INFO: &#x9;Container cleanup ready: true, restart count 0&#xA;Feb 23 10:07:44.924: INFO: &#x9;Container forwarder ready: true, restart count 0&#xA;Feb 23 10:07:44.924: INFO: &#x9;Container kube-sonobuoy ready: true, restart count 0&#xA;Feb 23 10:07:44.924: INFO: kubernetes-dashboard-3564957082-zz0jt started at 2018-02-07 10:38:08 +0000 UTC (0+1 container statuses recorded)&#xA;Feb 23 10:07:44.924: INFO: &#x9;Container kubernetes-dashboard ready: true, restart count 3&#xA;Feb 23 10:07:44.924: INFO: sonobuoy started at 2018-02-23 08:09:50 +0000 UTC (0+1 container statuses recorded)&#xA;Feb 23 10:07:44.924: INFO: &#x9;Container kube-sonobuoy ready: true, restart count 0&#xA;Feb 23 10:07:44.924: INFO: sonobuoy-e2e-job-582fc1e8360c48cc started at 2018-02-23 09:25:09 +0000 UTC (0+2 container statuses recorded)&#xA;Feb 23 10:07:44.924: INFO: &#x9;Container e2e ready: true, restart count 0&#xA;Feb 23 10:07:44.924: INFO: &#x9;Container sonobuoy-worker ready: true, restart count 0&#xA;Feb 23 10:07:45.020: INFO: &#xA;Latency metrics for node 172.28.40.253&#xA;Feb 23 10:07:45.020: INFO: {Operation:sync Method:pod_worker_latency_microseconds Quantile:0.99 Latency:2m3.021166s}&#xA;Feb 23 10:07:45.020: INFO: {Operation:sync Method:pod_worker_latency_microseconds Quantile:0.9 Latency:2m3.021094s}&#xA;Feb 23 10:07:45.020: INFO: {Operation:sync Method:pod_worker_latency_microseconds Quantile:0.5 Latency:2m1.009218s}&#xA;STEP: Dumping a list of prepulled images on each node to file /tmp/results/image-puller.txt&#xA;Feb 23 10:07:45.026: INFO: Waiting up to 3m0s for all (but 0) nodes to be ready&#xA;STEP: Destroying namespace &#34;e2e-tests-downward-api-mj1kd&#34; for this suite.&#xA;Feb 23 10:07:51.053: INFO: Waiting up to 30s for server preferred namespaced resources to be successfully discovered&#xA;Feb 23 10:07:51.153: INFO: namespace: e2e-tests-downward-api-mj1kd, resource: bindings, ignored listing per whitelist&#xA;Feb 23 10:07:51.153: INFO: namespace e2e-tests-downward-api-mj1kd deletion completed in 6.124285743s&#xA;</system-out>
      </testcase>
      <testcase name="[sig-storage] Downward API volume should update labels on modification  [Conformance]" classname="Kubernetes e2e suite" time="28.797043159"></testcase>
      <testcase name="[sig-api-machinery] Downward API should provide default limits.cpu/memory from node allocatable  [Conformance]" classname="Kubernetes e2e suite" time="12.366380091"></testcase>
      <testcase name="[sig-autoscaling] Cluster size autoscaling [Slow] shouldn&#39;t add new node group if not needed [Feature:ClusterSizeAutoscalingScaleWithNAP]" classname="Kubernetes e2e suite" time="0">
          <skipped></skipped>
      </testcase>
      <testcase name="[sig-cluster-lifecycle] Reboot [Disruptive] [Feature:Reboot] each node by dropping all outbound packets for a while and ensure they function afterwards" classname="Kubernetes e2e suite" time="0">
          <skipped></skipped>
      </testcase>
      <testcase name="[sig-autoscaling] Cluster size autoscaling [Slow] shouldn&#39;t scale up when expendable pod is preempted [Feature:ClusterSizeAutoscalingScaleUp]" classname="Kubernetes e2e suite" time="0">
          <skipped></skipped>
      </testcase>
      <testcase name="[sig-api-machinery] Garbage collector should keep the rc around until all its pods are deleted if the deleteOptions says so" classname="Kubernetes e2e suite" time="0">
          <skipped></skipped>
      </testcase>
      <testcase name="[sig-storage] vcp at scale [Feature:vsphere]  vsphere scale tests" classname="Kubernetes e2e suite" time="0">
          <skipped></skipped>
      </testcase>
      <testcase name="[sig-storage] Projected should be consumable from pods in volume as non-root with defaultMode and fsGroup set [Conformance]" classname="Kubernetes e2e suite" time="6.38163202"></testcase>
      <testcase name="[sig-storage] EmptyDir volumes when FSGroup is specified [Feature:FSGroup] files with FSGroup ownership should support (root,0644,tmpfs)" classname="Kubernetes e2e suite" time="0">
          <skipped></skipped>
      </testcase>
      <testcase name="[sig-cluster-lifecycle] etcd Upgrade [Feature:EtcdUpgrade] etcd upgrade should maintain a functioning cluster" classname="Kubernetes e2e suite" time="0">
          <skipped></skipped>
      </testcase>
      <testcase name="[sig-cli] Kubectl client [k8s.io] Kubectl taint [Serial] should update the taint on a node" classname="Kubernetes e2e suite" time="0">
          <skipped></skipped>
      </testcase>
      <testcase name="[sig-apps] CronJob should not schedule jobs when suspended [Slow]" classname="Kubernetes e2e suite" time="0">
          <skipped></skipped>
      </testcase>
      <testcase name="[sig-apps] ReplicationController should serve a basic image on each replica with a private image" classname="Kubernetes e2e suite" time="0">
          <skipped></skipped>
      </testcase>
      <testcase name="[sig-network] NetworkPolicy NetworkPolicy between server and client should support a &#39;default-deny&#39; policy [Feature:NetworkPolicy]" classname="Kubernetes e2e suite" time="0">
          <skipped></skipped>
      </testcase>
      <testcase name="[sig-autoscaling] Cluster size autoscaling [Slow] shouldn&#39;t trigger additional scale-ups during processing scale-up [Feature:ClusterSizeAutoscalingScaleUp]" classname="Kubernetes e2e suite" time="0">
          <skipped></skipped>
      </testcase>
      <testcase name="[k8s.io] Downward API [Serial] [Disruptive] Downward API tests for local ephemeral storage should provide container&#39;s limits.ephemeral-storage and requests.ephemeral-storage as env vars" classname="Kubernetes e2e suite" time="0">
          <skipped></skipped>
      </testcase>
      <testcase name="[sig-storage] PersistentVolumes:vsphere should test that a file written to the vspehre volume mount before kubelet restart can be read after restart [Disruptive]" classname="Kubernetes e2e suite" time="0">
          <skipped></skipped>
      </testcase>
      <testcase name="[sig-apps] DisruptionController should update PodDisruptionBudget status" classname="Kubernetes e2e suite" time="0">
          <skipped></skipped>
      </testcase>
      <testcase name="[sig-cli] Kubectl client [k8s.io] Simple pod should support exec through an HTTP proxy" classname="Kubernetes e2e suite" time="0">
          <skipped></skipped>
      </testcase>
      <testcase name="[k8s.io] InitContainer should not start app containers if init containers fail on a RestartAlways pod" classname="Kubernetes e2e suite" time="0">
          <skipped></skipped>
      </testcase>
      <testcase name="[sig-storage] Storage Policy Based Volume Provisioning [Feature:vsphere] verify VSAN storage capability with invalid hostFailuresToTolerate value is not honored for dynamically provisioned pvc using storageclass" classname="Kubernetes e2e suite" time="0">
          <skipped></skipped>
      </testcase>
      <testcase name="[k8s.io] [sig-node] Security Context [Feature:SecurityContext] should support pod.Spec.SecurityContext.RunAsUser" classname="Kubernetes e2e suite" time="0">
          <skipped></skipped>
      </testcase>
      <testcase name="[sig-network] Services should serve a basic endpoint from pods  [Conformance]" classname="Kubernetes e2e suite" time="32.522424874"></testcase>
      <testcase name="[sig-scheduling] ResourceQuota should create a ResourceQuota and capture the life of a service." classname="Kubernetes e2e suite" time="0">
          <skipped></skipped>
      </testcase>
      <testcase name="[sig-storage] ConfigMap should be consumable in multiple volumes in the same pod  [Conformance]" classname="Kubernetes e2e suite" time="6.28412771"></testcase>
      <testcase name="[k8s.io] [sig-node] AppArmor load AppArmor profiles should enforce an AppArmor profile" classname="Kubernetes e2e suite" time="0">
          <skipped></skipped>
      </testcase>
      <testcase name="[k8s.io] [Feature:Example] [k8s.io] RethinkDB should create and stop rethinkdb servers" classname="Kubernetes e2e suite" time="0">
          <skipped></skipped>
      </testcase>
      <testcase name="[sig-storage] Storage Policy Based Volume Provisioning [Feature:vsphere] verify clean up of stale dummy VM for dynamically provisioned pvc using SPBM policy" classname="Kubernetes e2e suite" time="0">
          <skipped></skipped>
      </testcase>
      <testcase name="[sig-autoscaling] [Feature:ClusterSizeAutoscalingScaleUp] [Slow] Autoscaling [sig-autoscaling] Autoscaling a service from 1 pod and 3 nodes to 8 pods and &gt;=4 nodes takes less than 15 minutes" classname="Kubernetes e2e suite" time="0">
          <skipped></skipped>
      </testcase>
      <testcase name="[sig-cli] Kubectl client [k8s.io] Kubectl run default should create an rc or deployment from an image  [Conformance]" classname="Kubernetes e2e suite" time="0">
          <skipped></skipped>
      </testcase>
      <testcase name="[sig-storage] PersistentVolumes-local [Feature:LocalPersistentVolumes] [Serial] [Volume type: dir] when pod&#39;s node is different from PV&#39;s NodeAffinity should not be able to mount due to different NodeAffinity" classname="Kubernetes e2e suite" time="0">
          <skipped></skipped>
      </testcase>
      <testcase name="[sig-storage] PersistentVolumes-local [Feature:LocalPersistentVolumes] [Serial] [Volume type: dir] when pod using local volume with non-existant path should not be able to mount" classname="Kubernetes e2e suite" time="0">
          <skipped></skipped>
      </testcase>
      <testcase name="[sig-apps] Daemon set [Serial] should run and stop complex daemon with node affinity" classname="Kubernetes e2e suite" time="0">
          <skipped></skipped>
      </testcase>
      <testcase name="[sig-network] Services should be able to change the type from ClusterIP to ExternalName" classname="Kubernetes e2e suite" time="0">
          <skipped></skipped>
      </testcase>
      <testcase name="[k8s.io] [sig-node] PreStop should call prestop when killing a pod  [Conformance]" classname="Kubernetes e2e suite" time="61.336654959"></testcase>
      <testcase name="[sig-autoscaling] Cluster size autoscaling [Slow] should add new node and new node pool on too big pod, scale down to 1 and scale down to 0 [Feature:ClusterSizeAutoscalingScaleWithNAP]" classname="Kubernetes e2e suite" time="0">
          <skipped></skipped>
      </testcase>
      <testcase name="[sig-scalability] Load capacity [Feature:ManualPerformance] should be able to handle 30 pods per node {extensions Deployment} with 0 secrets, 2 configmaps and 0 daemons" classname="Kubernetes e2e suite" time="0">
          <skipped></skipped>
      </testcase>
      <testcase name="[sig-storage] PersistentVolumes NFS with multiple PVs and PVCs all in same ns should create 2 PVs and 4 PVCs: test write access" classname="Kubernetes e2e suite" time="0">
          <skipped></skipped>
      </testcase>
      <testcase name="[sig-network] ESIPP [Slow] [DisabledForLargeClusters] should work for type=LoadBalancer" classname="Kubernetes e2e suite" time="0">
          <skipped></skipped>
      </testcase>
      <testcase name="[sig-network] Services should release NodePorts on delete" classname="Kubernetes e2e suite" time="0">
          <skipped></skipped>
      </testcase>
      <testcase name="[k8s.io] Probing container should be restarted with a exec &#34;cat /tmp/health&#34; liveness probe [Conformance]" classname="Kubernetes e2e suite" time="60.393088576"></testcase>
      <testcase name="[sig-api-machinery] Generated clientset should create v1beta1 cronJobs, delete cronJobs, watch cronJobs" classname="Kubernetes e2e suite" time="0">
          <skipped></skipped>
      </testcase>
      <testcase name="[sig-api-machinery] Generated clientset should create pods, set the deletionTimestamp and deletionGracePeriodSeconds of the pod" classname="Kubernetes e2e suite" time="0">
          <skipped></skipped>
      </testcase>
      <testcase name="[sig-scheduling] SchedulerPredicates [Serial] validates resource limits of pods that are allowed to run  [Conformance]" classname="Kubernetes e2e suite" time="87.765274089"></testcase>
      <testcase name="[sig-apps] ReplicaSet should surface a failure condition on a common issue like exceeded quota" classname="Kubernetes e2e suite" time="0">
          <skipped></skipped>
      </testcase>
      <testcase name="[k8s.io] Docker Containers should use the image defaults if command and args are blank  [Conformance]" classname="Kubernetes e2e suite" time="6.331713307"></testcase>
      <testcase name="[sig-api-machinery] Initializers [Feature:Initializers] should dynamically register and apply initializers to pods [Serial]" classname="Kubernetes e2e suite" time="0">
          <skipped></skipped>
      </testcase>
      <testcase name="[sig-network] NetworkPolicy NetworkPolicy between server and client should enforce multiple, stacked policies with overlapping podSelectors [Feature:NetworkPolicy]" classname="Kubernetes e2e suite" time="0">
          <skipped></skipped>
      </testcase>
      <testcase name="[sig-storage] Volume plugin streaming [Slow] GlusterFS should write files of various sizes, verify size, validate content" classname="Kubernetes e2e suite" time="0">
          <skipped></skipped>
      </testcase>
      <testcase name="[sig-cli] Kubectl Port forwarding [k8s.io] With a server listening on 0.0.0.0 should support forwarding over websockets" classname="Kubernetes e2e suite" time="0">
          <skipped></skipped>
      </testcase>
      <testcase name="[k8s.io] Pods should get a host IP  [Conformance]" classname="Kubernetes e2e suite" time="22.299210722"></testcase>
      <testcase name="[sig-storage] Volumes Cinder [Feature:Volumes] should be mountable" classname="Kubernetes e2e suite" time="0">
          <skipped></skipped>
      </testcase>
      <testcase name="[sig-autoscaling] Cluster size autoscaling [Slow] shouldn&#39;t scale up when expendable pod is created [Feature:ClusterSizeAutoscalingScaleUp]" classname="Kubernetes e2e suite" time="0">
          <skipped></skipped>
      </testcase>
      <testcase name="[sig-cluster-lifecycle] kube-proxy migration [Feature:KubeProxyDaemonSetMigration] Upgrade kube-proxy from static pods to a DaemonSet should maintain a functioning cluster [Feature:KubeProxyDaemonSetUpgrade]" classname="Kubernetes e2e suite" time="0">
          <skipped></skipped>
      </testcase>
      <testcase name="[sig-storage] PersistentVolumes[Disruptive][Flaky] when kube-controller-manager restarts should delete a bound PVC from a clientPod, restart the kube-control-manager, and ensure the kube-controller-manager does not crash" classname="Kubernetes e2e suite" time="0">
          <skipped></skipped>
      </testcase>
      <testcase name="[sig-network] Proxy version v1 should proxy to cadvisor" classname="Kubernetes e2e suite" time="0">
          <skipped></skipped>
      </testcase>
      <testcase name="[sig-network] Networking IPerf IPv6 [Experimental] [Feature:Networking-IPv6] [Slow] [Feature:Networking-Performance] should transfer ~ 1GB onto the service endpoint 1 servers (maximum of 1 clients)" classname="Kubernetes e2e suite" time="0">
          <skipped></skipped>
      </testcase>
      <testcase name="[sig-apps] DisruptionController evictions: too few pods, absolute =&gt; should not allow an eviction" classname="Kubernetes e2e suite" time="0">
          <skipped></skipped>
      </testcase>
      <testcase name="[sig-api-machinery] AdmissionWebhook Should unconditionally reject operations on fail closed webhook" classname="Kubernetes e2e suite" time="0">
          <skipped></skipped>
      </testcase>
      <testcase name="[sig-cluster-lifecycle] [Feature:BootstrapTokens] should sign the new added bootstrap tokens" classname="Kubernetes e2e suite" time="0">
          <skipped></skipped>
      </testcase>
      <testcase name="[sig-autoscaling] Cluster size autoscaling [Slow] should scale up correct target pool [Feature:ClusterSizeAutoscalingScaleUp]" classname="Kubernetes e2e suite" time="0">
          <skipped></skipped>
      </testcase>
      <testcase name="[sig-cli] Kubectl client [k8s.io] Kubectl create quota should reject quota with invalid scopes" classname="Kubernetes e2e suite" time="0">
          <skipped></skipped>
      </testcase>
      <testcase name="[sig-api-machinery] Aggregator Should be able to support the 1.7 Sample API Server using the current Aggregator" classname="Kubernetes e2e suite" time="0">
          <skipped></skipped>
      </testcase>
      <testcase name="[k8s.io] [sig-node] Security Context [Feature:SecurityContext] should support seccomp alpha docker/default annotation [Feature:Seccomp]" classname="Kubernetes e2e suite" time="0">
          <skipped></skipped>
      </testcase>
      <testcase name="[sig-autoscaling] [HPA] Horizontal pod autoscaling (scale resource: CPU) [sig-autoscaling] [Serial] [Slow] ReplicaSet Should scale from 1 pod to 3 pods and from 3 to 5" classname="Kubernetes e2e suite" time="0">
          <skipped></skipped>
      </testcase>
      <testcase name="[sig-network] Services should be able to up and down services" classname="Kubernetes e2e suite" time="0">
          <skipped></skipped>
      </testcase>
      <testcase name="[sig-scalability] Density [Feature:ManualPerformance] should allow starting 100 pods per node using { ReplicationController} with 0 secrets, 0 configmaps and 0 daemons" classname="Kubernetes e2e suite" time="0">
          <skipped></skipped>
      </testcase>
      <testcase name="[sig-storage] Secrets should be able to mount in a volume regardless of a different secret existing with same name in different namespace" classname="Kubernetes e2e suite" time="0">
          <skipped></skipped>
      </testcase>
      <testcase name="[sig-apps] StatefulSet [k8s.io] Deploy clustered applications [Feature:StatefulSet] [Slow] should creating a working zookeeper cluster" classname="Kubernetes e2e suite" time="0">
          <skipped></skipped>
      </testcase>
      <testcase name="[sig-cluster-lifecycle] Upgrade [Feature:Upgrade] cluster upgrade should maintain a functioning cluster [Feature:ClusterUpgrade]" classname="Kubernetes e2e suite" time="0">
          <skipped></skipped>
      </testcase>
      <testcase name="[sig-cluster-lifecycle] Upgrade [Feature:Upgrade] master upgrade should maintain a functioning cluster [Feature:MasterUpgrade]" classname="Kubernetes e2e suite" time="0">
          <skipped></skipped>
      </testcase>
      <testcase name="[sig-storage] Pod Disks detach in a disrupted environment [Slow] [Disruptive] when node&#39;s API object is deleted" classname="Kubernetes e2e suite" time="0">
          <skipped></skipped>
      </testcase>
      <testcase name="[sig-network] ServiceLoadBalancer [Feature:ServiceLoadBalancer] should support simple GET on Ingress ips" classname="Kubernetes e2e suite" time="0">
          <skipped></skipped>
      </testcase>
      <testcase name="[sig-api-machinery] Garbage collector should delete RS created by deployment when not orphaning" classname="Kubernetes e2e suite" time="0">
          <skipped></skipped>
      </testcase>
      <testcase name="[sig-storage] Projected should set DefaultMode on files [Conformance]" classname="Kubernetes e2e suite" time="6.404739342"></testcase>
      <testcase name="[k8s.io] [sig-node] Security Context [Feature:SecurityContext] should support volume SELinux relabeling when using hostIPC" classname="Kubernetes e2e suite" time="0">
          <skipped></skipped>
      </testcase>
      <testcase name="[sig-scalability] Density [Feature:ManualPerformance] should allow starting 30 pods per node using { ReplicationController} with 0 secrets, 0 configmaps and 2 daemons" classname="Kubernetes e2e suite" time="0">
          <skipped></skipped>
      </testcase>
      <testcase name="[sig-storage] Projected should provide container&#39;s cpu request [Conformance]" classname="Kubernetes e2e suite" time="6.285201139"></testcase>
      <testcase name="[sig-storage] Pod Disks should be able to delete a non-existent PD without error" classname="Kubernetes e2e suite" time="0">
          <skipped></skipped>
      </testcase>
      <testcase name="[sig-cli] Kubectl client [k8s.io] Simple pod should return command exit codes" classname="Kubernetes e2e suite" time="0">
          <skipped></skipped>
      </testcase>
      <testcase name="[sig-scheduling] ResourceQuota should create a ResourceQuota and capture the life of a persistent volume claim with a storage class. [sig-storage]" classname="Kubernetes e2e suite" time="0">
          <skipped></skipped>
      </testcase>
      <testcase name="[sig-apps] Deployment RecreateDeployment should delete old pods and create new ones" classname="Kubernetes e2e suite" time="0">
          <skipped></skipped>
      </testcase>
      <testcase name="[k8s.io] [sig-node] Security Context [Feature:SecurityContext] should support seccomp alpha unconfined annotation on the container [Feature:Seccomp]" classname="Kubernetes e2e suite" time="0">
          <skipped></skipped>
      </testcase>
      <testcase name="[sig-storage] Pod Disks detach in a disrupted environment [Slow] [Disruptive] when node is deleted" classname="Kubernetes e2e suite" time="0">
          <skipped></skipped>
      </testcase>
      <testcase name="[sig-scalability] Load capacity [Feature:ManualPerformance] should be able to handle 30 pods per node {extensions Deployment} with 2 secrets, 0 configmaps and 0 daemons" classname="Kubernetes e2e suite" time="0">
          <skipped></skipped>
      </testcase>
      <testcase name="[k8s.io] Cluster size autoscaler scalability [Slow] should scale up twice [Feature:ClusterAutoscalerScalability2]" classname="Kubernetes e2e suite" time="0">
          <skipped></skipped>
      </testcase>
      <testcase name="[sig-scheduling] SchedulerPredicates [Serial] validates MaxPods limit number of pods that are allowed to run [Slow]" classname="Kubernetes e2e suite" time="0">
          <skipped></skipped>
      </testcase>
      <testcase name="[sig-network] Networking Granular Checks: Services [Slow] should update endpoints: http" classname="Kubernetes e2e suite" time="0">
          <skipped></skipped>
      </testcase>
      <testcase name="[sig-storage] HostPath should support subPath" classname="Kubernetes e2e suite" time="0">
          <skipped></skipped>
      </testcase>
      <testcase name="[sig-network] Loadbalancing: L7 GCE [Slow] [Feature:NEG] rolling update backend pods should not cause service disruption" classname="Kubernetes e2e suite" time="0">
          <skipped></skipped>
      </testcase>
      <testcase name="[sig-apps] DisruptionController evictions: enough pods, replicaSet, percentage =&gt; should allow an eviction" classname="Kubernetes e2e suite" time="0">
          <skipped></skipped>
      </testcase>
      <testcase name="[sig-storage] GCP Volumes NFSv4 should be mountable for NFSv4" classname="Kubernetes e2e suite" time="0">
          <skipped></skipped>
      </testcase>
      <testcase name="[sig-storage] Projected should be consumable from pods in volume as non-root [Conformance]" classname="Kubernetes e2e suite" time="6.330613381"></testcase>
      <testcase name="[sig-storage] Volumes PD should be mountable with ext4" classname="Kubernetes e2e suite" time="0">
          <skipped></skipped>
      </testcase>
      <testcase name="[sig-apps] CronJob should not emit unexpected warnings" classname="Kubernetes e2e suite" time="0">
          <skipped></skipped>
      </testcase>
      <testcase name="[sig-apps] StatefulSet [k8s.io] Basic StatefulSet functionality [StatefulSetBasic] Should recreate evicted statefulset" classname="Kubernetes e2e suite" time="0">
          <skipped></skipped>
      </testcase>
      <testcase name="[sig-cli] Kubectl client [k8s.io] Kubectl run pod should create a pod from an image when restart is Never  [Conformance]" classname="Kubernetes e2e suite" time="0">
          <skipped></skipped>
      </testcase>
      <testcase name="[sig-storage] EmptyDir volumes when FSGroup is specified [Feature:FSGroup] nonexistent volume subPath should have the correct mode and owner using FSGroup" classname="Kubernetes e2e suite" time="0">
          <skipped></skipped>
      </testcase>
      <testcase name="[sig-cli] Kubectl client [k8s.io] Simple pod should support exec" classname="Kubernetes e2e suite" time="0">
          <skipped></skipped>
      </testcase>
      <testcase name="[k8s.io] KubeletManagedEtcHosts should test kubelet managed /etc/hosts file  [Conformance]" classname="Kubernetes e2e suite" time="54.518856292"></testcase>
      <testcase name="[k8s.io] [Feature:Example] [k8s.io] Downward API should create a pod that prints his name and namespace" classname="Kubernetes e2e suite" time="0">
          <skipped></skipped>
      </testcase>
      <testcase name="[sig-storage] Projected should be consumable from pods in volume with defaultMode set [Conformance]" classname="Kubernetes e2e suite" time="6.341882016"></testcase>
      <testcase name="[sig-autoscaling] Cluster size autoscaling [Slow] shouldn&#39;t scale down when non expendable pod is running [Feature:ClusterSizeAutoscalingScaleDown]" classname="Kubernetes e2e suite" time="0">
          <skipped></skipped>
      </testcase>
      <testcase name="[sig-cli] Kubectl client [k8s.io] Kubectl logs should be able to retrieve and filter logs  [Conformance]" classname="Kubernetes e2e suite" time="0">
          <skipped></skipped>
      </testcase>
      <testcase name="[sig-auth] [Feature:NodeAuthorizer] Getting an existent secret should exit with the Forbidden error" classname="Kubernetes e2e suite" time="0">
          <skipped></skipped>
      </testcase>
      <testcase name="[sig-apps] stateful Upgrade [Feature:StatefulUpgrade] [k8s.io] stateful upgrade should maintain a functioning cluster" classname="Kubernetes e2e suite" time="0">
          <skipped></skipped>
      </testcase>
      <testcase name="[sig-storage] Projected should be consumable from pods in volume [Conformance]" classname="Kubernetes e2e suite" time="6.755504318"></testcase>
      <testcase name="[k8s.io] InitContainer should invoke init containers on a RestartNever pod" classname="Kubernetes e2e suite" time="0">
          <skipped></skipped>
      </testcase>
      <testcase name="[sig-storage] EmptyDir volumes should support (root,0777,tmpfs) [Conformance]" classname="Kubernetes e2e suite" time="6.238913471"></testcase>
      <testcase name="[sig-cluster-lifecycle] [Feature:BootstrapTokens] should delete the signed bootstrap tokens from clusterInfo ConfigMap when bootstrap token is deleted" classname="Kubernetes e2e suite" time="0">
          <skipped></skipped>
      </testcase>
      <testcase name="[k8s.io] [Feature:Example] [k8s.io] Spark should start spark master, driver and workers" classname="Kubernetes e2e suite" time="0">
          <skipped></skipped>
      </testcase>
      <testcase name="[sig-cluster-lifecycle] HA-master [Feature:HAMaster] survive addition/removal replicas multizone workers [Serial][Disruptive]" classname="Kubernetes e2e suite" time="0">
          <skipped></skipped>
      </testcase>
      <testcase name="[k8s.io] EquivalenceCache [Serial] validates GeneralPredicates is properly invalidated when a pod is scheduled [Slow]" classname="Kubernetes e2e suite" time="0">
          <skipped></skipped>
      </testcase>
      <testcase name="[sig-cli] Kubectl client [k8s.io] Kubectl create quota should create a quota with scopes" classname="Kubernetes e2e suite" time="0">
          <skipped></skipped>
      </testcase>
      <testcase name="[sig-network] Networking Granular Checks: Services [Slow] should update endpoints: udp" classname="Kubernetes e2e suite" time="0">
          <skipped></skipped>
      </testcase>
      <testcase name="[sig-storage] Volumes GlusterFS should be mountable" classname="Kubernetes e2e suite" time="0">
          <skipped></skipped>
      </testcase>
      <testcase name="[sig-auth] PodSecurityPolicy should forbid pod creation when no PSP is available" classname="Kubernetes e2e suite" time="0">
          <skipped></skipped>
      </testcase>
      <testcase name="[sig-network] NetworkPolicy NetworkPolicy between server and client should enforce policy based on PodSelector [Feature:NetworkPolicy]" classname="Kubernetes e2e suite" time="0">
          <skipped></skipped>
      </testcase>
      <testcase name="[sig-storage] PersistentVolumes NFS when invoking the Recycle reclaim policy should test that a PV becomes Available and is clean after the PVC is deleted." classname="Kubernetes e2e suite" time="0">
          <skipped></skipped>
      </testcase>
      <testcase name="[sig-network] Services should be able to update NodePorts with two same port numbers but different protocols" classname="Kubernetes e2e suite" time="0">
          <skipped></skipped>
      </testcase>
      <testcase name="[sig-storage] Pod Disks detach in a disrupted environment [Slow] [Disruptive] when pod is evicted" classname="Kubernetes e2e suite" time="0">
          <skipped></skipped>
      </testcase>
      <testcase name="[sig-storage] Downward API volume should set DefaultMode on files  [Conformance]" classname="Kubernetes e2e suite" time="6.28541703"></testcase>
      <testcase name="[sig-apps] Deployment deployment should delete old replica sets" classname="Kubernetes e2e suite" time="0">
          <skipped></skipped>
      </testcase>
      <testcase name="[sig-instrumentation] Stackdriver Monitoring should have cluster metrics [Feature:StackdriverMonitoring]" classname="Kubernetes e2e suite" time="0">
          <skipped></skipped>
      </testcase>
      <testcase name="[sig-storage] PersistentVolumes [Feature:ReclaimPolicy] [sig-storage] persistentvolumereclaim:vsphere should retain persistent volume when reclaimPolicy set to retain when associated claim is deleted" classname="Kubernetes e2e suite" time="0">
          <skipped></skipped>
      </testcase>
      <testcase name="[sig-storage] Projected updates should be reflected in volume [Conformance]" classname="Kubernetes e2e suite" time="22.278004253"></testcase>
      <testcase name="[sig-cluster-lifecycle] [Feature:BootstrapTokens] should not delete the token secret when the secret is not expired" classname="Kubernetes e2e suite" time="0">
          <skipped></skipped>
      </testcase>
      <testcase name="[sig-network] Services should provide secure master service  [Conformance]" classname="Kubernetes e2e suite" time="6.19549479"></testcase>
      <testcase name="[sig-storage] Volumes PD should be mountable with xfs" classname="Kubernetes e2e suite" time="0">
          <skipped></skipped>
      </testcase>
      <testcase name="[sig-autoscaling] [HPA] Horizontal pod autoscaling (scale resource: CPU) [sig-autoscaling] [Serial] [Slow] ReplicationController Should scale from 1 pod to 3 pods and from 3 to 5 and verify decision stability" classname="Kubernetes e2e suite" time="0">
          <skipped></skipped>
      </testcase>
      <testcase name="[sig-storage] EmptyDir volumes should support (root,0644,tmpfs) [Conformance]" classname="Kubernetes e2e suite" time="6.282270489"></testcase>
      <testcase name="[sig-scheduling] SchedulerPredicates [Serial] validates that a pod with an invalid NodeAffinity is rejected" classname="Kubernetes e2e suite" time="0">
          <skipped></skipped>
      </testcase>
      <testcase name="[sig-storage] PersistentVolumes-local [Feature:LocalPersistentVolumes] [Serial] [Volume type: tmpfs] when pod&#39;s node is different from PV&#39;s NodeAffinity should not be able to mount due to different NodeSelector" classname="Kubernetes e2e suite" time="0">
          <skipped></skipped>
      </testcase>
      <testcase name="[sig-instrumentation] Cluster level logging implemented by Stackdriver should ingest logs" classname="Kubernetes e2e suite" time="0">
          <skipped></skipped>
      </testcase>
      <testcase name="[sig-storage] EmptyDir volumes when FSGroup is specified [Feature:FSGroup] new files should be created with FSGroup ownership when container is non-root" classname="Kubernetes e2e suite" time="0">
          <skipped></skipped>
      </testcase>
      <testcase name="[sig-storage] Downward API volume should set mode on item file  [Conformance]" classname="Kubernetes e2e suite" time="6.261627908"></testcase>
      <testcase name="[sig-apps] StatefulSet [k8s.io] Deploy clustered applications [Feature:StatefulSet] [Slow] should creating a working CockroachDB cluster" classname="Kubernetes e2e suite" time="0">
          <skipped></skipped>
      </testcase>
      <testcase name="[sig-network] Loadbalancing: L7 GCE [Slow] [Feature:NEG] should be able to switch between IG and NEG modes" classname="Kubernetes e2e suite" time="0">
          <skipped></skipped>
      </testcase>
      <testcase name="[sig-storage] Volume FStype [Feature:vsphere] verify invalid fstype" classname="Kubernetes e2e suite" time="0">
          <skipped></skipped>
      </testcase>
      <testcase name="[sig-apps] DaemonRestart [Disruptive] Kubelet should not restart containers across restart" classname="Kubernetes e2e suite" time="0">
          <skipped></skipped>
      </testcase>
      <testcase name="[sig-apps] ReplicaSet should serve a basic image on each replica with a private image" classname="Kubernetes e2e suite" time="0">
          <skipped></skipped>
      </testcase>
      <testcase name="[sig-apps] StatefulSet [k8s.io] Deploy clustered applications [Feature:StatefulSet] [Slow] should creating a working redis cluster" classname="Kubernetes e2e suite" time="0">
          <skipped></skipped>
      </testcase>
      <testcase name="[sig-storage] Projected should provide container&#39;s cpu limit [Conformance]" classname="Kubernetes e2e suite" time="6.596606202"></testcase>
      <testcase name="[sig-apps] StatefulSet [k8s.io] Basic StatefulSet functionality [StatefulSetBasic] should perform canary updates and phased rolling updates of template modifications" classname="Kubernetes e2e suite" time="0">
          <skipped></skipped>
      </testcase>
      <testcase name="[sig-autoscaling] Cluster size autoscaling [Slow] should increase cluster size if pods are pending due to host port conflict [Feature:ClusterSizeAutoscalingScaleUp]" classname="Kubernetes e2e suite" time="0">
          <skipped></skipped>
      </testcase>
      <testcase name="[sig-network] DNS configMap federations should be able to change federation configuration [Slow][Serial]" classname="Kubernetes e2e suite" time="0">
          <skipped></skipped>
      </testcase>
      <testcase name="[sig-scheduling] Rescheduler [Serial] should ensure that critical pod is scheduled in case there is no resources available" classname="Kubernetes e2e suite" time="0">
          <skipped></skipped>
      </testcase>
      <testcase name="[sig-scheduling] [Feature:GPU] run Nvidia GPU tests on Container Optimized OS only" classname="Kubernetes e2e suite" time="0">
          <skipped></skipped>
      </testcase>
      <testcase name="[sig-apps] Daemon set [Serial] should run and stop simple daemon" classname="Kubernetes e2e suite" time="0">
          <skipped></skipped>
      </testcase>
      <testcase name="[sig-service-catalog] [Feature:PodPreset] PodPreset should create a pod preset" classname="Kubernetes e2e suite" time="0">
          <skipped></skipped>
      </testcase>
      <testcase name="[sig-instrumentation] Cadvisor should be healthy on every node." classname="Kubernetes e2e suite" time="0">
          <skipped></skipped>
      </testcase>
      <testcase name="[k8s.io] PrivilegedPod should enable privileged commands" classname="Kubernetes e2e suite" time="0">
          <skipped></skipped>
      </testcase>
      <testcase name="[sig-apps] Job should adopt matching orphans and release non-matching pods" classname="Kubernetes e2e suite" time="0">
          <skipped></skipped>
      </testcase>
      <testcase name="[sig-apps] StatefulSet [k8s.io] Basic StatefulSet functionality [StatefulSetBasic] Burst scaling should run to completion even with unhealthy pods" classname="Kubernetes e2e suite" time="0">
          <skipped></skipped>
      </testcase>
      <testcase name="[sig-cli] Kubectl client [k8s.io] Kubectl apply should reuse port when apply to an existing SVC" classname="Kubernetes e2e suite" time="0">
          <skipped></skipped>
      </testcase>
      <testcase name="[sig-network] Services [Feature:GCEAlphaFeature][Slow] should be able to create and tear down a standard-tier load balancer [Slow]" classname="Kubernetes e2e suite" time="0">
          <skipped></skipped>
      </testcase>
      <testcase name="[sig-apps] Deployment deployment reaping should cascade to its replica sets and pods" classname="Kubernetes e2e suite" time="0">
          <skipped></skipped>
      </testcase>
      <testcase name="[sig-autoscaling] DNS horizontal autoscaling [Serial] [Slow] kube-dns-autoscaler should scale kube-dns pods when cluster size changed" classname="Kubernetes e2e suite" time="0">
          <skipped></skipped>
      </testcase>
      <testcase name="[sig-cluster-lifecycle] Restart [Disruptive] should restart all nodes and ensure all nodes and pods recover" classname="Kubernetes e2e suite" time="0">
          <skipped></skipped>
      </testcase>
      <testcase name="[k8s.io] GKE local SSD [Feature:GKELocalSSD] should write and read from node local SSD [Feature:GKELocalSSD]" classname="Kubernetes e2e suite" time="0">
          <skipped></skipped>
      </testcase>
      <testcase name="[sig-storage] ConfigMap should be consumable from pods in volume  [Conformance]" classname="Kubernetes e2e suite" time="6.270559788"></testcase>
      <testcase name="[sig-storage] Projected should provide node allocatable (memory) as default memory limit if the limit is not set [Conformance]" classname="Kubernetes e2e suite" time="6.269419454"></testcase>
      <testcase name="[sig-network] Proxy version v1 should proxy logs on node with explicit kubelet port  [Conformance]" classname="Kubernetes e2e suite" time="6.265556922"></testcase>
      <testcase name="[sig-storage] PersistentVolumes GCEPD should test that deleting a PVC before the pod does not cause pod deletion to fail on PD detach" classname="Kubernetes e2e suite" time="0">
          <skipped></skipped>
      </testcase>
      <testcase name="[sig-storage] PersistentVolumes-local [Feature:LocalPersistentVolumes] [Serial] [Volume type: gce-localssd-scsi-fs] when pod&#39;s node is different from PV&#39;s NodeAffinity should not be able to mount due to different NodeSelector" classname="Kubernetes e2e suite" time="0">
          <skipped></skipped>
      </testcase>
      <testcase name="[sig-storage] PersistentVolumes-local [Feature:LocalPersistentVolumes] [Serial] [Volume type: gce-localssd-scsi-fs] when two pods mount a local volume one after the other should be able to write from pod1 and read from pod2" classname="Kubernetes e2e suite" time="0">
          <skipped></skipped>
      </testcase>
      <testcase name="[sig-apps] StatefulSet [k8s.io] Basic StatefulSet functionality [StatefulSetBasic] should perform rolling updates and roll backs of template modifications" classname="Kubernetes e2e suite" time="0">
          <skipped></skipped>
      </testcase>
      <testcase name="[k8s.io] Cluster size autoscaler scalability [Slow] should scale up at all [Feature:ClusterAutoscalerScalability1]" classname="Kubernetes e2e suite" time="0">
          <skipped></skipped>
      </testcase>
      <testcase name="[sig-apps] ReplicationController should adopt matching pods on creation" classname="Kubernetes e2e suite" time="0">
          <skipped></skipped>
      </testcase>
      <testcase name="[sig-scalability] Density [Feature:HighDensityPerformance] should allow starting 95 pods per node using { ReplicationController} with 0 secrets, 0 configmaps and 0 daemons" classname="Kubernetes e2e suite" time="0">
          <skipped></skipped>
      </testcase>
      <testcase name="[k8s.io] [sig-node] Security Context [Feature:SecurityContext] should support seccomp alpha unconfined annotation on the pod [Feature:Seccomp]" classname="Kubernetes e2e suite" time="0">
          <skipped></skipped>
      </testcase>
      <testcase name="[sig-auth] ServiceAccounts should allow opting out of API token automount  [Conformance]" classname="Kubernetes e2e suite" time="23.528369175999998"></testcase>
      <testcase name="[sig-apps] Job should exceed active deadline" classname="Kubernetes e2e suite" time="0">
          <skipped></skipped>
      </testcase>
      <testcase name="[sig-autoscaling] [HPA] Horizontal pod autoscaling (scale resource: CPU) [sig-autoscaling] [Serial] [Slow] ReplicationController Should scale from 5 pods to 3 pods and from 3 to 1 and verify decision stability" classname="Kubernetes e2e suite" time="0">
          <skipped></skipped>
      </testcase>
      <testcase name="[sig-api-machinery] AdmissionWebhook Should mutate crd" classname="Kubernetes e2e suite" time="0">
          <skipped></skipped>
      </testcase>
      <testcase name="[sig-instrumentation] MetricsGrabber should grab all metrics from a Scheduler." classname="Kubernetes e2e suite" time="0">
          <skipped></skipped>
      </testcase>
      <testcase name="[k8s.io] Cluster size autoscaler scalability [Slow] should scale down empty nodes [Feature:ClusterAutoscalerScalability3]" classname="Kubernetes e2e suite" time="0">
          <skipped></skipped>
      </testcase>
      <testcase name="[sig-scheduling] ResourceQuota should create a ResourceQuota and capture the life of a replication controller." classname="Kubernetes e2e suite" time="0">
          <skipped></skipped>
      </testcase>
      <testcase name="[sig-network] Networking should provide unchanging, static URL paths for kubernetes api services" classname="Kubernetes e2e suite" time="0">
          <skipped></skipped>
      </testcase>
      <testcase name="[sig-storage] EmptyDir volumes when FSGroup is specified [Feature:FSGroup] volume on tmpfs should have the correct mode using FSGroup" classname="Kubernetes e2e suite" time="0">
          <skipped></skipped>
      </testcase>
      <testcase name="[sig-api-machinery] Etcd failure [Disruptive] should recover from network partition with master" classname="Kubernetes e2e suite" time="0">
          <skipped></skipped>
      </testcase>
      <testcase name="[sig-network] Networking Granular Checks: Services [Slow] should function for node-Service: udp" classname="Kubernetes e2e suite" time="0">
          <skipped></skipped>
      </testcase>
      <testcase name="[sig-storage] Projected should be consumable from pods in volume with mappings as non-root [Conformance]" classname="Kubernetes e2e suite" time="6.32793231"></testcase>
      <testcase name="[sig-storage] Secrets should be consumable in multiple volumes in a pod  [Conformance]" classname="Kubernetes e2e suite" time="6.298764534"></testcase>
      <testcase name="[sig-ui] Kubernetes Dashboard should check that the kubernetes-dashboard instance is alive" classname="Kubernetes e2e suite" time="0">
          <skipped></skipped>
      </testcase>
      <testcase name="[sig-storage] PersistentVolumes GCEPD should test that deleting the PV before the pod does not cause pod deletion to fail on PD detach" classname="Kubernetes e2e suite" time="0">
          <skipped></skipped>
      </testcase>
      <testcase name="[sig-storage] Projected should provide podname as non-root with fsgroup and defaultMode [Feature:FSGroup]" classname="Kubernetes e2e suite" time="0">
          <skipped></skipped>
      </testcase>
      <testcase name="[k8s.io] [sig-node] Events should be sent by kubelets and the scheduler about pods scheduling and running  [Conformance]" classname="Kubernetes e2e suite" time="16.288176628"></testcase>
      <testcase name="[sig-storage] Volume plugin streaming [Slow] NFS should write files of various sizes, verify size, validate content" classname="Kubernetes e2e suite" time="0">
          <skipped></skipped>
      </testcase>
      <testcase name="[sig-cli] Kubectl client [k8s.io] Update Demo should create and stop a replication controller  [Conformance]" classname="Kubernetes e2e suite" time="0">
          <skipped></skipped>
      </testcase>
      <testcase name="[sig-api-machinery] Namespaces [Serial] should delete fast enough (90 percent of 100 namespaces in 150 seconds)" classname="Kubernetes e2e suite" time="0">
          <skipped></skipped>
      </testcase>
      <testcase name="[sig-network] Networking should check kube-proxy urls" classname="Kubernetes e2e suite" time="0">
          <skipped></skipped>
      </testcase>
      <testcase name="[sig-apps] DisruptionController evictions: no PDB =&gt; should allow an eviction" classname="Kubernetes e2e suite" time="0">
          <skipped></skipped>
      </testcase>
      <testcase name="[sig-cli] Kubectl client [k8s.io] Update Demo should scale a replication controller  [Conformance]" classname="Kubernetes e2e suite" time="0">
          <skipped></skipped>
      </testcase>
      <testcase name="[sig-network] Services should only allow access from service loadbalancer source ranges [Slow]" classname="Kubernetes e2e suite" time="0">
          <skipped></skipped>
      </testcase>
      <testcase name="[sig-storage] Volumes NFS should be mountable" classname="Kubernetes e2e suite" time="0">
          <skipped></skipped>
      </testcase>
      <testcase name="[sig-storage] Projected should update annotations on modification [Conformance]" classname="Kubernetes e2e suite" time="30.771621638"></testcase>
      <testcase name="[sig-autoscaling] Cluster size autoscaling [Slow] should correctly scale down after a node is not needed and one node is broken [Feature:ClusterSizeAutoscalingScaleDown]" classname="Kubernetes e2e suite" time="0">
          <skipped></skipped>
      </testcase>
      <testcase name="[sig-storage] Volume Provisioning On Clustered Datastore [Feature:vsphere] verify static provisioning on clustered datastore" classname="Kubernetes e2e suite" time="0">
          <skipped></skipped>
      </testcase>
      <testcase name="[k8s.io] Pods should contain environment variables for services  [Conformance]" classname="Kubernetes e2e suite" time="30.338053193"></testcase>
      <testcase name="[sig-cluster-lifecycle] Addon update should propagate add-on file changes [Slow]" classname="Kubernetes e2e suite" time="0">
          <skipped></skipped>
      </testcase>
      <testcase name="[sig-storage] PersistentVolumes-local [Feature:LocalPersistentVolumes] [Serial] [Volume type: dir] when two pods mount a local volume at the same time should be able to write from pod1 and read from pod2" classname="Kubernetes e2e suite" time="0">
          <skipped></skipped>
      </testcase>
      <testcase name="[sig-network] Service endpoints latency should not be very high  [Conformance]" classname="Kubernetes e2e suite" time="67.06788575"></testcase>
      <testcase name="[k8s.io] Cluster size autoscaler scalability [Slow] CA ignores unschedulable pods while scheduling schedulable pods [Feature:ClusterAutoscalerScalability6]" classname="Kubernetes e2e suite" time="0">
          <skipped></skipped>
      </testcase>
      <testcase name="[sig-scheduling] SchedulerPreemption [Serial] [Feature:PodPreemption] validates basic preemption works" classname="Kubernetes e2e suite" time="0">
          <skipped></skipped>
      </testcase>
      <testcase name="[sig-storage] GCP Volumes GlusterFS should be mountable" classname="Kubernetes e2e suite" time="0">
          <skipped></skipped>
      </testcase>
      <testcase name="[sig-apps] CronJob should replace jobs when ReplaceConcurrent" classname="Kubernetes e2e suite" time="0">
          <skipped></skipped>
      </testcase>
      <testcase name="[sig-storage] EmptyDir volumes should support (non-root,0777,default) [Conformance]" classname="Kubernetes e2e suite" time="12.267570682"></testcase>
      <testcase name="[sig-api-machinery] Garbage collector should delete pods created by rc when not orphaning" classname="Kubernetes e2e suite" time="0">
          <skipped></skipped>
      </testcase>
      <testcase name="[sig-apps] StatefulSet [k8s.io] Deploy clustered applications [Feature:StatefulSet] [Slow] should creating a working mysql cluster" classname="Kubernetes e2e suite" time="0">
          <skipped></skipped>
      </testcase>
      <testcase name="[sig-storage] Secrets should be consumable from pods in volume with mappings  [Conformance]" classname="Kubernetes e2e suite" time="12.272865075"></testcase>
      <testcase name="[sig-storage] Pod Disks schedule pods each with a PD, delete pod and verify detach [Slow] for read-only PD with pod delete grace period of &#34;default (30s)&#34;" classname="Kubernetes e2e suite" time="0">
          <skipped></skipped>
      </testcase>
      <testcase name="[sig-network] Networking Granular Checks: Services [Slow] should update nodePort: udp [Slow]" classname="Kubernetes e2e suite" time="0">
          <skipped></skipped>
      </testcase>
      <testcase name="[sig-scheduling] SchedulerPriorities [Serial] Pod should perfer to scheduled to nodes pod can tolerate" classname="Kubernetes e2e suite" time="0">
          <skipped></skipped>
      </testcase>
      <testcase name="[k8s.io] Probing container with readiness probe should not be ready before initial delay and never restart  [Conformance]" classname="Kubernetes e2e suite" time="44.178265338"></testcase>
      <testcase name="[k8s.io] Pods should have their auto-restart back-off timer reset on image update [Slow]" classname="Kubernetes e2e suite" time="0">
          <skipped></skipped>
      </testcase>
      <testcase name="[sig-network] Proxy version v1 should proxy to cadvisor using proxy subresource" classname="Kubernetes e2e suite" time="0">
          <skipped></skipped>
      </testcase>
      <testcase name="[k8s.io] Sysctls should reject invalid sysctls" classname="Kubernetes e2e suite" time="0">
          <skipped></skipped>
      </testcase>
      <testcase name="[sig-scalability] Density [Feature:ManualPerformance] should allow starting 3 pods per node using { ReplicationController} with 0 secrets, 0 configmaps and 0 daemons" classname="Kubernetes e2e suite" time="0">
          <skipped></skipped>
      </testcase>
      <testcase name="[sig-autoscaling] [HPA] Horizontal pod autoscaling (scale resource: CPU) [sig-autoscaling] [DisabledForLargeClusters] ReplicationController light Should scale from 1 pod to 2 pods" classname="Kubernetes e2e suite" time="0">
          <skipped></skipped>
      </testcase>
      <testcase name="[k8s.io] [sig-node] Security Context [Feature:SecurityContext] should support volume SELinux relabeling" classname="Kubernetes e2e suite" time="0">
          <skipped></skipped>
      </testcase>
      <testcase name="[sig-api-machinery] Downward API should provide host IP as an env var  [Conformance]" classname="Kubernetes e2e suite" time="6.461699663">
          <failure type="Failure">/go/src/k8s.io/kubernetes/_output/dockerized/go/src/k8s.io/kubernetes/test/e2e/framework/framework.go:648&#xA;Feb 23 10:20:10.663: Failed to get server version: Unable to parse server version &#34;v1.6.8+$Format:%h$&#34;: could not parse pre-release/metadata (+$Format:%h$) in version &#34;v1.6.8+$Format:%h$&#34;&#xA;/go/src/k8s.io/kubernetes/_output/dockerized/go/src/k8s.io/kubernetes/test/e2e/framework/util.go:446</failure>
          <system-out>[BeforeEach] [sig-api-machinery] Downward API&#xA;  /go/src/k8s.io/kubernetes/_output/dockerized/go/src/k8s.io/kubernetes/test/e2e/framework/framework.go:134&#xA;STEP: Creating a kubernetes client&#xA;Feb 23 10:20:10.553: INFO: &gt;&gt;&gt; kubeConfig: /tmp/kubeconfig-645151644&#xA;STEP: Building a namespace api object&#xA;STEP: Waiting for a default service account to be provisioned in namespace&#xA;[It] should provide host IP as an env var  [Conformance]&#xA;  /go/src/k8s.io/kubernetes/_output/dockerized/go/src/k8s.io/kubernetes/test/e2e/framework/framework.go:648&#xA;Feb 23 10:20:10.663: INFO: Failed to get server version: Unable to parse server version &#34;v1.6.8+$Format:%!h(MISSING)$&#34;: could not parse pre-release/metadata (+$Format:%!h(MISSING)$) in version &#34;v1.6.8+$Format:%!h(MISSING)$&#34;&#xA;[AfterEach] [sig-api-machinery] Downward API&#xA;  /go/src/k8s.io/kubernetes/_output/dockerized/go/src/k8s.io/kubernetes/test/e2e/framework/framework.go:135&#xA;STEP: Collecting events from namespace &#34;e2e-tests-downward-api-t5f63&#34;.&#xA;STEP: Found 0 events.&#xA;Feb 23 10:20:10.684: INFO: POD                                    NODE           PHASE    GRACE  CONDITIONS&#xA;Feb 23 10:20:10.684: INFO: curl-57077659-pnzns                    172.28.40.253  Running         [{Initialized True 0001-01-01 00:00:00 +0000 UTC 2018-02-06 07:57:21 +0000 UTC  } {Ready True 0001-01-01 00:00:00 +0000 UTC 2018-02-23 07:48:37 +0000 UTC  } {PodScheduled True 0001-01-01 00:00:00 +0000 UTC 2018-02-06 07:57:21 +0000 UTC  }]&#xA;Feb 23 10:20:10.684: INFO: default-http-backend-3573850553-shs2f  172.28.40.252  Running         [{Initialized True 0001-01-01 00:00:00 +0000 UTC 2018-01-24 09:18:57 +0000 UTC  } {Ready True 0001-01-01 00:00:00 +0000 UTC 2018-02-23 07:48:43 +0000 UTC  } {PodScheduled True 0001-01-01 00:00:00 +0000 UTC 2018-01-24 09:18:57 +0000 UTC  }]&#xA;Feb 23 10:20:10.684: INFO: my-nginx-4190440701-6x3d1              172.28.40.253  Running         [{Initialized True 0001-01-01 00:00:00 +0000 UTC 2018-02-06 06:19:52 +0000 UTC  } {Ready True 0001-01-01 00:00:00 +0000 UTC 2018-02-23 07:48:37 +0000 UTC  } {PodScheduled True 0001-01-01 00:00:00 +0000 UTC 2018-02-06 06:19:52 +0000 UTC  }]&#xA;Feb 23 10:20:10.684: INFO: my-nginx-4190440701-p5k0x              172.28.40.253  Running         [{Initialized True 0001-01-01 00:00:00 +0000 UTC 2018-02-06 06:19:53 +0000 UTC  } {Ready True 0001-01-01 00:00:00 +0000 UTC 2018-02-23 07:48:37 +0000 UTC  } {PodScheduled True 0001-01-01 00:00:00 +0000 UTC 2018-02-06 06:19:53 +0000 UTC  }]&#xA;Feb 23 10:20:10.684: INFO: test-deployment-408745850-00zls        172.28.40.252  Running         [{Initialized True 0001-01-01 00:00:00 +0000 UTC 2018-02-02 05:44:53 +0000 UTC  } {Ready True 0001-01-01 00:00:00 +0000 UTC 2018-02-23 07:48:46 +0000 UTC  } {PodScheduled True 0001-01-01 00:00:00 +0000 UTC 2018-02-02 05:44:53 +0000 UTC  }]&#xA;Feb 23 10:20:10.684: INFO: test-deployment-408745850-j3n1h        172.28.40.253  Running         [{Initialized True 0001-01-01 00:00:00 +0000 UTC 2018-02-02 05:44:53 +0000 UTC  } {Ready True 0001-01-01 00:00:00 +0000 UTC 2018-02-23 07:48:38 +0000 UTC  } {PodScheduled True 0001-01-01 00:00:00 +0000 UTC 2018-02-02 05:44:53 +0000 UTC  }]&#xA;Feb 23 10:20:10.684: INFO: sonobuoy                               172.28.40.253  Running         [{Initialized True 0001-01-01 00:00:00 +0000 UTC 2018-02-23 09:22:16 +0000 UTC  } {Ready True 0001-01-01 00:00:00 +0000 UTC 2018-02-23 09:27:38 +0000 UTC  } {PodScheduled True 0001-01-01 00:00:00 +0000 UTC 2018-02-23 09:22:16 +0000 UTC  }]&#xA;Feb 23 10:20:10.684: INFO: sonobuoy-e2e-job-582fc1e8360c48cc      172.28.40.253  Running         [{Initialized True 0001-01-01 00:00:00 +0000 UTC 2018-02-23 09:25:09 +0000 UTC  } {Ready True 0001-01-01 00:00:00 +0000 UTC 2018-02-23 09:28:07 +0000 UTC  } {PodScheduled True 0001-01-01 00:00:00 +0000 UTC 2018-02-23 09:25:09 +0000 UTC  }]&#xA;Feb 23 10:20:10.684: INFO: heapster-3541315297-879n8              172.28.40.252  Running         [{Initialized True 0001-01-01 00:00:00 +0000 UTC 2018-01-24 09:19:01 +0000 UTC  } {Ready True 0001-01-01 00:00:00 +0000 UTC 2018-02-23 07:48:43 +0000 UTC  } {PodScheduled True 0001-01-01 00:00:00 +0000 UTC 2018-01-24 09:18:59 +0000 UTC  }]&#xA;Feb 23 10:20:10.684: INFO: kube-dns-2151606476-3fxqh              172.28.40.252  Running         [{Initialized True 0001-01-01 00:00:00 +0000 UTC 2018-01-24 09:19:01 +0000 UTC  } {Ready True 0001-01-01 00:00:00 +0000 UTC 2018-02-23 07:48:45 +0000 UTC  } {PodScheduled True 0001-01-01 00:00:00 +0000 UTC 2018-01-24 09:18:59 +0000 UTC  }]&#xA;Feb 23 10:20:10.684: INFO: kube-dns-2151606476-57rt7              172.28.40.252  Running         [{Initialized True 0001-01-01 00:00:00 +0000 UTC 2018-01-25 07:29:52 +0000 UTC  } {Ready True 0001-01-01 00:00:00 +0000 UTC 2018-02-23 07:48:55 +0000 UTC  } {PodScheduled True 0001-01-01 00:00:00 +0000 UTC 2018-01-25 07:29:52 +0000 UTC  }]&#xA;Feb 23 10:20:10.684: INFO: kubernetes-dashboard-3564957082-zz0jt  172.28.40.253  Running         [{Initialized True 0001-01-01 00:00:00 +0000 UTC 2018-02-07 10:38:08 +0000 UTC  } {Ready True 0001-01-01 00:00:00 +0000 UTC 2018-02-23 07:48:37 +0000 UTC  } {PodScheduled True 0001-01-01 00:00:00 +0000 UTC 2018-02-07 10:38:08 +0000 UTC  }]&#xA;Feb 23 10:20:10.684: INFO: kubernetes-dashboard-4067619534-hd9rg  172.28.40.253  Running         [{Initialized True 0001-01-01 00:00:00 +0000 UTC 2018-02-07 10:10:50 +0000 UTC  } {Ready True 0001-01-01 00:00:00 +0000 UTC 2018-02-23 07:48:37 +0000 UTC  } {PodScheduled True 0001-01-01 00:00:00 +0000 UTC 2018-02-07 10:10:50 +0000 UTC  }]&#xA;Feb 23 10:20:10.684: INFO: monitoring-grafana-182961395-t1wdz     172.28.40.252  Running         [{Initialized True 0001-01-01 00:00:00 +0000 UTC 2018-01-24 09:19:01 +0000 UTC  } {Ready True 0001-01-01 00:00:00 +0000 UTC 2018-02-23 07:48:44 +0000 UTC  } {PodScheduled True 0001-01-01 00:00:00 +0000 UTC 2018-01-24 09:19:00 +0000 UTC  }]&#xA;Feb 23 10:20:10.684: INFO: monitoring-influxdb-742840477-02058    172.28.40.252  Running         [{Initialized True 0001-01-01 00:00:00 +0000 UTC 2018-01-24 09:19:01 +0000 UTC  } {Ready True 0001-01-01 00:00:00 +0000 UTC 2018-02-23 07:48:43 +0000 UTC  } {PodScheduled True 0001-01-01 00:00:00 +0000 UTC 2018-01-24 09:19:00 +0000 UTC  }]&#xA;Feb 23 10:20:10.684: INFO: nginx-ingress-lb-568296160-55s99       172.28.40.252  Running         [{Initialized True 0001-01-01 00:00:00 +0000 UTC 2018-01-24 09:19:01 +0000 UTC  } {Ready True 0001-01-01 00:00:00 +0000 UTC 2018-02-23 07:48:45 +0000 UTC  } {PodScheduled True 0001-01-01 00:00:00 +0000 UTC 2018-01-24 09:19:00 +0000 UTC  }]&#xA;Feb 23 10:20:10.684: INFO: loan-manager-web-3708347581-hr6gf      172.28.40.252  Running         [{Initialized True 0001-01-01 00:00:00 +0000 UTC 2018-01-24 09:19:01 +0000 UTC  } {Ready True 0001-01-01 00:00:00 +0000 UTC 2018-02-23 07:48:44 +0000 UTC  } {PodScheduled True 0001-01-01 00:00:00 +0000 UTC 2018-01-24 09:19:01 +0000 UTC  }]&#xA;Feb 23 10:20:10.684: INFO: sonobuoy                               172.28.40.253  Running         [{Initialized True 0001-01-01 00:00:00 +0000 UTC 2018-02-23 08:09:50 +0000 UTC  } {Ready True 0001-01-01 00:00:00 +0000 UTC 2018-02-23 08:09:57 +0000 UTC  } {PodScheduled True 0001-01-01 00:00:00 +0000 UTC 2018-02-23 08:09:50 +0000 UTC  }]&#xA;Feb 23 10:20:10.684: INFO: &#xA;Feb 23 10:20:10.687: INFO: &#xA;Logging node info for node 172.28.40.252&#xA;Feb 23 10:20:10.688: INFO: Node Info: &amp;Node{ObjectMeta:k8s_io_apimachinery_pkg_apis_meta_v1.ObjectMeta{Name:172.28.40.252,GenerateName:,Namespace:,SelfLink:/api/v1/nodes172.28.40.252,UID:89f1ca06-8361-11e7-83be-c85b76af3a19,ResourceVersion:25695142,Generation:0,CreationTimestamp:2017-08-17 15:34:20 +0000 UTC,DeletionTimestamp:&lt;nil&gt;,DeletionGracePeriodSeconds:nil,Labels:map[string]string{beta.kubernetes.io/arch: amd64,beta.kubernetes.io/fluentd-ds-ready: true,beta.kubernetes.io/os: linux,kubernetes.io/hostname: 172.28.40.252,},Annotations:map[string]string{node.alpha.kubernetes.io/ttl: 0,volumes.kubernetes.io/controller-managed-attach-detach: true,},OwnerReferences:[],Finalizers:[],ClusterName:,Initializers:nil,},Spec:NodeSpec{PodCIDR:172.28.44.0/24,ExternalID:172.28.40.252,ProviderID:,Unschedulable:false,Taints:[],ConfigSource:nil,},Status:NodeStatus{Capacity:ResourceList{cpu: {{4 0} {&lt;nil&gt;} 4 DecimalSI},memory: {{8112148480 0} {&lt;nil&gt;} 7922020Ki BinarySI},pods: {{110 0} {&lt;nil&gt;} 110 DecimalSI},},Allocatable:ResourceList{cpu: {{4 0} {&lt;nil&gt;} 4 DecimalSI},memory: {{8007290880 0} {&lt;nil&gt;} 7819620Ki BinarySI},pods: {{110 0} {&lt;nil&gt;} 110 DecimalSI},},Phase:,Conditions:[{OutOfDisk False 2018-02-23 10:20:09 +0000 UTC 2018-01-24 09:04:44 +0000 UTC KubeletHasSufficientDisk kubelet has sufficient disk space available} {MemoryPressure False 2018-02-23 10:20:09 +0000 UTC 2018-01-24 09:04:44 +0000 UTC KubeletHasSufficientMemory kubelet has sufficient memory available} {DiskPressure False 2018-02-23 10:20:09 +0000 UTC 2018-01-24 09:04:44 +0000 UTC KubeletHasNoDiskPressure kubelet has no disk pressure} {Ready True 2018-02-23 10:20:09 +0000 UTC 2018-01-24 09:04:44 +0000 UTC KubeletReady kubelet is posting ready status}],Addresses:[{LegacyHostIP 172.28.40.252} {InternalIP 172.28.40.252} {Hostname 172.28.40.252}],DaemonEndpoints:NodeDaemonEndpoints{KubeletEndpoint:DaemonEndpoint{Port:10250,},},NodeInfo:NodeSystemInfo{MachineID:7f0e2da3e5b1430599f3d0c42078a450,SystemUUID:4DB41674-1B15-11E7-B32F-FD03500C3300,BootID:e7bea30b-3800-4667-864e-e4df488dafc3,KernelVersion:3.10.0-514.26.2.el7.x86_64,OSImage:CentOS Linux 7 (Core),ContainerRuntimeVersion:docker://Unknown,KubeletVersion:v1.6.8,KubeProxyVersion:v1.6.8,OperatingSystem:linux,Architecture:amd64,},Images:[{[dorowu/ubuntu-desktop-lxde-vnc@sha256:9e79e40c997ea6c0789ce695e9530ea13140f561669c1cacd50dbe054289c0cd dorowu/ubuntu-desktop-lxde-vnc:latest] 1310395082} {[perl@sha256:602d654765ebdd0881c435ddfa09c0a8e2ce81581c5415bc608183cd388ba555 perl:latest] 879012185} {[reg.qianbao-inc.com/base/centos7-fluentd@sha256:9e99a2b7a178a804d7ecb7cd25a8b78bdbfa2681b614f5bea27d3fd3dbe603a5 172.28.40.90/base/centos7-fluentd:latest reg.qianbao-inc.com/base/centos7-fluentd:latest] 778846664} {[172.28.40.90/base/centos7-fluentd@sha256:52808e02527a1065bf00bbd0410c83e56f7db0d452f6631e597a2f66af92ea65] 778842535} {[172.28.40.90/base/centos7-fluentd@sha256:3a03cbf6c1c2d1876010e451af3f2596ce24416e324d5d702db9e3db46c7fead] 778840917} {[reg.qianbao-inc.com/appimages/loan_manager_web@sha256:5cd3519d4c114b797a4e2612c8c83ecb02302f72c5441ba4ca92181a8cfa07f9 reg.qianbao-inc.com/appimages/loan_manager_web:201708241425] 648340819} {[reg.qianbao-inc.com/appimages/loan_manager_web@sha256:60c5c82a61d75acd7d431a8f86d0223a075d274ddcdb3d9a81fb51f45bd14581 reg.qianbao-inc.com/appimages/loan_manager_web:201708231829] 646662057} {[172.28.40.90/appimages/loan_manager_web@sha256:e85b4db8d72adfa126c294b07cde892d72ca7af7d51bf025ffaba06e7c7b5551 reg.qianbao-inc.com/appimages/loan_manager_web@sha256:e85b4db8d72adfa126c294b07cde892d72ca7af7d51bf025ffaba06e7c7b5551 172.28.40.90/appimages/loan_manager_web:201708231533 reg.qianbao-inc.com/appimages/loan_manager_web:201708231533] 646661488} {[172.28.40.90/appimages/loan_manager_web@sha256:884bc64e6833bca7eb0cb7f88846c89908813fedc6142b006b164371bf342d24 172.28.40.90/appimages/loan_manager_web:201708231053] 644865336} {[reg.qianbao-inc.com/base/centos7-jdk1.7-tomcat8-base@sha256:a52a51fcecd30b2670c9e4c5766ab1b6b36498d6e99c318e453371e96a3b7e40 reg.qianbao-inc.com/base/centos7-jdk1.7-tomcat8-base:latest] 568866130} {[172.28.40.90/base/centos7-fluentd@sha256:0ba96c5a4dad3989f770c301cfaaedc5e5ff3cf8d4102cf08c957099ab2bb674 172.28.40.90/base/centos7-jdk1.7-tomcat8-base:latest] 546080806} {[172.28.40.90/base/centos7-fluentd@sha256:301966ed37ebeb9197c6d913a1e3f348c5568272c6b45cf99f202729162fb96f] 546080806} {[172.28.40.90/base/centos7-jdk1.7-tomcat8-base@sha256:9509e3d2fffffde2054608d3e915bd3e586974d396f7c1d8cd9fb94dd28fed6a] 546080806} {[reg.qianbao-inc.com/base/centos7-nginx@sha256:6532f22828d508602e209e298618786db57bf0e8b2d8fad12b605738356bfa57 nginx:latest reg.qianbao-inc.com/base/centos7-nginx:latest] 397033431} {[reg.qianbao-inc.com/base/centos7-nginx@sha256:83465df5c8e34e2836ecbc15767feff447263fb682b7826b6490d5cf7173d227] 397024018} {[reg.qianbao-inc.com/base/centos7-nginx@sha256:250bbaf9ff1fe83b582f129819d966e3e4e2e8c34af7ede5f78b49ccdcafee2a] 397006282} {[&lt;none&gt;@&lt;none&gt; &lt;none&gt;:&lt;none&gt;] 397006085} {[&lt;none&gt;@&lt;none&gt; &lt;none&gt;:&lt;none&gt;] 397001116} {[&lt;none&gt;@&lt;none&gt; &lt;none&gt;:&lt;none&gt;] 319205511} {[&lt;none&gt;@&lt;none&gt; &lt;none&gt;:&lt;none&gt;] 319205511} {[onlyerich/fluentd-elasticsearch@sha256:8b2244d0c10c70fad3dac392aab8efbb235cc84e0d2f3ae6a11291b6b35f0845 onlyerich/fluentd-elasticsearch:1.22] 266212638} {[registry.access.redhat.com/rhel7/pod-infrastructure@sha256:a269caa130cc66f83de0f5ff96305d0ed80cbab279279bca61db8cb50b38ed13 registry.access.redhat.com/rhel7/pod-infrastructure:latest] 205810221} {[zhaixigui/heapster-grafana-amd64@sha256:f971e645adb7f9ea355b3ade0c0eb799299fb7bdb21775436ce910e344166cef zhaixigui/heapster-grafana-amd64:v4.2.0] 145850413} {[zhaixigui/nginx-ingress-controller@sha256:cc6f47793afdc422f5c058f1ea073a53b540a3e9213e715183995abdb91114d8 zhaixigui/nginx-ingress-controller:0.9.0-beta.10] 131649888} {[lvanneo/heapster-grafana-amd64@sha256:693811e8824f87757859cfe5974fb7358fe827ea9078a0b87be76159674b97e6 lvanneo/heapster-grafana-amd64:v4.0.2] 131461556} {[prom/prometheus@sha256:aae7f9829bbbba8f98b3ebd4f2b5c47c09ed8f2e47a4f3022cae5aed546a4c3c prom/prometheus:latest] 111714634} {[cokabug/kubernetes-dashboard-amd64@sha256:6e761c36d295dd90e2117cc4dd7a7bcb7a8f5bca1384202031760813110c4dcc cokabug/kubernetes-dashboard-amd64:v1.6.0] 108572029} {[nginx@sha256:e3456c851a152494c3e4ff5fcc26f240206abac0c9d794affb40e0714846c451 nginx:1.7.9] 91641000} {[zhaixigui/heapster-amd64@sha256:f70f044db6e609737efa28d1007e22761af3cddfefbe3688033de46ac6389455 zhaixigui/heapster-amd64:v1.4.0] 73395475} {[zhaixigui/k8s-dns-kube-dns-amd64@sha256:03552e82aff26e70ee56744678f1660e7df71ba083ad8e428ad10fb941ecdc4f zhaixigui/k8s-dns-kube-dns-amd64:1.14.4] 49383112} {[zhaixigui/k8s-dns-sidecar-amd64@sha256:e4592661b68a5a029b76d45575a48cd69c95b96d1e312aaf7e3c22797ef0d823 zhaixigui/k8s-dns-sidecar-amd64:1.14.4] 41814878} {[zhaixigui/k8s-dns-dnsmasq-nanny-amd64@sha256:970af113854db3e70be7079ad27af22061aee9fd18ae28775ddd9d76130410ce zhaixigui/k8s-dns-dnsmasq-nanny-amd64:1.14.4] 41410758} {[lvanneo/heapster-influxdb-amd64@sha256:32b43d82e50588990bb6ec3947507f9c247330695870108bacfc23a8a6f96db4 lvanneo/heapster-influxdb-amd64:v1.1.1] 11585302} {[zhaixigui/heapster-influxdb-amd64@sha256:4fbe175e4202a2812f4fdc245c63a7d04e59e5ac754957fbe2bdd3bc29eb8e6d zhaixigui/heapster-influxdb-amd64:v1.1.1] 11585302} {[zhaixigui/nginx-defaultbackend@sha256:94d32dc1142c5fa22971ceaaabf4a78ac87d76c53c3f82c6c30a20b3ed197fc6 zhaixigui/nginx-defaultbackend:1.0] 7510068} {[gcr.io/kubernetes-e2e-test-images/netexec-amd64@sha256:2edfad424a541b9e024f26368d3a5b7dcc1d7cd27a4ee8c1d8c3f81d9209ab2e gcr.io/kubernetes-e2e-test-images/netexec-amd64:1.0] 6227659} {[busybox@sha256:1669a6aa7350e1cdd28f972ddad5aceba2912f589f19a090ac75b7083da748db busybox@sha256:1b124b4f31609dfdd23563b0f6f37430a85cd485cf8224e09f9cb376b7756347 busybox@sha256:c18e3bde44f31297b5a8f6965ac0f523789dc6b7a6bb60de219ba63daee6675b busybox:latest] 1146369} {[busybox@sha256:7a7714572b84fe1fafbc6b4f8374925249da8642b723d941a5ea214dac19b164] 1143105} {[gcr.io/google_containers/pause-amd64@sha256:163ac025575b775d1c0f9bf0bdd0f086883171eb475b5068e7defa4ca9e76516 gcr.io/google_containers/pause-amd64:3.0] 746888}],VolumesInUse:[],VolumesAttached:[],},}&#xA;Feb 23 10:20:10.688: INFO: &#xA;Logging kubelet events for node 172.28.40.252&#xA;Feb 23 10:20:10.691: INFO: &#xA;Logging pods the kubelet thinks is on node 172.28.40.252&#xA;Feb 23 10:20:10.695: INFO: monitoring-influxdb-742840477-02058 started at 2018-01-24 09:19:01 +0000 UTC (0+1 container statuses recorded)&#xA;Feb 23 10:20:10.695: INFO: &#x9;Container influxdb ready: true, restart count 5&#xA;Feb 23 10:20:10.695: INFO: nginx-ingress-lb-568296160-55s99 started at 2018-01-24 09:19:01 +0000 UTC (0+1 container statuses recorded)&#xA;Feb 23 10:20:10.695: INFO: &#x9;Container nginx-ingress-lb ready: true, restart count 5&#xA;Feb 23 10:20:10.695: INFO: loan-manager-web-3708347581-hr6gf started at 2018-01-24 09:19:01 +0000 UTC (0+1 container statuses recorded)&#xA;Feb 23 10:20:10.695: INFO: &#x9;Container http-lmw ready: true, restart count 4&#xA;Feb 23 10:20:10.695: INFO: test-deployment-408745850-00zls started at 2018-02-02 05:44:53 +0000 UTC (0+1 container statuses recorded)&#xA;Feb 23 10:20:10.695: INFO: &#x9;Container test-container ready: true, restart count 54&#xA;Feb 23 10:20:10.695: INFO: monitoring-grafana-182961395-t1wdz started at 2018-01-24 09:19:01 +0000 UTC (0+1 container statuses recorded)&#xA;Feb 23 10:20:10.695: INFO: &#x9;Container grafana ready: true, restart count 4&#xA;Feb 23 10:20:10.695: INFO: heapster-3541315297-879n8 started at 2018-01-24 09:19:01 +0000 UTC (0+1 container statuses recorded)&#xA;Feb 23 10:20:10.695: INFO: &#x9;Container heapster ready: true, restart count 4&#xA;Feb 23 10:20:10.695: INFO: kube-dns-2151606476-3fxqh started at 2018-01-24 09:19:01 +0000 UTC (0+3 container statuses recorded)&#xA;Feb 23 10:20:10.695: INFO: &#x9;Container dnsmasq ready: true, restart count 4&#xA;Feb 23 10:20:10.695: INFO: &#x9;Container kubedns ready: true, restart count 5&#xA;Feb 23 10:20:10.695: INFO: &#x9;Container sidecar ready: true, restart count 4&#xA;Feb 23 10:20:10.695: INFO: kube-dns-2151606476-57rt7 started at 2018-01-25 07:29:52 +0000 UTC (0+3 container statuses recorded)&#xA;Feb 23 10:20:10.695: INFO: &#x9;Container dnsmasq ready: true, restart count 5&#xA;Feb 23 10:20:10.695: INFO: &#x9;Container kubedns ready: true, restart count 5&#xA;Feb 23 10:20:10.695: INFO: &#x9;Container sidecar ready: true, restart count 5&#xA;Feb 23 10:20:10.695: INFO: default-http-backend-3573850553-shs2f started at 2018-01-24 09:18:57 +0000 UTC (0+1 container statuses recorded)&#xA;Feb 23 10:20:10.695: INFO: &#x9;Container default-http-backend ready: true, restart count 4&#xA;Feb 23 10:20:10.786: INFO: &#xA;Latency metrics for node 172.28.40.252&#xA;Feb 23 10:20:10.786: INFO: &#xA;Logging node info for node 172.28.40.253&#xA;Feb 23 10:20:10.788: INFO: Node Info: &amp;Node{ObjectMeta:k8s_io_apimachinery_pkg_apis_meta_v1.ObjectMeta{Name:172.28.40.253,GenerateName:,Namespace:,SelfLink:/api/v1/nodes172.28.40.253,UID:588c0b4a-8c81-11e7-9e8c-c85b76af3a19,ResourceVersion:25695138,Generation:0,CreationTimestamp:2017-08-29 06:14:42 +0000 UTC,DeletionTimestamp:&lt;nil&gt;,DeletionGracePeriodSeconds:nil,Labels:map[string]string{beta.kubernetes.io/arch: amd64,beta.kubernetes.io/os: linux,kubernetes.io/hostname: 172.28.40.253,nodetype: test,},Annotations:map[string]string{node.alpha.kubernetes.io/ttl: 0,volumes.kubernetes.io/controller-managed-attach-detach: true,},OwnerReferences:[],Finalizers:[],ClusterName:,Initializers:nil,},Spec:NodeSpec{PodCIDR:,ExternalID:172.28.40.253,ProviderID:,Unschedulable:false,Taints:[],ConfigSource:nil,},Status:NodeStatus{Capacity:ResourceList{cpu: {{4 0} {&lt;nil&gt;} 4 DecimalSI},memory: {{8112148480 0} {&lt;nil&gt;} 7922020Ki BinarySI},pods: {{110 0} {&lt;nil&gt;} 110 DecimalSI},},Allocatable:ResourceList{cpu: {{3 0} {&lt;nil&gt;} 3 DecimalSI},memory: {{6933549056 0} {&lt;nil&gt;} 6771044Ki BinarySI},pods: {{110 0} {&lt;nil&gt;} 110 DecimalSI},},Phase:,Conditions:[{OutOfDisk False 2018-02-23 10:20:09 +0000 UTC 2018-01-30 11:01:32 +0000 UTC KubeletHasSufficientDisk kubelet has sufficient disk space available} {MemoryPressure False 2018-02-23 10:20:09 +0000 UTC 2018-01-30 11:01:32 +0000 UTC KubeletHasSufficientMemory kubelet has sufficient memory available} {DiskPressure False 2018-02-23 10:20:09 +0000 UTC 2018-01-30 11:01:32 +0000 UTC KubeletHasNoDiskPressure kubelet has no disk pressure} {Ready True 2018-02-23 10:20:09 +0000 UTC 2018-01-30 11:01:32 +0000 UTC KubeletReady kubelet is posting ready status}],Addresses:[{LegacyHostIP 172.28.40.253} {InternalIP 172.28.40.253} {Hostname 172.28.40.253}],DaemonEndpoints:NodeDaemonEndpoints{KubeletEndpoint:DaemonEndpoint{Port:10250,},},NodeInfo:NodeSystemInfo{MachineID:bfb4a22c942b43b9afe4632a394a0b93,SystemUUID:ADF6893C-1B14-11E7-95E2-034D77011300,BootID:6fa87097-bce2-43e2-9670-2d348a1d3d3e,KernelVersion:3.10.0-514.26.2.el7.x86_64,OSImage:CentOS Linux 7 (Core),ContainerRuntimeVersion:docker://Unknown,KubeletVersion:v1.6.8,KubeProxyVersion:v1.6.8,OperatingSystem:linux,Architecture:amd64,},Images:[{[reg.qianbao-inc.com/appimages/zrj_biz_cashier_admin@sha256:1da6490bcffb9710ee9cfc91a4278edbe409eee062ea590a6a548c2fe4cababa reg.qianbao-inc.com/appimages/zrj_biz_cashier_admin:201709061556] 637468996} {[reg.qianbao-inc.com/appimages/zrj_biz_cashier_service@sha256:cd4f114db537e6a2e4819b00b167e5a9c80208eb7f852e4ac95b031da80f2d4e reg.qianbao-inc.com/appimages/zrj_biz_cashier_service:201709051616] 594016818} {[gcr.io/heptio-images/kube-conformance@sha256:0918b6ac69ac566107e30d2a82b48b556e1d141ed172a7abe203ca5930baf26e gcr.io/heptio-images/kube-conformance:latest] 520629728} {[gcr.io/heptio-images/sonobuoy@sha256:9f2a352b44143c8c4dc72ea2df07d1b3c9d37e45a2ebcfa72c048cca17b9d6eb gcr.io/heptio-images/sonobuoy:v0.10.0] 480143853} {[gcr.io/heptio-images/sonobuoy@sha256:1132c9365edbea54aa574880cd2511c09e0f0b4476cbfe0e09e8ca8e536f6f17 gcr.io/heptio-images/sonobuoy:v0.9.0] 326230178} {[rastasheep/ubuntu-sshd@sha256:1abe85b1cdb81ade6d475f9e9ee819f5d6b6568d979731a71e030a83da028f2a rastasheep/ubuntu-sshd:latest] 250936518} {[registry.access.redhat.com/rhel7/pod-infrastructure@sha256:92d43c37297da3ab187fc2b9e9ebfb243c1110d446c783ae1b989088495db931 registry.access.redhat.com/rhel7/pod-infrastructure:latest] 208612920} {[centos@sha256:c1010e2fe2b635822d99a096b1f4184becf5d1c98707cbccae00be663a9b9131 centos:latest] 192529651} {[siriuszg/kubernetes-dashboard-amd64@sha256:aa7a82994db197281396931523700ef55be19a890dd26899615cc709c165f940 siriuszg/kubernetes-dashboard-amd64:v1.6.0] 108572029} {[reg.qianbao-inc.com/base/kubernetes-dashboard-amd64@sha256:5dcc2f5825efef849787ba530a46e82213a2da8a6be65c40efc8bb9459c03b4c reg.qianbao-inc.com/base/kubernetes-dashboard-amd64:v1.6.0] 108572029} {[nginx@sha256:285b49d42c703fdf257d1e2422765c4ba9d3e37768d6ea83d7fe2043dad6e63d nginx:latest] 108472156} {[nginx@sha256:e3456c851a152494c3e4ff5fcc26f240206abac0c9d794affb40e0714846c451 nginx:1.7.9] 91641000} {[gcr.io/heptio-images/namespace-deleter@sha256:3ae93c027111ac894a5093663572e1afd5872597d7ecc6af0a2a75d6e6be8b3d gcr.io/heptio-images/namespace-deleter:v0.0.1] 43012728} {[gcr.io/heptio-images/scanner-forwarder@sha256:a4a1761a4cb5c6aed71302e8a605926cc297c58907018fefe5436a65aaaf884f gcr.io/heptio-images/scanner-forwarder:v0.0.4] 10882452} {[gcr.io/kubernetes-e2e-test-images/serve-hostname-amd64@sha256:2dd4032e98a0450d95a0ac71a5e465f542a900812d8c41bc6ca635aed1a5fc91 gcr.io/kubernetes-e2e-test-images/serve-hostname-amd64:1.0] 5470001} {[gcr.io/kubernetes-e2e-test-images/test-webserver-amd64@sha256:cd237408ae94e22c4f5c6d7c6f56708341db6c428180fe1fe011c17bf9d03c50 gcr.io/kubernetes-e2e-test-images/test-webserver-amd64:1.0] 4393904} {[radial/busyboxplus@sha256:a68c05ab1112fd90ad7b14985a48520e9d26dbbe00cb9c09aa79fdc0ef46b372 radial/busyboxplus:curl] 4212341} {[gcr.io/kubernetes-e2e-test-images/mounttest-amd64@sha256:dc4e2dcfbde16249c4662de673295d00778577bc2e2ca7013a1b85d4f47398ca gcr.io/kubernetes-e2e-test-images/mounttest-amd64:1.0] 1450451} {[gcr.io/kubernetes-e2e-test-images/mounttest-user-amd64@sha256:dda6519a95c934b46731a6b1492fed1b48ccc6d4aed4b754a46d7de8063a3e2b gcr.io/kubernetes-e2e-test-images/mounttest-user-amd64:1.0] 1450451} {[busybox@sha256:1669a6aa7350e1cdd28f972ddad5aceba2912f589f19a090ac75b7083da748db busybox:latest] 1146369} {[gcr.io/google_containers/pause-amd64@sha256:163ac025575b775d1c0f9bf0bdd0f086883171eb475b5068e7defa4ca9e76516 gcr.io/google_containers/pause-amd64:3.0] 746888}],VolumesInUse:[],VolumesAttached:[],},}&#xA;Feb 23 10:20:10.788: INFO: &#xA;Logging kubelet events for node 172.28.40.253&#xA;Feb 23 10:20:10.791: INFO: &#xA;Logging pods the kubelet thinks is on node 172.28.40.253&#xA;Feb 23 10:20:10.795: INFO: sonobuoy-e2e-job-582fc1e8360c48cc started at 2018-02-23 09:25:09 +0000 UTC (0+2 container statuses recorded)&#xA;Feb 23 10:20:10.795: INFO: &#x9;Container e2e ready: true, restart count 0&#xA;Feb 23 10:20:10.795: INFO: &#x9;Container sonobuoy-worker ready: true, restart count 0&#xA;Feb 23 10:20:10.795: INFO: kubernetes-dashboard-3564957082-zz0jt started at 2018-02-07 10:38:08 +0000 UTC (0+1 container statuses recorded)&#xA;Feb 23 10:20:10.795: INFO: &#x9;Container kubernetes-dashboard ready: true, restart count 3&#xA;Feb 23 10:20:10.795: INFO: sonobuoy started at 2018-02-23 08:09:50 +0000 UTC (0+1 container statuses recorded)&#xA;Feb 23 10:20:10.795: INFO: &#x9;Container kube-sonobuoy ready: true, restart count 0&#xA;Feb 23 10:20:10.795: INFO: my-nginx-4190440701-p5k0x started at 2018-02-06 06:19:53 +0000 UTC (0+1 container statuses recorded)&#xA;Feb 23 10:20:10.795: INFO: &#x9;Container my-nginx ready: true, restart count 3&#xA;Feb 23 10:20:10.795: INFO: test-deployment-408745850-j3n1h started at 2018-02-02 05:44:53 +0000 UTC (0+1 container statuses recorded)&#xA;Feb 23 10:20:10.795: INFO: &#x9;Container test-container ready: true, restart count 53&#xA;Feb 23 10:20:10.795: INFO: kubernetes-dashboard-4067619534-hd9rg started at 2018-02-07 10:10:50 +0000 UTC (0+1 container statuses recorded)&#xA;Feb 23 10:20:10.795: INFO: &#x9;Container kubernetes-dashboard ready: true, restart count 3&#xA;Feb 23 10:20:10.795: INFO: sonobuoy started at 2018-02-23 09:22:16 +0000 UTC (0+3 container statuses recorded)&#xA;Feb 23 10:20:10.795: INFO: &#x9;Container cleanup ready: true, restart count 0&#xA;Feb 23 10:20:10.795: INFO: &#x9;Container forwarder ready: true, restart count 0&#xA;Feb 23 10:20:10.795: INFO: &#x9;Container kube-sonobuoy ready: true, restart count 0&#xA;Feb 23 10:20:10.795: INFO: my-nginx-4190440701-6x3d1 started at 2018-02-06 06:19:52 +0000 UTC (0+1 container statuses recorded)&#xA;Feb 23 10:20:10.795: INFO: &#x9;Container my-nginx ready: true, restart count 3&#xA;Feb 23 10:20:10.795: INFO: curl-57077659-pnzns started at 2018-02-06 07:57:21 +0000 UTC (0+1 container statuses recorded)&#xA;Feb 23 10:20:10.795: INFO: &#x9;Container curl ready: true, restart count 5&#xA;Feb 23 10:20:10.892: INFO: &#xA;Latency metrics for node 172.28.40.253&#xA;Feb 23 10:20:10.892: INFO: {Operation:sync Method:pod_worker_latency_microseconds Quantile:0.99 Latency:2m1.01403s}&#xA;Feb 23 10:20:10.892: INFO: {Operation:sync Method:pod_worker_latency_microseconds Quantile:0.9 Latency:2m1.013132s}&#xA;Feb 23 10:20:10.892: INFO: {Operation:sync Method:pod_worker_latency_microseconds Quantile:0.5 Latency:2m1.00885s}&#xA;Feb 23 10:20:10.892: INFO: {Operation:stop_container Method:docker_operations_latency_microseconds Quantile:0.99 Latency:30.0991s}&#xA;STEP: Dumping a list of prepulled images on each node to file /tmp/results/image-puller.txt&#xA;Feb 23 10:20:10.895: INFO: Waiting up to 3m0s for all (but 0) nodes to be ready&#xA;STEP: Destroying namespace &#34;e2e-tests-downward-api-t5f63&#34; for this suite.&#xA;Feb 23 10:20:16.949: INFO: Waiting up to 30s for server preferred namespaced resources to be successfully discovered&#xA;Feb 23 10:20:16.997: INFO: namespace: e2e-tests-downward-api-t5f63, resource: bindings, ignored listing per whitelist&#xA;Feb 23 10:20:17.014: INFO: namespace e2e-tests-downward-api-t5f63 deletion completed in 6.095611433s&#xA;</system-out>
      </testcase>
      <testcase name="[sig-api-machinery] Garbage collector should not be blocked by dependency circle" classname="Kubernetes e2e suite" time="0">
          <skipped></skipped>
      </testcase>
      <testcase name="[sig-api-machinery] AdmissionWebhook Should mutate pod and apply defaults after mutation" classname="Kubernetes e2e suite" time="0">
          <skipped></skipped>
      </testcase>
      <testcase name="[k8s.io] [sig-node] AppArmor load AppArmor profiles can disable an AppArmor profile, using unconfined" classname="Kubernetes e2e suite" time="0">
          <skipped></skipped>
      </testcase>
      <testcase name="[sig-cli] Kubectl client [k8s.io] Proxy server should support proxy with --port 0  [Conformance]" classname="Kubernetes e2e suite" time="0">
          <skipped></skipped>
      </testcase>
      <testcase name="[sig-storage] ConfigMap should be consumable from pods in volume with mappings and Item mode set [Conformance]" classname="Kubernetes e2e suite" time="6.266393567"></testcase>
      <testcase name="[sig-scalability] Density [Feature:ManualPerformance] should allow starting 30 pods per node using {extensions Deployment} with 0 secrets, 0 configmaps and 0 daemons" classname="Kubernetes e2e suite" time="0">
          <skipped></skipped>
      </testcase>
      <testcase name="[sig-network] ESIPP [Slow] [DisabledForLargeClusters] should work from pods" classname="Kubernetes e2e suite" time="0">
          <skipped></skipped>
      </testcase>
      <testcase name="[sig-scalability] Density [Feature:Performance] should allow starting 30 pods per node using { ReplicationController} with 0 secrets, 0 configmaps and 0 daemons" classname="Kubernetes e2e suite" time="0">
          <skipped></skipped>
      </testcase>
      <testcase name="[sig-storage] EmptyDir volumes when FSGroup is specified [Feature:FSGroup] new files should be created with FSGroup ownership when container is root" classname="Kubernetes e2e suite" time="0">
          <skipped></skipped>
      </testcase>
      <testcase name="[sig-scheduling] SchedulerPredicates [Serial] validates that there exists conflict between pods with same hostPort and protocol but one using 0.0.0.0 hostIP" classname="Kubernetes e2e suite" time="0">
          <skipped></skipped>
      </testcase>
      <testcase name="[sig-storage] Volume Provisioning On Clustered Datastore [Feature:vsphere] verify dynamic provision with spbm policy on clustered datastore" classname="Kubernetes e2e suite" time="0">
          <skipped></skipped>
      </testcase>
      <testcase name="[sig-storage] Downward API volume should provide node allocatable (memory) as default memory limit if the limit is not set  [Conformance]" classname="Kubernetes e2e suite" time="6.350653586"></testcase>
      <testcase name="[sig-network] Loadbalancing: L7 GCE [Slow] [Feature:Ingress] multicluster ingress should get instance group annotation" classname="Kubernetes e2e suite" time="0">
          <skipped></skipped>
      </testcase>
      <testcase name="[sig-storage] Projected should provide podname as non-root with fsgroup [Feature:FSGroup]" classname="Kubernetes e2e suite" time="0">
          <skipped></skipped>
      </testcase>
      <testcase name="[sig-api-machinery] Garbage collector should support cascading deletion of custom resources" classname="Kubernetes e2e suite" time="0">
          <skipped></skipped>
      </testcase>
      <testcase name="[sig-storage] PersistentVolumes GCEPD should test that deleting the Namespace of a PVC and Pod causes the successful detach of Persistent Disk" classname="Kubernetes e2e suite" time="0">
          <skipped></skipped>
      </testcase>
      <testcase name="[sig-cli] Kubectl client [k8s.io] Kubectl run job should create a job from an image when restart is OnFailure  [Conformance]" classname="Kubernetes e2e suite" time="0">
          <skipped></skipped>
      </testcase>
      <testcase name="[sig-autoscaling] [HPA] Horizontal pod autoscaling (scale resource: CPU) [sig-autoscaling] [Serial] [Slow] Deployment Should scale from 5 pods to 3 pods and from 3 to 1" classname="Kubernetes e2e suite" time="0">
          <skipped></skipped>
      </testcase>
      <testcase name="[sig-apps] Job should delete a job" classname="Kubernetes e2e suite" time="0">
          <skipped></skipped>
      </testcase>
      <testcase name="[sig-instrumentation] MetricsGrabber should grab all metrics from a Kubelet." classname="Kubernetes e2e suite" time="0">
          <skipped></skipped>
      </testcase>
      <testcase name="[sig-cli] Kubectl client [k8s.io] Kubectl run rc should create an rc from an image  [Conformance]" classname="Kubernetes e2e suite" time="0">
          <skipped></skipped>
      </testcase>
      <testcase name="[sig-cluster-lifecycle] Reboot [Disruptive] [Feature:Reboot] each node by ordering unclean reboot and ensure they function upon restart" classname="Kubernetes e2e suite" time="0">
          <skipped></skipped>
      </testcase>
      <testcase name="[k8s.io] [sig-node] Kubelet [Serial] [Slow] [k8s.io] [sig-node] regular resource usage tracking resource tracking for 0 pods per node" classname="Kubernetes e2e suite" time="0">
          <skipped></skipped>
      </testcase>
      <testcase name="[sig-network] Services should check NodePort out-of-range" classname="Kubernetes e2e suite" time="0">
          <skipped></skipped>
      </testcase>
      <testcase name="[sig-storage] Pod Disks schedule pods each with a PD, delete pod and verify detach [Slow] for read-only PD with pod delete grace period of &#34;immediate (0s)&#34;" classname="Kubernetes e2e suite" time="0">
          <skipped></skipped>
      </testcase>
      <testcase name="[sig-storage] Dynamic Provisioning DynamicProvisioner External should let an external dynamic provisioner create and delete persistent volumes [Slow]" classname="Kubernetes e2e suite" time="0">
          <skipped></skipped>
      </testcase>
      <testcase name="[sig-cli] Kubectl client [k8s.io] Guestbook application should create and stop a working application  [Conformance]" classname="Kubernetes e2e suite" time="0">
          <skipped></skipped>
      </testcase>
      <testcase name="[k8s.io] [sig-node] Security Context [Feature:SecurityContext] should support seccomp default which is unconfined [Feature:Seccomp]" classname="Kubernetes e2e suite" time="0">
          <skipped></skipped>
      </testcase>
      <testcase name="[sig-network] Networking Granular Checks: Services [Slow] should function for node-Service: http" classname="Kubernetes e2e suite" time="0">
          <skipped></skipped>
      </testcase>
      <testcase name="[sig-storage] HostPath should support existing directory subPath" classname="Kubernetes e2e suite" time="0">
          <skipped></skipped>
      </testcase>
      <testcase name="[sig-cluster-lifecycle] Downgrade [Feature:Downgrade] cluster downgrade should maintain a functioning cluster [Feature:ClusterDowngrade]" classname="Kubernetes e2e suite" time="0">
          <skipped></skipped>
      </testcase>
      <testcase name="[sig-storage] Projected should be consumable from pods in volume with mappings [Conformance]" classname="Kubernetes e2e suite" time="6.373878026"></testcase>
      <testcase name="[sig-network] Networking Granular Checks: Services [Slow] should function for client IP based session affinity: udp" classname="Kubernetes e2e suite" time="0">
          <skipped></skipped>
      </testcase>
      <testcase name="[sig-network] Loadbalancing: L7 GCE [Slow] [Feature:NEG] should sync endpoints to NEG" classname="Kubernetes e2e suite" time="0">
          <skipped></skipped>
      </testcase>
      <testcase name="[sig-cli] Kubectl client [k8s.io] Proxy server should support --unix-socket=/path  [Conformance]" classname="Kubernetes e2e suite" time="0">
          <skipped></skipped>
      </testcase>
      <testcase name="[k8s.io] [Feature:Example] [k8s.io] Storm should create and stop Zookeeper, Nimbus and Storm worker servers" classname="Kubernetes e2e suite" time="0">
          <skipped></skipped>
      </testcase>
      <testcase name="[sig-storage] PersistentVolumes-local [Feature:LocalPersistentVolumes] [Serial] [Volume type: tmpfs] when pod&#39;s node is different from PV&#39;s NodeName should not be able to mount due to different NodeName" classname="Kubernetes e2e suite" time="0">
          <skipped></skipped>
      </testcase>
      <testcase name="[sig-storage] PersistentVolumes-local [Feature:LocalPersistentVolumes] [Serial] [Volume type: tmpfs] when pod using local volume with non-existant path should not be able to mount" classname="Kubernetes e2e suite" time="0">
          <skipped></skipped>
      </testcase>
      <testcase name="[sig-autoscaling] Cluster size autoscaling [Slow] Shouldn&#39;t perform scale up operation and should list unhealthy status if most of the cluster is broken[Feature:ClusterSizeAutoscalingScaleUp]" classname="Kubernetes e2e suite" time="0">
          <skipped></skipped>
      </testcase>
      <testcase name="[sig-storage] Projected should provide container&#39;s memory limit [Conformance]" classname="Kubernetes e2e suite" time="6.352926742"></testcase>
      <testcase name="[sig-storage] EmptyDir volumes should support (non-root,0666,default) [Conformance]" classname="Kubernetes e2e suite" time="6.253090167"></testcase>
      <testcase name="[sig-cluster-lifecycle] [Feature:BootstrapTokens] should delete the token secret when the secret expired" classname="Kubernetes e2e suite" time="0">
          <skipped></skipped>
      </testcase>
      <testcase name="[sig-storage] PersistentVolumes-local [Feature:LocalPersistentVolumes] [Serial] [Volume type: gce-localssd-scsi-fs] when two pods mount a local volume at the same time should be able to write from pod1 and read from pod2" classname="Kubernetes e2e suite" time="0">
          <skipped></skipped>
      </testcase>
      <testcase name="[k8s.io] GKE node pools [Feature:GKENodePool] should create a cluster with multiple node pools [Feature:GKENodePool]" classname="Kubernetes e2e suite" time="0">
          <skipped></skipped>
      </testcase>
      <testcase name="[sig-cli] Kubectl client [k8s.io] Kubectl patch should add annotations for pods in rc  [Conformance]" classname="Kubernetes e2e suite" time="0">
          <skipped></skipped>
      </testcase>
      <testcase name="[sig-network] Services should work after restarting kube-proxy [Disruptive]" classname="Kubernetes e2e suite" time="0">
          <skipped></skipped>
      </testcase>
      <testcase name="[sig-scheduling] SchedulerPriorities [Serial] Pod should be schedule to node that don&#39;t match the PodAntiAffinity terms" classname="Kubernetes e2e suite" time="0">
          <skipped></skipped>
      </testcase>
      <testcase name="[sig-apps] Daemon set [Serial] Should rollback without unnecessary restarts" classname="Kubernetes e2e suite" time="0">
          <skipped></skipped>
      </testcase>
      <testcase name="[sig-autoscaling] Cluster size autoscaling [Slow] should disable node pool autoscaling [Feature:ClusterSizeAutoscalingScaleUp]" classname="Kubernetes e2e suite" time="0">
          <skipped></skipped>
      </testcase>
      <testcase name="[sig-autoscaling] Cluster size autoscaling [Slow] should correctly scale down after a node is not needed when there is non autoscaled pool[Feature:ClusterSizeAutoscalingScaleDown]" classname="Kubernetes e2e suite" time="0">
          <skipped></skipped>
      </testcase>
      <testcase name="[sig-storage] Volume Disk Format [Feature:vsphere] verify disk format type - thin is honored for dynamically provisioned pv using storageclass" classname="Kubernetes e2e suite" time="0">
          <skipped></skipped>
      </testcase>
      <testcase name="[k8s.io] Probing container should have monotonically increasing restart count  [Slow] [Conformance]" classname="Kubernetes e2e suite" time="150.484216369"></testcase>
      <testcase name="[sig-scheduling] SchedulerPredicates [Serial] validates that NodeSelector is respected if matching  [Conformance]" classname="Kubernetes e2e suite" time="90.431603555"></testcase>
      <testcase name="[sig-instrumentation] Cluster level logging implemented by Stackdriver should ingest logs [Feature:StackdriverLogging]" classname="Kubernetes e2e suite" time="0">
          <skipped></skipped>
      </testcase>
      <testcase name="[sig-network] Services should prevent NodePort collisions" classname="Kubernetes e2e suite" time="0">
          <skipped></skipped>
      </testcase>
      <testcase name="[sig-network] DNS should provide DNS for services  [Conformance]" classname="Kubernetes e2e suite" time="128.75002498"></testcase>
      <testcase name="[sig-scalability] Density [Feature:ManualPerformance] should allow starting 30 pods per node using {extensions Deployment} with 2 secrets, 0 configmaps and 0 daemons" classname="Kubernetes e2e suite" time="0">
          <skipped></skipped>
      </testcase>
      <testcase name="[sig-network] Networking Granular Checks: Services [Slow] should update nodePort: http [Slow]" classname="Kubernetes e2e suite" time="0">
          <skipped></skipped>
      </testcase>
      <testcase name="[sig-storage] HostPath should give a volume the correct mode [Conformance]" classname="Kubernetes e2e suite" time="6.249008894"></testcase>
      <testcase name="[sig-network] ESIPP [Slow] [DisabledForLargeClusters] should work for type=NodePort" classname="Kubernetes e2e suite" time="0">
          <skipped></skipped>
      </testcase>
      <testcase name="[sig-network] Networking Granular Checks: Services [Slow] should function for pod-Service: udp" classname="Kubernetes e2e suite" time="0">
          <skipped></skipped>
      </testcase>
      <testcase name="[k8s.io] [Feature:Example] [k8s.io] Cassandra should create and scale cassandra" classname="Kubernetes e2e suite" time="0">
          <skipped></skipped>
      </testcase>
      <testcase name="[sig-api-machinery] AdmissionWebhook Should be able to deny custom resource creation" classname="Kubernetes e2e suite" time="0">
          <skipped></skipped>
      </testcase>
      <testcase name="[k8s.io] [sig-node] Mount propagation [Feature:MountPropagation] should propagate mounts to the host" classname="Kubernetes e2e suite" time="0">
          <skipped></skipped>
      </testcase>
      <testcase name="[k8s.io] Sysctls should not launch unsafe, but not explicitly enabled sysctls on the node" classname="Kubernetes e2e suite" time="0">
          <skipped></skipped>
      </testcase>
      <testcase name="[sig-apps] DisruptionController evictions: enough pods, absolute =&gt; should allow an eviction" classname="Kubernetes e2e suite" time="0">
          <skipped></skipped>
      </testcase>
      <testcase name="[sig-storage] Projected should be consumable from pods in volume as non-root with FSGroup [Feature:FSGroup]" classname="Kubernetes e2e suite" time="0">
          <skipped></skipped>
      </testcase>
      <testcase name="[sig-cli] Kubectl client [k8s.io] Kubectl taint [Serial] should remove all the taints with the same key off a node" classname="Kubernetes e2e suite" time="0">
          <skipped></skipped>
      </testcase>
      <testcase name="[sig-multicluster] Multi-AZ Clusters should spread the pods of a replication controller across zones" classname="Kubernetes e2e suite" time="0">
          <skipped></skipped>
      </testcase>
      <testcase name="[sig-storage] vcp-performance [Feature:vsphere] vcp performance tests" classname="Kubernetes e2e suite" time="0">
          <skipped></skipped>
      </testcase>
      <testcase name="[sig-storage] vsphere statefulset vsphere statefulset testing" classname="Kubernetes e2e suite" time="0">
          <skipped></skipped>
      </testcase>
      <testcase name="[sig-storage] PersistentVolumes [Feature:ReclaimPolicy] [sig-storage] persistentvolumereclaim:vsphere should delete persistent volume when reclaimPolicy set to delete and associated claim is deleted" classname="Kubernetes e2e suite" time="0">
          <skipped></skipped>
      </testcase>
      <testcase name="[sig-scalability] Load capacity [Feature:ManualPerformance] should be able to handle 30 pods per node {extensions Deployment} with 0 secrets, 0 configmaps and 0 daemons" classname="Kubernetes e2e suite" time="0">
          <skipped></skipped>
      </testcase>
      <testcase name="[sig-storage] PersistentVolumes NFS with Single PV - PVC pairs create a PVC and a pre-bound PV: test write access" classname="Kubernetes e2e suite" time="0">
          <skipped></skipped>
      </testcase>
      <testcase name="[sig-autoscaling] [HPA] Horizontal pod autoscaling (scale resource: Custom Metrics from Stackdriver) should autoscale with Custom Metrics from Stackdriver [Feature:CustomMetricsAutoscaling]" classname="Kubernetes e2e suite" time="0">
          <skipped></skipped>
      </testcase>
      <testcase name="[sig-network] Services should be able to create a functioning NodePort service" classname="Kubernetes e2e suite" time="0">
          <skipped></skipped>
      </testcase>
      <testcase name="[sig-apps] Deployment deployment should support rollback" classname="Kubernetes e2e suite" time="0">
          <skipped></skipped>
      </testcase>
      <testcase name="[sig-scheduling] SchedulerPredicates [Serial] validates that taints-tolerations is respected if matching" classname="Kubernetes e2e suite" time="0">
          <skipped></skipped>
      </testcase>
      <testcase name="[sig-autoscaling] Cluster size autoscaling [Slow] should increase cluster size if pending pods are small and there is another node pool that is not autoscaled [Feature:ClusterSizeAutoscalingScaleUp]" classname="Kubernetes e2e suite" time="0">
          <skipped></skipped>
      </testcase>
      <testcase name="[sig-apps] Network Partition [Disruptive] [Slow] [k8s.io] [ReplicationController] should recreate pods scheduled on the unreachable node AND allow scheduling of pods on a node after it rejoins the cluster" classname="Kubernetes e2e suite" time="0">
          <skipped></skipped>
      </testcase>
      <testcase name="[sig-storage] Downward API volume should provide podname as non-root with fsgroup [Feature:FSGroup]" classname="Kubernetes e2e suite" time="0">
          <skipped></skipped>
      </testcase>
      <testcase name="[sig-apps] Deployment iterative rollouts should eventually progress" classname="Kubernetes e2e suite" time="0">
          <skipped></skipped>
      </testcase>
      <testcase name="[sig-cli] Kubectl Port forwarding [k8s.io] With a server listening on 0.0.0.0 [k8s.io] that expects a client request should support a client that connects, sends NO DATA, and disconnects" classname="Kubernetes e2e suite" time="0">
          <skipped></skipped>
      </testcase>
      <testcase name="[sig-apps] CronJob should schedule multiple jobs concurrently" classname="Kubernetes e2e suite" time="0">
          <skipped></skipped>
      </testcase>
      <testcase name="[sig-cli] Kubectl Port forwarding [k8s.io] With a server listening on 0.0.0.0 [k8s.io] that expects a client request should support a client that connects, sends DATA, and disconnects" classname="Kubernetes e2e suite" time="0">
          <skipped></skipped>
      </testcase>
  </testsuite>